{"total": {"lines":{"total":5679,"covered":3973,"skipped":0,"pct":69.95},"statements":{"total":5801,"covered":4055,"skipped":0,"pct":69.9},"functions":{"total":499,"covered":399,"skipped":0,"pct":79.95},"branches":{"total":4225,"covered":2479,"skipped":0,"pct":58.67},"branchesTrue":{"total":0,"covered":0,"skipped":0,"pct":100}}
,"Z:\\code\\palm-cafe\\palm-cafe-api\\lib\\metrics.js": {"lines":{"total":8,"covered":8,"skipped":0,"pct":100},"functions":{"total":4,"covered":4,"skipped":0,"pct":100},"statements":{"total":8,"covered":8,"skipped":0,"pct":100},"branches":{"total":0,"covered":0,"skipped":0,"pct":100}}
,"Z:\\code\\palm-cafe\\palm-cafe-api\\middleware\\accountLockout.js": {"lines":{"total":31,"covered":21,"skipped":0,"pct":67.74},"functions":{"total":5,"covered":4,"skipped":0,"pct":80},"statements":{"total":31,"covered":21,"skipped":0,"pct":67.74},"branches":{"total":32,"covered":21,"skipped":0,"pct":65.62}}
,"Z:\\code\\palm-cafe\\palm-cafe-api\\middleware\\auth.js": {"lines":{"total":55,"covered":34,"skipped":0,"pct":61.81},"functions":{"total":6,"covered":4,"skipped":0,"pct":66.66},"statements":{"total":56,"covered":34,"skipped":0,"pct":60.71},"branches":{"total":38,"covered":14,"skipped":0,"pct":36.84}}
,"Z:\\code\\palm-cafe\\palm-cafe-api\\middleware\\cafeAuth.js": {"lines":{"total":47,"covered":17,"skipped":0,"pct":36.17},"functions":{"total":3,"covered":2,"skipped":0,"pct":66.66},"statements":{"total":47,"covered":17,"skipped":0,"pct":36.17},"branches":{"total":30,"covered":9,"skipped":0,"pct":30}}
,"Z:\\code\\palm-cafe\\palm-cafe-api\\middleware\\onboardingAuth.js": {"lines":{"total":26,"covered":26,"skipped":0,"pct":100},"functions":{"total":2,"covered":2,"skipped":0,"pct":100},"statements":{"total":26,"covered":26,"skipped":0,"pct":100},"branches":{"total":20,"covered":20,"skipped":0,"pct":100}}
,"Z:\\code\\palm-cafe\\palm-cafe-api\\middleware\\rateLimiter.js": {"lines":{"total":15,"covered":7,"skipped":0,"pct":46.66},"functions":{"total":4,"covered":0,"skipped":0,"pct":0},"statements":{"total":15,"covered":7,"skipped":0,"pct":46.66},"branches":{"total":4,"covered":2,"skipped":0,"pct":50}}
,"Z:\\code\\palm-cafe\\palm-cafe-api\\middleware\\requestDurationLogger.js": {"lines":{"total":19,"covered":19,"skipped":0,"pct":100},"functions":{"total":3,"covered":3,"skipped":0,"pct":100},"statements":{"total":22,"covered":22,"skipped":0,"pct":100},"branches":{"total":15,"covered":11,"skipped":0,"pct":73.33}}
,"Z:\\code\\palm-cafe\\palm-cafe-api\\middleware\\requestId.js": {"lines":{"total":6,"covered":6,"skipped":0,"pct":100},"functions":{"total":1,"covered":1,"skipped":0,"pct":100},"statements":{"total":6,"covered":6,"skipped":0,"pct":100},"branches":{"total":4,"covered":2,"skipped":0,"pct":50}}
,"Z:\\code\\palm-cafe\\palm-cafe-api\\middleware\\subscriptionAuth.js": {"lines":{"total":47,"covered":47,"skipped":0,"pct":100},"functions":{"total":5,"covered":5,"skipped":0,"pct":100},"statements":{"total":47,"covered":47,"skipped":0,"pct":100},"branches":{"total":24,"covered":23,"skipped":0,"pct":95.83}}
,"Z:\\code\\palm-cafe\\palm-cafe-api\\middleware\\validateAuth.js": {"lines":{"total":10,"covered":10,"skipped":0,"pct":100},"functions":{"total":1,"covered":1,"skipped":0,"pct":100},"statements":{"total":11,"covered":11,"skipped":0,"pct":100},"branches":{"total":4,"covered":4,"skipped":0,"pct":100}}
,"Z:\\code\\palm-cafe\\palm-cafe-api\\middleware\\validateInput.js": {"lines":{"total":17,"covered":17,"skipped":0,"pct":100},"functions":{"total":4,"covered":4,"skipped":0,"pct":100},"statements":{"total":23,"covered":23,"skipped":0,"pct":100},"branches":{"total":25,"covered":25,"skipped":0,"pct":100}}
,"Z:\\code\\palm-cafe\\palm-cafe-api\\models\\cafe.js": {"lines":{"total":166,"covered":107,"skipped":0,"pct":64.45},"functions":{"total":12,"covered":11,"skipped":0,"pct":91.66},"statements":{"total":167,"covered":108,"skipped":0,"pct":64.67},"branches":{"total":107,"covered":67,"skipped":0,"pct":62.61}}
,"Z:\\code\\palm-cafe\\palm-cafe-api\\models\\cafeDailyMetrics.js": {"lines":{"total":76,"covered":73,"skipped":0,"pct":96.05},"functions":{"total":11,"covered":11,"skipped":0,"pct":100},"statements":{"total":77,"covered":74,"skipped":0,"pct":96.1},"branches":{"total":61,"covered":39,"skipped":0,"pct":63.93}}
,"Z:\\code\\palm-cafe\\palm-cafe-api\\models\\cafeMetrics.js": {"lines":{"total":47,"covered":40,"skipped":0,"pct":85.1},"functions":{"total":5,"covered":5,"skipped":0,"pct":100},"statements":{"total":47,"covered":40,"skipped":0,"pct":85.1},"branches":{"total":17,"covered":13,"skipped":0,"pct":76.47}}
,"Z:\\code\\palm-cafe\\palm-cafe-api\\models\\cafeSettings.js": {"lines":{"total":189,"covered":173,"skipped":0,"pct":91.53},"functions":{"total":15,"covered":15,"skipped":0,"pct":100},"statements":{"total":192,"covered":176,"skipped":0,"pct":91.66},"branches":{"total":142,"covered":97,"skipped":0,"pct":68.3}}
,"Z:\\code\\palm-cafe\\palm-cafe-api\\models\\category.js": {"lines":{"total":152,"covered":125,"skipped":0,"pct":82.23},"functions":{"total":15,"covered":15,"skipped":0,"pct":100},"statements":{"total":155,"covered":128,"skipped":0,"pct":82.58},"branches":{"total":116,"covered":64,"skipped":0,"pct":55.17}}
,"Z:\\code\\palm-cafe\\palm-cafe-api\\models\\currencySettings.js": {"lines":{"total":36,"covered":20,"skipped":0,"pct":55.55},"functions":{"total":4,"covered":3,"skipped":0,"pct":75},"statements":{"total":36,"covered":20,"skipped":0,"pct":55.55},"branches":{"total":11,"covered":3,"skipped":0,"pct":27.27}}
,"Z:\\code\\palm-cafe\\palm-cafe-api\\models\\customer.js": {"lines":{"total":135,"covered":135,"skipped":0,"pct":100},"functions":{"total":13,"covered":13,"skipped":0,"pct":100},"statements":{"total":137,"covered":137,"skipped":0,"pct":100},"branches":{"total":143,"covered":131,"skipped":0,"pct":91.6}}
,"Z:\\code\\palm-cafe\\palm-cafe-api\\models\\feature.js": {"lines":{"total":64,"covered":51,"skipped":0,"pct":79.68},"functions":{"total":10,"covered":10,"skipped":0,"pct":100},"statements":{"total":65,"covered":52,"skipped":0,"pct":80},"branches":{"total":38,"covered":30,"skipped":0,"pct":78.94}}
,"Z:\\code\\palm-cafe\\palm-cafe-api\\models\\inventory.js": {"lines":{"total":134,"covered":121,"skipped":0,"pct":90.29},"functions":{"total":18,"covered":18,"skipped":0,"pct":100},"statements":{"total":143,"covered":127,"skipped":0,"pct":88.81},"branches":{"total":169,"covered":110,"skipped":0,"pct":65.08}}
,"Z:\\code\\palm-cafe\\palm-cafe-api\\models\\invoice.js": {"lines":{"total":281,"covered":253,"skipped":0,"pct":90.03},"functions":{"total":15,"covered":14,"skipped":0,"pct":93.33},"statements":{"total":286,"covered":258,"skipped":0,"pct":90.2},"branches":{"total":191,"covered":147,"skipped":0,"pct":76.96}}
,"Z:\\code\\palm-cafe\\palm-cafe-api\\models\\menuItem.js": {"lines":{"total":162,"covered":126,"skipped":0,"pct":77.77},"functions":{"total":18,"covered":15,"skipped":0,"pct":83.33},"statements":{"total":168,"covered":131,"skipped":0,"pct":77.97},"branches":{"total":117,"covered":70,"skipped":0,"pct":59.82}}
,"Z:\\code\\palm-cafe\\palm-cafe-api\\models\\order.js": {"lines":{"total":226,"covered":214,"skipped":0,"pct":94.69},"functions":{"total":34,"covered":28,"skipped":0,"pct":82.35},"statements":{"total":242,"covered":226,"skipped":0,"pct":93.38},"branches":{"total":292,"covered":235,"skipped":0,"pct":80.47}}
,"Z:\\code\\palm-cafe\\palm-cafe-api\\models\\paymentMethod.js": {"lines":{"total":155,"covered":146,"skipped":0,"pct":94.19},"functions":{"total":11,"covered":11,"skipped":0,"pct":100},"statements":{"total":156,"covered":147,"skipped":0,"pct":94.23},"branches":{"total":93,"covered":73,"skipped":0,"pct":78.49}}
,"Z:\\code\\palm-cafe\\palm-cafe-api\\models\\promoBanner.js": {"lines":{"total":28,"covered":28,"skipped":0,"pct":100},"functions":{"total":8,"covered":8,"skipped":0,"pct":100},"statements":{"total":32,"covered":32,"skipped":0,"pct":100},"branches":{"total":36,"covered":26,"skipped":0,"pct":72.22}}
,"Z:\\code\\palm-cafe\\palm-cafe-api\\models\\taxSettings.js": {"lines":{"total":54,"covered":44,"skipped":0,"pct":81.48},"functions":{"total":6,"covered":5,"skipped":0,"pct":83.33},"statements":{"total":57,"covered":45,"skipped":0,"pct":78.94},"branches":{"total":26,"covered":12,"skipped":0,"pct":46.15}}
,"Z:\\code\\palm-cafe\\palm-cafe-api\\models\\user.js": {"lines":{"total":64,"covered":52,"skipped":0,"pct":81.25},"functions":{"total":8,"covered":8,"skipped":0,"pct":100},"statements":{"total":64,"covered":52,"skipped":0,"pct":81.25},"branches":{"total":33,"covered":24,"skipped":0,"pct":72.72}}
,"Z:\\code\\palm-cafe\\palm-cafe-api\\routes\\auth.js": {"lines":{"total":98,"covered":77,"skipped":0,"pct":78.57},"functions":{"total":10,"covered":8,"skipped":0,"pct":80},"statements":{"total":98,"covered":77,"skipped":0,"pct":78.57},"branches":{"total":24,"covered":18,"skipped":0,"pct":75}}
,"Z:\\code\\palm-cafe\\palm-cafe-api\\routes\\cafe.js": {"lines":{"total":153,"covered":142,"skipped":0,"pct":92.81},"functions":{"total":15,"covered":15,"skipped":0,"pct":100},"statements":{"total":156,"covered":145,"skipped":0,"pct":92.94},"branches":{"total":108,"covered":87,"skipped":0,"pct":80.55}}
,"Z:\\code\\palm-cafe\\palm-cafe-api\\routes\\customers.js": {"lines":{"total":194,"covered":190,"skipped":0,"pct":97.93},"functions":{"total":12,"covered":12,"skipped":0,"pct":100},"statements":{"total":195,"covered":191,"skipped":0,"pct":97.94},"branches":{"total":139,"covered":113,"skipped":0,"pct":81.29}}
,"Z:\\code\\palm-cafe\\palm-cafe-api\\routes\\health.js": {"lines":{"total":27,"covered":13,"skipped":0,"pct":48.14},"functions":{"total":3,"covered":2,"skipped":0,"pct":66.66},"statements":{"total":28,"covered":14,"skipped":0,"pct":50},"branches":{"total":26,"covered":6,"skipped":0,"pct":23.07}}
,"Z:\\code\\palm-cafe\\palm-cafe-api\\routes\\helpers.js": {"lines":{"total":59,"covered":49,"skipped":0,"pct":83.05},"functions":{"total":9,"covered":9,"skipped":0,"pct":100},"statements":{"total":65,"covered":53,"skipped":0,"pct":81.53},"branches":{"total":91,"covered":69,"skipped":0,"pct":75.82}}
,"Z:\\code\\palm-cafe\\palm-cafe-api\\routes\\index.js": {"lines":{"total":11,"covered":11,"skipped":0,"pct":100},"functions":{"total":1,"covered":1,"skipped":0,"pct":100},"statements":{"total":11,"covered":11,"skipped":0,"pct":100},"branches":{"total":0,"covered":0,"skipped":0,"pct":100}}
,"Z:\\code\\palm-cafe\\palm-cafe-api\\routes\\inventory.js": {"lines":{"total":229,"covered":174,"skipped":0,"pct":75.98},"functions":{"total":19,"covered":14,"skipped":0,"pct":73.68},"statements":{"total":229,"covered":174,"skipped":0,"pct":75.98},"branches":{"total":152,"covered":103,"skipped":0,"pct":67.76}}
,"Z:\\code\\palm-cafe\\palm-cafe-api\\routes\\menu.js": {"lines":{"total":1260,"covered":683,"skipped":0,"pct":54.2},"functions":{"total":72,"covered":51,"skipped":0,"pct":70.83},"statements":{"total":1283,"covered":691,"skipped":0,"pct":53.85},"branches":{"total":1008,"covered":481,"skipped":0,"pct":47.71}}
,"Z:\\code\\palm-cafe\\palm-cafe-api\\routes\\metrics.js": {"lines":{"total":6,"covered":6,"skipped":0,"pct":100},"functions":{"total":2,"covered":2,"skipped":0,"pct":100},"statements":{"total":6,"covered":6,"skipped":0,"pct":100},"branches":{"total":2,"covered":1,"skipped":0,"pct":50}}
,"Z:\\code\\palm-cafe\\palm-cafe-api\\routes\\orders.js": {"lines":{"total":157,"covered":114,"skipped":0,"pct":72.61},"functions":{"total":11,"covered":11,"skipped":0,"pct":100},"statements":{"total":160,"covered":117,"skipped":0,"pct":73.12},"branches":{"total":130,"covered":80,"skipped":0,"pct":61.53}}
,"Z:\\code\\palm-cafe\\palm-cafe-api\\routes\\paymentMethods.js": {"lines":{"total":142,"covered":138,"skipped":0,"pct":97.18},"functions":{"total":8,"covered":8,"skipped":0,"pct":100},"statements":{"total":142,"covered":138,"skipped":0,"pct":97.18},"branches":{"total":88,"covered":78,"skipped":0,"pct":88.63}}
,"Z:\\code\\palm-cafe\\palm-cafe-api\\routes\\responseHelpers.js": {"lines":{"total":13,"covered":13,"skipped":0,"pct":100},"functions":{"total":3,"covered":3,"skipped":0,"pct":100},"statements":{"total":17,"covered":17,"skipped":0,"pct":100},"branches":{"total":12,"covered":12,"skipped":0,"pct":100}}
,"Z:\\code\\palm-cafe\\palm-cafe-api\\routes\\superadmin.js": {"lines":{"total":739,"covered":151,"skipped":0,"pct":20.43},"functions":{"total":64,"covered":15,"skipped":0,"pct":23.43},"statements":{"total":748,"covered":152,"skipped":0,"pct":20.32},"branches":{"total":453,"covered":33,"skipped":0,"pct":7.28}}
,"Z:\\code\\palm-cafe\\palm-cafe-api\\services\\auditService.js": {"lines":{"total":39,"covered":39,"skipped":0,"pct":100},"functions":{"total":4,"covered":4,"skipped":0,"pct":100},"statements":{"total":39,"covered":39,"skipped":0,"pct":100},"branches":{"total":21,"covered":19,"skipped":0,"pct":90.47}}
,"Z:\\code\\palm-cafe\\palm-cafe-api\\services\\featureService.js": {"lines":{"total":57,"covered":57,"skipped":0,"pct":100},"functions":{"total":7,"covered":7,"skipped":0,"pct":100},"statements":{"total":57,"covered":57,"skipped":0,"pct":100},"branches":{"total":26,"covered":19,"skipped":0,"pct":73.07}}
,"Z:\\code\\palm-cafe\\palm-cafe-api\\services\\impersonationService.js": {"lines":{"total":31,"covered":31,"skipped":0,"pct":100},"functions":{"total":2,"covered":2,"skipped":0,"pct":100},"statements":{"total":31,"covered":31,"skipped":0,"pct":100},"branches":{"total":17,"covered":16,"skipped":0,"pct":94.11}}
,"Z:\\code\\palm-cafe\\palm-cafe-api\\services\\pdfService.js": {"lines":{"total":149,"covered":112,"skipped":0,"pct":75.16},"functions":{"total":7,"covered":7,"skipped":0,"pct":100},"statements":{"total":155,"covered":114,"skipped":0,"pct":73.54},"branches":{"total":95,"covered":46,"skipped":0,"pct":48.42}}
,"Z:\\code\\palm-cafe\\palm-cafe-api\\services\\subscriptionService.js": {"lines":{"total":65,"covered":53,"skipped":0,"pct":81.53},"functions":{"total":9,"covered":8,"skipped":0,"pct":88.88},"statements":{"total":65,"covered":53,"skipped":0,"pct":81.53},"branches":{"total":45,"covered":26,"skipped":0,"pct":57.77}}
}
