{"total": {"lines":{"total":5621,"covered":2579,"skipped":0,"pct":45.88},"statements":{"total":5745,"covered":2635,"skipped":0,"pct":45.86},"functions":{"total":493,"covered":289,"skipped":0,"pct":58.62},"branches":{"total":4153,"covered":1441,"skipped":0,"pct":34.69},"branchesTrue":{"total":0,"covered":0,"skipped":0,"pct":100}}
,"Z:\\code\\palm-cafe\\palm-cafe-api\\lib\\metrics.js": {"lines":{"total":8,"covered":8,"skipped":0,"pct":100},"functions":{"total":4,"covered":4,"skipped":0,"pct":100},"statements":{"total":8,"covered":8,"skipped":0,"pct":100},"branches":{"total":0,"covered":0,"skipped":0,"pct":100}}
,"Z:\\code\\palm-cafe\\palm-cafe-api\\middleware\\auth.js": {"lines":{"total":53,"covered":33,"skipped":0,"pct":62.26},"functions":{"total":6,"covered":4,"skipped":0,"pct":66.66},"statements":{"total":54,"covered":33,"skipped":0,"pct":61.11},"branches":{"total":34,"covered":12,"skipped":0,"pct":35.29}}
,"Z:\\code\\palm-cafe\\palm-cafe-api\\middleware\\cafeAuth.js": {"lines":{"total":47,"covered":17,"skipped":0,"pct":36.17},"functions":{"total":3,"covered":2,"skipped":0,"pct":66.66},"statements":{"total":47,"covered":17,"skipped":0,"pct":36.17},"branches":{"total":30,"covered":9,"skipped":0,"pct":30}}
,"Z:\\code\\palm-cafe\\palm-cafe-api\\middleware\\onboardingAuth.js": {"lines":{"total":25,"covered":4,"skipped":0,"pct":16},"functions":{"total":2,"covered":0,"skipped":0,"pct":0},"statements":{"total":25,"covered":4,"skipped":0,"pct":16},"branches":{"total":20,"covered":0,"skipped":0,"pct":0}}
,"Z:\\code\\palm-cafe\\palm-cafe-api\\middleware\\rateLimiter.js": {"lines":{"total":15,"covered":7,"skipped":0,"pct":46.66},"functions":{"total":4,"covered":0,"skipped":0,"pct":0},"statements":{"total":15,"covered":7,"skipped":0,"pct":46.66},"branches":{"total":4,"covered":2,"skipped":0,"pct":50}}
,"Z:\\code\\palm-cafe\\palm-cafe-api\\middleware\\requestDurationLogger.js": {"lines":{"total":19,"covered":19,"skipped":0,"pct":100},"functions":{"total":3,"covered":3,"skipped":0,"pct":100},"statements":{"total":22,"covered":22,"skipped":0,"pct":100},"branches":{"total":15,"covered":11,"skipped":0,"pct":73.33}}
,"Z:\\code\\palm-cafe\\palm-cafe-api\\middleware\\requestId.js": {"lines":{"total":6,"covered":6,"skipped":0,"pct":100},"functions":{"total":1,"covered":1,"skipped":0,"pct":100},"statements":{"total":6,"covered":6,"skipped":0,"pct":100},"branches":{"total":4,"covered":2,"skipped":0,"pct":50}}
,"Z:\\code\\palm-cafe\\palm-cafe-api\\middleware\\subscriptionAuth.js": {"lines":{"total":46,"covered":46,"skipped":0,"pct":100},"functions":{"total":5,"covered":5,"skipped":0,"pct":100},"statements":{"total":46,"covered":46,"skipped":0,"pct":100},"branches":{"total":24,"covered":23,"skipped":0,"pct":95.83}}
,"Z:\\code\\palm-cafe\\palm-cafe-api\\middleware\\validateAuth.js": {"lines":{"total":10,"covered":10,"skipped":0,"pct":100},"functions":{"total":1,"covered":1,"skipped":0,"pct":100},"statements":{"total":11,"covered":11,"skipped":0,"pct":100},"branches":{"total":4,"covered":4,"skipped":0,"pct":100}}
,"Z:\\code\\palm-cafe\\palm-cafe-api\\middleware\\validateInput.js": {"lines":{"total":17,"covered":17,"skipped":0,"pct":100},"functions":{"total":4,"covered":4,"skipped":0,"pct":100},"statements":{"total":23,"covered":23,"skipped":0,"pct":100},"branches":{"total":25,"covered":25,"skipped":0,"pct":100}}
,"Z:\\code\\palm-cafe\\palm-cafe-api\\models\\cafe.js": {"lines":{"total":166,"covered":108,"skipped":0,"pct":65.06},"functions":{"total":12,"covered":11,"skipped":0,"pct":91.66},"statements":{"total":167,"covered":109,"skipped":0,"pct":65.26},"branches":{"total":107,"covered":68,"skipped":0,"pct":63.55}}
,"Z:\\code\\palm-cafe\\palm-cafe-api\\models\\cafeDailyMetrics.js": {"lines":{"total":76,"covered":10,"skipped":0,"pct":13.15},"functions":{"total":11,"covered":2,"skipped":0,"pct":18.18},"statements":{"total":77,"covered":10,"skipped":0,"pct":12.98},"branches":{"total":61,"covered":4,"skipped":0,"pct":6.55}}
,"Z:\\code\\palm-cafe\\palm-cafe-api\\models\\cafeMetrics.js": {"lines":{"total":47,"covered":40,"skipped":0,"pct":85.1},"functions":{"total":5,"covered":5,"skipped":0,"pct":100},"statements":{"total":47,"covered":40,"skipped":0,"pct":85.1},"branches":{"total":17,"covered":9,"skipped":0,"pct":52.94}}
,"Z:\\code\\palm-cafe\\palm-cafe-api\\models\\cafeSettings.js": {"lines":{"total":189,"covered":34,"skipped":0,"pct":17.98},"functions":{"total":15,"covered":5,"skipped":0,"pct":33.33},"statements":{"total":192,"covered":35,"skipped":0,"pct":18.22},"branches":{"total":142,"covered":22,"skipped":0,"pct":15.49}}
,"Z:\\code\\palm-cafe\\palm-cafe-api\\models\\category.js": {"lines":{"total":152,"covered":125,"skipped":0,"pct":82.23},"functions":{"total":15,"covered":15,"skipped":0,"pct":100},"statements":{"total":155,"covered":128,"skipped":0,"pct":82.58},"branches":{"total":116,"covered":64,"skipped":0,"pct":55.17}}
,"Z:\\code\\palm-cafe\\palm-cafe-api\\models\\currencySettings.js": {"lines":{"total":35,"covered":19,"skipped":0,"pct":54.28},"functions":{"total":4,"covered":3,"skipped":0,"pct":75},"statements":{"total":35,"covered":19,"skipped":0,"pct":54.28},"branches":{"total":11,"covered":3,"skipped":0,"pct":27.27}}
,"Z:\\code\\palm-cafe\\palm-cafe-api\\models\\customer.js": {"lines":{"total":134,"covered":60,"skipped":0,"pct":44.77},"functions":{"total":13,"covered":5,"skipped":0,"pct":38.46},"statements":{"total":136,"covered":61,"skipped":0,"pct":44.85},"branches":{"total":139,"covered":58,"skipped":0,"pct":41.72}}
,"Z:\\code\\palm-cafe\\palm-cafe-api\\models\\feature.js": {"lines":{"total":64,"covered":51,"skipped":0,"pct":79.68},"functions":{"total":10,"covered":10,"skipped":0,"pct":100},"statements":{"total":65,"covered":52,"skipped":0,"pct":80},"branches":{"total":38,"covered":30,"skipped":0,"pct":78.94}}
,"Z:\\code\\palm-cafe\\palm-cafe-api\\models\\inventory.js": {"lines":{"total":134,"covered":77,"skipped":0,"pct":57.46},"functions":{"total":18,"covered":14,"skipped":0,"pct":77.77},"statements":{"total":143,"covered":80,"skipped":0,"pct":55.94},"branches":{"total":169,"covered":86,"skipped":0,"pct":50.88}}
,"Z:\\code\\palm-cafe\\palm-cafe-api\\models\\invoice.js": {"lines":{"total":280,"covered":252,"skipped":0,"pct":90},"functions":{"total":15,"covered":14,"skipped":0,"pct":93.33},"statements":{"total":285,"covered":257,"skipped":0,"pct":90.17},"branches":{"total":187,"covered":145,"skipped":0,"pct":77.54}}
,"Z:\\code\\palm-cafe\\palm-cafe-api\\models\\menuItem.js": {"lines":{"total":162,"covered":126,"skipped":0,"pct":77.77},"functions":{"total":18,"covered":15,"skipped":0,"pct":83.33},"statements":{"total":168,"covered":131,"skipped":0,"pct":77.97},"branches":{"total":117,"covered":70,"skipped":0,"pct":59.82}}
,"Z:\\code\\palm-cafe\\palm-cafe-api\\models\\order.js": {"lines":{"total":227,"covered":110,"skipped":0,"pct":48.45},"functions":{"total":34,"covered":11,"skipped":0,"pct":32.35},"statements":{"total":244,"covered":114,"skipped":0,"pct":46.72},"branches":{"total":288,"covered":118,"skipped":0,"pct":40.97}}
,"Z:\\code\\palm-cafe\\palm-cafe-api\\models\\paymentMethod.js": {"lines":{"total":154,"covered":24,"skipped":0,"pct":15.58},"functions":{"total":11,"covered":2,"skipped":0,"pct":18.18},"statements":{"total":155,"covered":24,"skipped":0,"pct":15.48},"branches":{"total":93,"covered":6,"skipped":0,"pct":6.45}}
,"Z:\\code\\palm-cafe\\palm-cafe-api\\models\\promoBanner.js": {"lines":{"total":28,"covered":28,"skipped":0,"pct":100},"functions":{"total":8,"covered":8,"skipped":0,"pct":100},"statements":{"total":32,"covered":32,"skipped":0,"pct":100},"branches":{"total":36,"covered":26,"skipped":0,"pct":72.22}}
,"Z:\\code\\palm-cafe\\palm-cafe-api\\models\\taxSettings.js": {"lines":{"total":54,"covered":44,"skipped":0,"pct":81.48},"functions":{"total":6,"covered":5,"skipped":0,"pct":83.33},"statements":{"total":57,"covered":45,"skipped":0,"pct":78.94},"branches":{"total":26,"covered":12,"skipped":0,"pct":46.15}}
,"Z:\\code\\palm-cafe\\palm-cafe-api\\models\\user.js": {"lines":{"total":64,"covered":52,"skipped":0,"pct":81.25},"functions":{"total":8,"covered":8,"skipped":0,"pct":100},"statements":{"total":64,"covered":52,"skipped":0,"pct":81.25},"branches":{"total":33,"covered":24,"skipped":0,"pct":72.72}}
,"Z:\\code\\palm-cafe\\palm-cafe-api\\routes\\auth.js": {"lines":{"total":94,"covered":42,"skipped":0,"pct":44.68},"functions":{"total":10,"covered":4,"skipped":0,"pct":40},"statements":{"total":94,"covered":42,"skipped":0,"pct":44.68},"branches":{"total":24,"covered":8,"skipped":0,"pct":33.33}}
,"Z:\\code\\palm-cafe\\palm-cafe-api\\routes\\cafe.js": {"lines":{"total":153,"covered":31,"skipped":0,"pct":20.26},"functions":{"total":15,"covered":3,"skipped":0,"pct":20},"statements":{"total":156,"covered":31,"skipped":0,"pct":19.87},"branches":{"total":108,"covered":3,"skipped":0,"pct":2.77}}
,"Z:\\code\\palm-cafe\\palm-cafe-api\\routes\\customers.js": {"lines":{"total":194,"covered":64,"skipped":0,"pct":32.98},"functions":{"total":12,"covered":5,"skipped":0,"pct":41.66},"statements":{"total":195,"covered":64,"skipped":0,"pct":32.82},"branches":{"total":139,"covered":27,"skipped":0,"pct":19.42}}
,"Z:\\code\\palm-cafe\\palm-cafe-api\\routes\\health.js": {"lines":{"total":19,"covered":13,"skipped":0,"pct":68.42},"functions":{"total":2,"covered":2,"skipped":0,"pct":100},"statements":{"total":21,"covered":14,"skipped":0,"pct":66.66},"branches":{"total":14,"covered":6,"skipped":0,"pct":42.85}}
,"Z:\\code\\palm-cafe\\palm-cafe-api\\routes\\helpers.js": {"lines":{"total":59,"covered":49,"skipped":0,"pct":83.05},"functions":{"total":9,"covered":9,"skipped":0,"pct":100},"statements":{"total":65,"covered":53,"skipped":0,"pct":81.53},"branches":{"total":91,"covered":69,"skipped":0,"pct":75.82}}
,"Z:\\code\\palm-cafe\\palm-cafe-api\\routes\\index.js": {"lines":{"total":11,"covered":11,"skipped":0,"pct":100},"functions":{"total":1,"covered":1,"skipped":0,"pct":100},"statements":{"total":11,"covered":11,"skipped":0,"pct":100},"branches":{"total":0,"covered":0,"skipped":0,"pct":100}}
,"Z:\\code\\palm-cafe\\palm-cafe-api\\routes\\inventory.js": {"lines":{"total":229,"covered":126,"skipped":0,"pct":55.02},"functions":{"total":19,"covered":14,"skipped":0,"pct":73.68},"statements":{"total":229,"covered":126,"skipped":0,"pct":55.02},"branches":{"total":152,"covered":81,"skipped":0,"pct":53.28}}
,"Z:\\code\\palm-cafe\\palm-cafe-api\\routes\\menu.js": {"lines":{"total":1260,"covered":356,"skipped":0,"pct":28.25},"functions":{"total":72,"covered":36,"skipped":0,"pct":50},"statements":{"total":1283,"covered":360,"skipped":0,"pct":28.05},"branches":{"total":1008,"covered":193,"skipped":0,"pct":19.14}}
,"Z:\\code\\palm-cafe\\palm-cafe-api\\routes\\metrics.js": {"lines":{"total":6,"covered":6,"skipped":0,"pct":100},"functions":{"total":2,"covered":2,"skipped":0,"pct":100},"statements":{"total":6,"covered":6,"skipped":0,"pct":100},"branches":{"total":2,"covered":1,"skipped":0,"pct":50}}
,"Z:\\code\\palm-cafe\\palm-cafe-api\\routes\\orders.js": {"lines":{"total":157,"covered":116,"skipped":0,"pct":73.88},"functions":{"total":11,"covered":11,"skipped":0,"pct":100},"statements":{"total":160,"covered":119,"skipped":0,"pct":74.37},"branches":{"total":130,"covered":80,"skipped":0,"pct":61.53}}
,"Z:\\code\\palm-cafe\\palm-cafe-api\\routes\\paymentMethods.js": {"lines":{"total":142,"covered":38,"skipped":0,"pct":26.76},"functions":{"total":8,"covered":4,"skipped":0,"pct":50},"statements":{"total":142,"covered":38,"skipped":0,"pct":26.76},"branches":{"total":88,"covered":11,"skipped":0,"pct":12.5}}
,"Z:\\code\\palm-cafe\\palm-cafe-api\\routes\\responseHelpers.js": {"lines":{"total":13,"covered":9,"skipped":0,"pct":69.23},"functions":{"total":3,"covered":2,"skipped":0,"pct":66.66},"statements":{"total":17,"covered":11,"skipped":0,"pct":64.7},"branches":{"total":12,"covered":3,"skipped":0,"pct":25}}
,"Z:\\code\\palm-cafe\\palm-cafe-api\\routes\\superadmin.js": {"lines":{"total":739,"covered":154,"skipped":0,"pct":20.83},"functions":{"total":64,"covered":15,"skipped":0,"pct":23.43},"statements":{"total":748,"covered":155,"skipped":0,"pct":20.72},"branches":{"total":453,"covered":34,"skipped":0,"pct":7.5}}
,"Z:\\code\\palm-cafe\\palm-cafe-api\\services\\auditService.js": {"lines":{"total":35,"covered":14,"skipped":0,"pct":40},"functions":{"total":4,"covered":2,"skipped":0,"pct":50},"statements":{"total":35,"covered":14,"skipped":0,"pct":40},"branches":{"total":13,"covered":1,"skipped":0,"pct":7.69}}
,"Z:\\code\\palm-cafe\\palm-cafe-api\\services\\featureService.js": {"lines":{"total":56,"covered":56,"skipped":0,"pct":100},"functions":{"total":7,"covered":7,"skipped":0,"pct":100},"statements":{"total":56,"covered":56,"skipped":0,"pct":100},"branches":{"total":26,"covered":19,"skipped":0,"pct":73.07}}
,"Z:\\code\\palm-cafe\\palm-cafe-api\\services\\impersonationService.js": {"lines":{"total":29,"covered":3,"skipped":0,"pct":10.34},"functions":{"total":2,"covered":0,"skipped":0,"pct":0},"statements":{"total":29,"covered":3,"skipped":0,"pct":10.34},"branches":{"total":13,"covered":0,"skipped":0,"pct":0}}
,"Z:\\code\\palm-cafe\\palm-cafe-api\\services\\pdfService.js": {"lines":{"total":149,"covered":112,"skipped":0,"pct":75.16},"functions":{"total":7,"covered":7,"skipped":0,"pct":100},"statements":{"total":155,"covered":114,"skipped":0,"pct":73.54},"branches":{"total":95,"covered":46,"skipped":0,"pct":48.42}}
,"Z:\\code\\palm-cafe\\palm-cafe-api\\services\\subscriptionService.js": {"lines":{"total":64,"covered":52,"skipped":0,"pct":81.25},"functions":{"total":9,"covered":8,"skipped":0,"pct":88.88},"statements":{"total":64,"covered":52,"skipped":0,"pct":81.25},"branches":{"total":45,"covered":26,"skipped":0,"pct":57.77}}
}
