TN:
SF:lib\metrics.js
FN:7,incrementRequestCount
FN:11,incrementErrorCount
FN:15,getCounts
FN:19,resetCounts
FNF:4
FNH:4
FNDA:285,incrementRequestCount
FNDA:170,incrementErrorCount
FNDA:8,getCounts
FNDA:5,resetCounts
DA:4,18
DA:5,18
DA:8,285
DA:12,170
DA:16,8
DA:20,5
DA:21,5
DA:24,18
LF:8
LH:8
BRF:0
BRH:0
end_of_record
TN:
SF:middleware\auth.js
FN:7,(anonymous_0)
FN:9,(anonymous_1)
FN:99,(anonymous_2)
FN:101,(anonymous_3)
FN:112,(anonymous_4)
FN:114,(anonymous_5)
FNF:6
FNH:4
FNDA:0,(anonymous_0)
FNDA:203,(anonymous_1)
FNDA:8,(anonymous_2)
FNDA:8,(anonymous_3)
FNDA:1,(anonymous_4)
FNDA:0,(anonymous_5)
DA:1,17
DA:2,17
DA:3,17
DA:4,17
DA:6,17
DA:7,17
DA:9,17
DA:10,203
DA:11,203
DA:13,203
DA:14,78
DA:18,125
DA:23,119
DA:25,119
DA:26,0
DA:30,119
DA:32,0
DA:33,0
DA:39,0
DA:40,0
DA:42,0
DA:43,0
DA:49,0
DA:52,0
DA:53,0
DA:54,0
DA:55,0
DA:57,0
DA:68,119
DA:69,119
DA:74,119
DA:77,6
DA:78,6
DA:80,6
DA:81,1
DA:86,5
DA:87,5
DA:92,0
DA:99,17
DA:100,8
DA:101,8
DA:102,8
DA:103,0
DA:105,8
DA:108,0
DA:112,17
DA:113,1
DA:114,1
DA:115,0
DA:116,0
DA:118,0
DA:121,0
DA:125,17
LF:53
LH:33
BRDA:7,0,0,17
BRDA:7,0,1,0
BRDA:7,1,0,17
BRDA:7,1,1,17
BRDA:7,2,0,0
BRDA:7,2,1,0
BRDA:13,3,0,78
BRDA:13,3,1,125
BRDA:25,4,0,0
BRDA:25,4,1,119
BRDA:30,5,0,0
BRDA:30,5,1,119
BRDA:30,6,0,119
BRDA:30,6,1,0
BRDA:32,7,0,0
BRDA:32,7,1,0
BRDA:42,8,0,0
BRDA:42,8,1,0
BRDA:42,9,0,0
BRDA:42,9,1,0
BRDA:55,10,0,0
BRDA:55,10,1,0
BRDA:62,11,0,0
BRDA:62,11,1,0
BRDA:80,12,0,1
BRDA:80,12,1,5
BRDA:86,13,0,5
BRDA:86,13,1,0
BRDA:102,14,0,0
BRDA:102,14,1,8
BRDA:115,15,0,0
BRDA:115,15,1,0
BRDA:115,16,0,0
BRDA:115,16,1,0
BRF:34
BRH:12
end_of_record
TN:
SF:middleware\cafeAuth.js
FN:8,(anonymous_0)
FN:62,(anonymous_1)
FN:95,(anonymous_2)
FNF:3
FNH:2
FNDA:0,(anonymous_0)
FNDA:2,(anonymous_1)
FNDA:22,(anonymous_2)
DA:1,17
DA:2,17
DA:8,17
DA:9,0
DA:10,0
DA:12,0
DA:13,0
DA:17,0
DA:19,0
DA:20,0
DA:24,0
DA:25,0
DA:28,0
DA:30,0
DA:31,0
DA:32,0
DA:36,0
DA:40,0
DA:41,0
DA:45,0
DA:46,0
DA:52,0
DA:54,0
DA:55,0
DA:62,17
DA:63,2
DA:64,2
DA:65,0
DA:69,2
DA:70,0
DA:74,2
DA:75,0
DA:79,2
DA:80,0
DA:85,2
DA:87,0
DA:88,0
DA:95,17
DA:96,22
DA:97,22
DA:98,0
DA:101,22
DA:102,10
DA:107,12
DA:109,0
DA:110,0
DA:114,17
LF:47
LH:17
BRDA:12,0,0,0
BRDA:12,0,1,0
BRDA:19,1,0,0
BRDA:19,1,1,0
BRDA:28,2,0,0
BRDA:28,2,1,0
BRDA:30,3,0,0
BRDA:30,3,1,0
BRDA:30,4,0,0
BRDA:30,4,1,0
BRDA:31,5,0,0
BRDA:31,5,1,0
BRDA:40,6,0,0
BRDA:40,6,1,0
BRDA:45,7,0,0
BRDA:45,7,1,0
BRDA:64,8,0,0
BRDA:64,8,1,2
BRDA:69,9,0,0
BRDA:69,9,1,2
BRDA:69,10,0,2
BRDA:69,10,1,2
BRDA:74,11,0,0
BRDA:74,11,1,2
BRDA:79,12,0,0
BRDA:79,12,1,2
BRDA:97,13,0,0
BRDA:97,13,1,22
BRDA:101,14,0,10
BRDA:101,14,1,12
BRF:30
BRH:9
end_of_record
TN:
SF:middleware\onboardingAuth.js
FN:8,(anonymous_0)
FN:59,(anonymous_1)
FNF:2
FNH:2
FNDA:9,(anonymous_0)
FNDA:1,(anonymous_1)
DA:1,18
DA:8,18
DA:9,9
DA:11,9
DA:12,1
DA:16,8
DA:18,8
DA:19,5
DA:20,3
DA:21,1
DA:22,2
DA:23,1
DA:26,8
DA:28,1
DA:32,7
DA:34,6
DA:35,1
DA:39,5
DA:40,1
DA:48,4
DA:50,1
DA:51,1
DA:59,18
DA:61,1
DA:64,18
LF:25
LH:25
BRDA:11,0,0,1
BRDA:11,0,1,8
BRDA:11,1,0,9
BRDA:11,1,1,9
BRDA:18,2,0,5
BRDA:18,2,1,3
BRDA:18,3,0,8
BRDA:18,3,1,8
BRDA:20,4,0,1
BRDA:20,4,1,2
BRDA:22,5,0,1
BRDA:22,5,1,1
BRDA:22,6,0,2
BRDA:22,6,1,1
BRDA:26,7,0,1
BRDA:26,7,1,7
BRDA:34,8,0,1
BRDA:34,8,1,5
BRDA:39,9,0,1
BRDA:39,9,1,4
BRF:20
BRH:20
end_of_record
TN:
SF:middleware\rateLimiter.js
FN:14,(anonymous_0)
FN:33,(anonymous_1)
FN:52,(anonymous_2)
FN:71,(anonymous_3)
FNF:4
FNH:0
FNDA:0,(anonymous_0)
FNDA:0,(anonymous_1)
FNDA:0,(anonymous_2)
FNDA:0,(anonymous_3)
DA:1,18
DA:2,18
DA:5,18
DA:15,0
DA:16,0
DA:24,18
DA:34,0
DA:35,0
DA:43,18
DA:53,0
DA:54,0
DA:62,18
DA:72,0
DA:73,0
DA:80,18
LF:15
LH:7
BRDA:7,0,0,0
BRDA:7,0,1,18
BRDA:26,1,0,0
BRDA:26,1,1,18
BRF:4
BRH:2
end_of_record
TN:
SF:middleware\requestDurationLogger.js
FN:10,(anonymous_0)
FN:12,requestDurationLogger
FN:16,(anonymous_2)
FNF:3
FNH:3
FNDA:281,(anonymous_0)
FNDA:281,requestDurationLogger
FNDA:281,(anonymous_2)
DA:6,17
DA:7,17
DA:9,17
DA:10,281
DA:13,281
DA:14,281
DA:16,281
DA:17,281
DA:18,281
DA:19,281
DA:20,281
DA:21,281
DA:23,281
DA:24,281
DA:26,281
DA:27,281
DA:29,167
DA:38,281
DA:41,17
LF:19
LH:19
BRDA:10,0,0,281
BRDA:10,0,1,0
BRDA:10,1,0,0
BRDA:10,1,1,0
BRDA:19,2,0,281
BRDA:19,2,1,0
BRDA:21,3,0,277
BRDA:21,3,1,4
BRDA:24,4,0,167
BRDA:24,4,1,114
BRDA:26,5,0,281
BRDA:26,5,1,281
BRDA:26,5,2,114
BRDA:27,6,0,114
BRDA:27,6,1,167
BRF:15
BRH:11
end_of_record
TN:
SF:middleware\requestId.js
FN:7,requestIdMiddleware
FNF:1
FNH:1
FNDA:281,requestIdMiddleware
DA:1,17
DA:8,281
DA:9,281
DA:10,281
DA:11,281
DA:14,17
LF:6
LH:6
BRDA:9,0,0,0
BRDA:9,0,1,281
BRDA:9,1,0,281
BRDA:9,1,1,0
BRF:4
BRH:2
end_of_record
TN:
SF:middleware\subscriptionAuth.js
FN:16,(anonymous_0)
FN:61,(anonymous_1)
FN:62,(anonymous_2)
FN:112,(anonymous_3)
FN:121,(anonymous_4)
FNF:5
FNH:5
FNDA:31,(anonymous_0)
FNDA:380,(anonymous_1)
FNDA:41,(anonymous_2)
FNDA:1,(anonymous_3)
FNDA:3,(anonymous_4)
DA:1,18
DA:2,18
DA:3,18
DA:16,18
DA:17,31
DA:18,31
DA:20,31
DA:21,1
DA:27,30
DA:29,29
DA:30,1
DA:36,28
DA:37,1
DA:45,27
DA:46,27
DA:48,1
DA:49,1
DA:61,18
DA:62,380
DA:63,41
DA:64,41
DA:66,41
DA:67,1
DA:74,40
DA:75,1
DA:78,39
DA:80,38
DA:81,1
DA:82,1
DA:84,1
DA:93,37
DA:94,37
DA:96,1
DA:97,1
DA:112,18
DA:114,1
DA:121,18
DA:122,3
DA:123,3
DA:125,3
DA:126,2
DA:127,1
DA:130,2
DA:133,1
DA:134,1
DA:138,18
LF:46
LH:46
BRDA:18,0,0,31
BRDA:18,0,1,30
BRDA:20,1,0,1
BRDA:20,1,1,30
BRDA:29,2,0,1
BRDA:29,2,1,28
BRDA:36,3,0,1
BRDA:36,3,1,27
BRDA:64,4,0,41
BRDA:64,4,1,41
BRDA:66,5,0,1
BRDA:66,5,1,40
BRDA:74,6,0,1
BRDA:74,6,1,39
BRDA:74,7,0,40
BRDA:74,7,1,40
BRDA:80,8,0,1
BRDA:80,8,1,37
BRDA:82,9,0,1
BRDA:82,9,1,0
BRDA:123,10,0,3
BRDA:123,10,1,3
BRDA:125,11,0,2
BRDA:125,11,1,1
BRF:24
BRH:23
end_of_record
TN:
SF:middleware\validateAuth.js
FN:14,handleValidationErrors
FNF:1
FNH:1
FNDA:34,handleValidationErrors
DA:1,18
DA:3,18
DA:9,18
DA:15,34
DA:16,34
DA:17,11
DA:18,11
DA:19,10
DA:21,1
DA:24,18
LF:10
LH:10
BRDA:16,0,0,23
BRDA:16,0,1,11
BRDA:18,1,0,10
BRDA:18,1,1,1
BRF:4
BRH:4
end_of_record
TN:
SF:middleware\validateInput.js
FN:11,isMalformedString
FN:22,sanitizeString
FN:34,parsePositiveId
FN:49,validateRequiredString
FNF:4
FNH:4
FNDA:30,isMalformedString
FNDA:12,sanitizeString
FNDA:12,parsePositiveId
FNDA:14,validateRequiredString
DA:12,30
DA:13,23
DA:14,23
DA:23,12
DA:24,9
DA:25,9
DA:26,7
DA:35,12
DA:36,10
DA:37,10
DA:38,8
DA:39,8
DA:40,4
DA:50,14
DA:51,6
DA:53,8
DA:56,19
LF:17
LH:17
BRDA:12,0,0,7
BRDA:12,0,1,23
BRDA:14,1,0,23
BRDA:14,1,1,20
BRDA:14,1,2,17
BRDA:23,2,0,3
BRDA:23,2,1,9
BRDA:25,3,0,2
BRDA:25,3,1,7
BRDA:25,4,0,9
BRDA:25,4,1,8
BRDA:25,4,2,7
BRDA:35,5,0,2
BRDA:35,5,1,10
BRDA:37,6,0,2
BRDA:37,6,1,8
BRDA:37,7,0,10
BRDA:37,7,1,9
BRDA:37,7,2,8
BRDA:39,8,0,4
BRDA:39,8,1,4
BRDA:39,9,0,8
BRDA:39,9,1,6
BRDA:50,10,0,6
BRDA:50,10,1,8
BRF:25
BRH:25
end_of_record
TN:
SF:models\cafe.js
FN:15,(anonymous_0)
FN:32,(anonymous_1)
FN:76,(anonymous_2)
FN:92,(anonymous_3)
FN:140,(anonymous_4)
FN:196,(anonymous_5)
FN:203,(anonymous_6)
FN:215,(anonymous_7)
FN:229,(anonymous_8)
FN:244,(anonymous_9)
FN:363,(anonymous_10)
FN:383,(anonymous_11)
FNF:12
FNH:11
FNDA:138,(anonymous_0)
FNDA:6,(anonymous_1)
FNDA:38,(anonymous_2)
FNDA:115,(anonymous_3)
FNDA:29,(anonymous_4)
FNDA:1,(anonymous_5)
FNDA:1,(anonymous_6)
FNDA:2,(anonymous_7)
FNDA:1,(anonymous_8)
FNDA:1,(anonymous_9)
FNDA:0,(anonymous_10)
FNDA:3,(anonymous_11)
DA:1,26
DA:4,26
DA:5,26
DA:16,138
DA:17,138
DA:24,136
DA:26,2
DA:33,6
DA:35,6
DA:36,2
DA:40,4
DA:41,1
DA:44,3
DA:46,3
DA:49,3
DA:50,3
DA:52,3
DA:53,3
DA:69,3
DA:70,1
DA:71,1
DA:74,3
DA:76,38
DA:80,2
DA:82,1
DA:83,1
DA:85,0
DA:93,115
DA:94,115
DA:99,115
DA:100,1
DA:103,114
DA:105,114
DA:106,2
DA:107,2
DA:109,1
DA:114,114
DA:115,114
DA:116,111
DA:117,0
DA:118,0
DA:120,0
DA:124,111
DA:127,3
DA:128,3
DA:131,114
DA:133,0
DA:141,29
DA:142,29
DA:143,29
DA:144,9
DA:147,20
DA:148,20
DA:153,20
DA:154,3
DA:155,3
DA:158,17
DA:160,17
DA:161,0
DA:162,0
DA:164,0
DA:169,17
DA:170,17
DA:171,16
DA:172,0
DA:173,0
DA:175,0
DA:179,16
DA:182,1
DA:183,1
DA:186,17
DA:187,17
DA:189,0
DA:197,1
DA:198,1
DA:203,1
DA:208,0
DA:216,2
DA:217,2
DA:220,2
DA:222,0
DA:230,1
DA:231,1
DA:235,1
DA:237,0
DA:245,1
DA:247,1
DA:248,1
DA:249,1
DA:251,1
DA:252,0
DA:253,0
DA:255,0
DA:256,0
DA:259,1
DA:260,0
DA:261,0
DA:264,1
DA:265,0
DA:266,0
DA:269,1
DA:270,0
DA:271,0
DA:274,1
DA:275,0
DA:276,0
DA:279,1
DA:280,0
DA:281,0
DA:284,1
DA:285,0
DA:286,0
DA:289,1
DA:290,0
DA:291,0
DA:294,1
DA:295,0
DA:296,0
DA:299,1
DA:300,1
DA:301,1
DA:304,1
DA:305,1
DA:306,1
DA:309,1
DA:310,0
DA:311,0
DA:315,1
DA:317,1
DA:318,0
DA:319,0
DA:321,0
DA:322,0
DA:325,1
DA:326,0
DA:327,0
DA:329,0
DA:330,0
DA:333,1
DA:334,0
DA:337,1
DA:338,1
DA:340,1
DA:345,1
DA:346,0
DA:349,1
DA:351,1
DA:353,0
DA:354,0
DA:356,0
DA:364,0
DA:365,0
DA:370,0
DA:371,0
DA:374,0
DA:376,0
DA:384,3
DA:385,3
DA:386,3
DA:388,3
DA:389,0
DA:390,0
DA:393,3
DA:394,3
DA:396,0
DA:401,26
LF:166
LH:107
BRDA:35,0,0,2
BRDA:35,0,1,4
BRDA:35,1,0,6
BRDA:35,1,1,5
BRDA:40,2,0,1
BRDA:40,2,1,3
BRDA:49,3,0,0
BRDA:49,3,1,3
BRDA:50,4,0,0
BRDA:50,4,1,3
BRDA:56,5,0,3
BRDA:56,5,1,3
BRDA:57,6,0,3
BRDA:57,6,1,3
BRDA:58,7,0,3
BRDA:58,7,1,3
BRDA:59,8,0,3
BRDA:59,8,1,3
BRDA:60,9,0,3
BRDA:60,9,1,3
BRDA:61,10,0,3
BRDA:61,10,1,3
BRDA:63,11,0,3
BRDA:63,11,1,3
BRDA:64,12,0,3
BRDA:64,12,1,3
BRDA:65,13,0,0
BRDA:65,13,1,3
BRDA:69,14,0,1
BRDA:69,14,1,2
BRDA:82,15,0,1
BRDA:82,15,1,0
BRDA:99,16,0,1
BRDA:99,16,1,114
BRDA:105,17,0,2
BRDA:105,17,1,112
BRDA:115,18,0,111
BRDA:115,18,1,3
BRDA:116,19,0,0
BRDA:116,19,1,111
BRDA:141,20,0,29
BRDA:141,20,1,0
BRDA:143,21,0,9
BRDA:143,21,1,20
BRDA:143,22,0,29
BRDA:143,22,1,9
BRDA:153,23,0,3
BRDA:153,23,1,17
BRDA:160,24,0,0
BRDA:160,24,1,17
BRDA:170,25,0,16
BRDA:170,25,1,1
BRDA:171,26,0,0
BRDA:171,26,1,16
BRDA:205,27,0,1
BRDA:205,27,1,0
BRDA:220,28,0,1
BRDA:220,28,1,1
BRDA:251,29,0,0
BRDA:251,29,1,1
BRDA:252,30,0,0
BRDA:252,30,1,0
BRDA:259,31,0,0
BRDA:259,31,1,1
BRDA:264,32,0,0
BRDA:264,32,1,1
BRDA:269,33,0,0
BRDA:269,33,1,1
BRDA:274,34,0,0
BRDA:274,34,1,1
BRDA:279,35,0,0
BRDA:279,35,1,1
BRDA:284,36,0,0
BRDA:284,36,1,1
BRDA:289,37,0,0
BRDA:289,37,1,1
BRDA:294,38,0,0
BRDA:294,38,1,1
BRDA:299,39,0,1
BRDA:299,39,1,0
BRDA:304,40,0,1
BRDA:304,40,1,0
BRDA:309,41,0,0
BRDA:309,41,1,1
BRDA:311,42,0,0
BRDA:311,42,1,0
BRDA:317,43,0,0
BRDA:317,43,1,1
BRDA:318,44,0,0
BRDA:318,44,1,0
BRDA:325,45,0,0
BRDA:325,45,1,1
BRDA:326,46,0,0
BRDA:326,46,1,0
BRDA:330,47,0,0
BRDA:330,47,1,0
BRDA:333,48,0,0
BRDA:333,48,1,1
BRDA:345,49,0,0
BRDA:345,49,1,1
BRDA:353,50,0,0
BRDA:353,50,1,0
BRDA:370,51,0,0
BRDA:370,51,1,0
BRDA:383,52,0,3
BRDA:388,53,0,0
BRDA:388,53,1,3
BRF:107
BRH:67
end_of_record
TN:
SF:models\cafeDailyMetrics.js
FN:15,(anonymous_0)
FN:59,(anonymous_1)
FN:85,(anonymous_2)
FN:120,(anonymous_3)
FN:155,(anonymous_4)
FN:179,(anonymous_5)
FN:188,(anonymous_6)
FN:208,(anonymous_7)
FN:238,(anonymous_8)
FN:260,(anonymous_9)
FN:292,(anonymous_10)
FNF:11
FNH:11
FNDA:12,(anonymous_0)
FNDA:3,(anonymous_1)
FNDA:3,(anonymous_2)
FNDA:2,(anonymous_3)
FNDA:2,(anonymous_4)
FNDA:2,(anonymous_5)
FNDA:1,(anonymous_6)
FNDA:2,(anonymous_7)
FNDA:2,(anonymous_8)
FNDA:2,(anonymous_9)
FNDA:3,(anonymous_10)
DA:1,20
DA:2,20
DA:16,12
DA:18,12
DA:23,10
DA:24,8
DA:28,2
DA:35,2
DA:47,2
DA:48,2
DA:60,3
DA:61,3
DA:63,3
DA:73,1
DA:86,3
DA:87,3
DA:92,3
DA:93,1
DA:96,2
DA:98,2
DA:108,0
DA:121,2
DA:122,2
DA:124,2
DA:126,1
DA:135,1
DA:144,0
DA:156,2
DA:157,2
DA:159,2
DA:167,0
DA:180,2
DA:181,2
DA:188,1
DA:198,1
DA:199,1
DA:209,2
DA:210,2
DA:221,1
DA:228,1
DA:229,1
DA:239,2
DA:240,2
DA:241,2
DA:243,1
DA:250,1
DA:251,1
DA:261,2
DA:262,2
DA:263,2
DA:264,2
DA:265,2
DA:266,2
DA:268,2
DA:277,1
DA:282,1
DA:283,1
DA:293,3
DA:295,3
DA:303,3
DA:304,1
DA:305,1
DA:309,2
DA:320,1
DA:323,1
DA:331,1
DA:332,1
DA:334,1
DA:335,1
DA:344,1
DA:345,1
DA:349,1
DA:372,1
DA:374,1
DA:375,1
DA:380,20
LF:76
LH:73
BRDA:23,0,0,8
BRDA:23,0,1,2
BRDA:59,1,0,0
BRDA:59,2,0,0
BRDA:67,3,0,1
BRDA:67,3,1,2
BRDA:68,4,0,1
BRDA:68,4,1,2
BRDA:70,5,0,1
BRDA:70,5,1,2
BRDA:85,6,0,0
BRDA:85,7,0,0
BRDA:92,8,0,1
BRDA:92,8,1,2
BRDA:102,9,0,1
BRDA:102,9,1,1
BRDA:103,10,0,1
BRDA:103,10,1,1
BRDA:105,11,0,1
BRDA:105,11,1,1
BRDA:124,12,0,1
BRDA:124,12,1,1
BRDA:155,13,0,0
BRDA:162,14,0,1
BRDA:162,14,1,1
BRDA:191,15,0,1
BRDA:191,15,1,0
BRDA:193,16,0,1
BRDA:193,16,1,0
BRDA:222,17,0,1
BRDA:222,17,1,0
BRDA:223,18,0,1
BRDA:223,18,1,0
BRDA:224,19,0,1
BRDA:224,19,1,0
BRDA:225,20,0,1
BRDA:225,20,1,0
BRDA:245,21,0,1
BRDA:245,21,1,0
BRDA:247,22,0,1
BRDA:247,22,1,0
BRDA:278,23,0,1
BRDA:278,23,1,0
BRDA:279,24,0,1
BRDA:279,24,1,0
BRDA:303,25,0,1
BRDA:303,25,1,2
BRDA:334,26,0,1
BRDA:334,26,1,0
BRDA:344,27,0,1
BRDA:344,27,1,0
BRDA:345,28,0,1
BRDA:345,28,1,0
BRDA:363,29,0,1
BRDA:363,29,1,0
BRDA:364,30,0,1
BRDA:364,30,1,0
BRDA:365,31,0,1
BRDA:365,31,1,0
BRDA:366,32,0,1
BRDA:366,32,1,0
BRF:61
BRH:39
end_of_record
TN:
SF:models\cafeMetrics.js
FN:11,(anonymous_0)
FN:69,(anonymous_1)
FN:115,(anonymous_2)
FN:173,(anonymous_3)
FN:190,(anonymous_4)
FNF:5
FNH:5
FNDA:18,(anonymous_0)
FNDA:2,(anonymous_1)
FNDA:2,(anonymous_2)
FNDA:1,(anonymous_3)
FNDA:17,(anonymous_4)
DA:1,17
DA:12,18
DA:14,18
DA:22,18
DA:30,18
DA:38,18
DA:40,18
DA:48,18
DA:50,18
DA:54,18
DA:58,18
DA:66,18
DA:70,2
DA:71,2
DA:76,18
DA:80,18
DA:84,18
DA:88,18
DA:92,18
DA:101,18
DA:109,18
DA:116,2
DA:117,2
DA:122,18
DA:126,18
DA:130,18
DA:135,18
DA:142,18
DA:146,18
DA:151,18
DA:158,0
DA:159,0
DA:160,0
DA:161,0
DA:164,18
DA:166,0
DA:174,1
DA:176,1
DA:183,1
DA:184,0
DA:187,1
DA:189,1
DA:191,17
DA:192,17
DA:199,1
DA:201,0
DA:206,17
LF:47
LH:40
BRDA:38,0,0,18
BRDA:38,0,1,18
BRDA:48,1,0,18
BRDA:48,1,1,0
BRDA:113,2,0,18
BRDA:113,2,1,0
BRDA:114,3,0,18
BRDA:114,3,1,0
BRDA:152,4,0,18
BRDA:152,4,1,16
BRDA:153,5,0,18
BRDA:153,5,1,16
BRDA:154,6,0,18
BRDA:154,6,1,16
BRDA:154,6,2,16
BRDA:183,7,0,0
BRDA:183,7,1,1
BRF:17
BRH:13
end_of_record
TN:
SF:models\cafeSettings.js
FN:6,(anonymous_0)
FN:16,(anonymous_1)
FN:20,(anonymous_2)
FN:81,(anonymous_3)
FN:150,(anonymous_4)
FN:163,(anonymous_5)
FN:198,(anonymous_6)
FN:217,(anonymous_7)
FN:306,(anonymous_8)
FN:360,(anonymous_9)
FN:367,(anonymous_10)
FN:417,(anonymous_11)
FN:443,(anonymous_12)
FN:468,(anonymous_13)
FN:493,(anonymous_14)
FNF:15
FNH:5
FNDA:7,(anonymous_0)
FNDA:58,(anonymous_1)
FNDA:58,(anonymous_2)
FNDA:7,(anonymous_3)
FNDA:0,(anonymous_4)
FNDA:0,(anonymous_5)
FNDA:0,(anonymous_6)
FNDA:0,(anonymous_7)
FNDA:0,(anonymous_8)
FNDA:0,(anonymous_9)
FNDA:0,(anonymous_10)
FNDA:1,(anonymous_11)
FNDA:0,(anonymous_12)
FNDA:0,(anonymous_13)
FNDA:0,(anonymous_14)
DA:1,18
DA:2,18
DA:7,7
DA:9,7
DA:16,58
DA:17,6
DA:20,6
DA:21,58
DA:24,6
DA:26,1
DA:30,5
DA:31,5
DA:34,5
DA:35,4
DA:36,4
DA:37,1
DA:43,1
DA:44,1
DA:47,1
DA:50,4
DA:58,4
DA:60,3
DA:63,1
DA:66,1
DA:67,0
DA:68,0
DA:69,0
DA:72,1
DA:75,1
DA:76,1
DA:82,7
DA:151,0
DA:152,0
DA:153,0
DA:156,0
DA:163,0
DA:166,0
DA:167,0
DA:168,0
DA:171,0
DA:177,0
DA:198,0
DA:199,0
DA:200,0
DA:201,0
DA:202,0
DA:203,0
DA:204,0
DA:205,0
DA:206,0
DA:207,0
DA:208,0
DA:209,0
DA:211,0
DA:217,0
DA:218,0
DA:219,0
DA:220,0
DA:222,0
DA:223,0
DA:224,0
DA:225,0
DA:226,0
DA:227,0
DA:228,0
DA:229,0
DA:230,0
DA:231,0
DA:232,0
DA:234,0
DA:251,0
DA:252,0
DA:253,0
DA:255,0
DA:261,0
DA:262,0
DA:263,0
DA:264,0
DA:265,0
DA:269,0
DA:270,0
DA:271,0
DA:273,0
DA:275,0
DA:280,0
DA:281,0
DA:282,0
DA:283,0
DA:285,0
DA:287,0
DA:289,0
DA:292,0
DA:293,0
DA:294,0
DA:295,0
DA:300,0
DA:302,0
DA:303,0
DA:306,0
DA:307,0
DA:308,0
DA:309,0
DA:314,0
DA:315,0
DA:318,0
DA:319,0
DA:321,0
DA:322,0
DA:323,0
DA:325,0
DA:328,0
DA:333,0
DA:334,0
DA:340,0
DA:344,0
DA:349,0
DA:353,0
DA:360,0
DA:362,0
DA:363,0
DA:364,0
DA:367,0
DA:368,0
DA:369,0
DA:370,0
DA:372,0
DA:373,0
DA:375,0
DA:381,0
DA:382,0
DA:383,0
DA:384,0
DA:387,0
DA:388,0
DA:389,0
DA:390,0
DA:394,0
DA:395,0
DA:399,0
DA:402,0
DA:405,0
DA:406,0
DA:408,0
DA:409,0
DA:410,0
DA:412,0
DA:418,1
DA:420,1
DA:427,1
DA:428,0
DA:429,0
DA:432,1
DA:435,1
DA:437,0
DA:438,0
DA:444,0
DA:445,0
DA:446,0
DA:447,0
DA:454,0
DA:455,0
DA:458,0
DA:459,0
DA:460,0
DA:462,0
DA:463,0
DA:469,0
DA:470,0
DA:471,0
DA:472,0
DA:479,0
DA:480,0
DA:483,0
DA:484,0
DA:485,0
DA:487,0
DA:488,0
DA:494,0
DA:495,0
DA:496,0
DA:497,0
DA:504,0
DA:505,0
DA:508,0
DA:509,0
DA:510,0
DA:512,0
DA:513,0
DA:518,18
LF:189
LH:34
BRDA:6,0,0,0
BRDA:21,1,0,58
BRDA:21,1,1,55
BRDA:21,1,2,50
BRDA:21,1,3,45
BRDA:24,2,0,1
BRDA:24,2,1,5
BRDA:34,3,0,4
BRDA:34,3,1,1
BRDA:34,4,0,5
BRDA:34,4,1,5
BRDA:37,5,0,1
BRDA:37,5,1,0
BRDA:37,6,0,1
BRDA:37,6,1,1
BRDA:43,7,0,1
BRDA:43,7,1,0
BRDA:58,8,0,3
BRDA:58,8,1,1
BRDA:66,9,0,0
BRDA:66,9,1,1
BRDA:66,10,0,1
BRDA:66,10,1,1
BRDA:66,10,2,1
BRDA:66,10,3,1
BRDA:199,11,0,0
BRDA:199,11,1,0
BRDA:202,12,0,0
BRDA:202,12,1,0
BRDA:204,13,0,0
BRDA:204,13,1,0
BRDA:204,14,0,0
BRDA:204,14,1,0
BRDA:206,15,0,0
BRDA:206,15,1,0
BRDA:208,16,0,0
BRDA:208,16,1,0
BRDA:209,17,0,0
BRDA:209,17,1,0
BRDA:211,18,0,0
BRDA:211,18,1,0
BRDA:218,19,0,0
BRDA:218,19,1,0
BRDA:222,20,0,0
BRDA:222,20,1,0
BRDA:222,21,0,0
BRDA:222,21,1,0
BRDA:223,22,0,0
BRDA:223,22,1,0
BRDA:224,23,0,0
BRDA:224,23,1,0
BRDA:224,24,0,0
BRDA:224,24,1,0
BRDA:224,24,2,0
BRDA:224,24,3,0
BRDA:226,25,0,0
BRDA:226,25,1,0
BRDA:227,26,0,0
BRDA:227,26,1,0
BRDA:228,27,0,0
BRDA:228,27,1,0
BRDA:229,28,0,0
BRDA:229,28,1,0
BRDA:230,29,0,0
BRDA:230,29,1,0
BRDA:231,30,0,0
BRDA:231,30,1,0
BRDA:232,31,0,0
BRDA:232,31,1,0
BRDA:251,32,0,0
BRDA:251,32,1,0
BRDA:252,33,0,0
BRDA:252,33,1,0
BRDA:253,34,0,0
BRDA:253,34,1,0
BRDA:255,35,0,0
BRDA:255,35,1,0
BRDA:261,36,0,0
BRDA:261,36,1,0
BRDA:261,37,0,0
BRDA:261,37,1,0
BRDA:273,38,0,0
BRDA:273,38,1,0
BRDA:273,39,0,0
BRDA:273,39,1,0
BRDA:280,40,0,0
BRDA:280,40,1,0
BRDA:287,41,0,0
BRDA:287,41,1,0
BRDA:292,42,0,0
BRDA:292,42,1,0
BRDA:300,43,0,0
BRDA:300,43,1,0
BRDA:300,44,0,0
BRDA:300,44,1,0
BRDA:307,45,0,0
BRDA:307,45,1,0
BRDA:307,46,0,0
BRDA:307,46,1,0
BRDA:307,46,2,0
BRDA:307,46,3,0
BRDA:314,47,0,0
BRDA:314,47,1,0
BRDA:318,48,0,0
BRDA:318,48,1,0
BRDA:321,49,0,0
BRDA:321,49,1,0
BRDA:322,50,0,0
BRDA:322,50,1,0
BRDA:325,51,0,0
BRDA:325,51,1,0
BRDA:333,52,0,0
BRDA:333,52,1,0
BRDA:333,53,0,0
BRDA:333,53,1,0
BRDA:368,54,0,0
BRDA:368,54,1,0
BRDA:372,55,0,0
BRDA:372,55,1,0
BRDA:372,56,0,0
BRDA:372,56,1,0
BRDA:381,57,0,0
BRDA:381,57,1,0
BRDA:384,58,0,0
BRDA:384,58,1,0
BRDA:387,59,0,0
BRDA:387,59,1,0
BRDA:394,60,0,0
BRDA:394,60,1,0
BRDA:405,61,0,0
BRDA:405,61,1,0
BRDA:427,62,0,0
BRDA:427,62,1,1
BRDA:443,63,0,0
BRDA:454,64,0,0
BRDA:454,64,1,0
BRDA:468,65,0,0
BRDA:479,66,0,0
BRDA:479,66,1,0
BRDA:493,67,0,0
BRDA:504,68,0,0
BRDA:504,68,1,0
BRF:142
BRH:22
end_of_record
TN:
SF:models\category.js
FN:5,(anonymous_0)
FN:36,(anonymous_1)
FN:46,(anonymous_2)
FN:67,(anonymous_3)
FN:111,(anonymous_4)
FN:158,(anonymous_5)
FN:203,(anonymous_6)
FN:252,(anonymous_7)
FN:263,(anonymous_8)
FN:322,(anonymous_9)
FN:377,(anonymous_10)
FN:378,(anonymous_11)
FN:384,(anonymous_12)
FN:407,(anonymous_13)
FN:455,(anonymous_14)
FNF:15
FNH:15
FNDA:5,(anonymous_0)
FNDA:18,(anonymous_1)
FNDA:3,(anonymous_2)
FNDA:5,(anonymous_3)
FNDA:3,(anonymous_4)
FNDA:3,(anonymous_5)
FNDA:1,(anonymous_6)
FNDA:6,(anonymous_7)
FNDA:1,(anonymous_8)
FNDA:41,(anonymous_9)
FNDA:5,(anonymous_10)
FNDA:5,(anonymous_11)
FNDA:5,(anonymous_12)
FNDA:1,(anonymous_13)
FNDA:5,(anonymous_14)
DA:1,18
DA:6,5
DA:8,5
DA:16,5
DA:18,5
DA:19,5
DA:21,5
DA:22,4
DA:23,4
DA:24,1
DA:26,1
DA:29,4
DA:36,18
DA:41,0
DA:47,3
DA:48,3
DA:53,3
DA:54,1
DA:57,2
DA:62,0
DA:68,5
DA:70,5
DA:78,5
DA:80,5
DA:82,5
DA:83,1
DA:88,4
DA:89,4
DA:90,4
DA:92,0
DA:93,0
DA:96,4
DA:98,2
DA:106,3
DA:112,3
DA:114,3
DA:122,3
DA:125,3
DA:126,3
DA:131,3
DA:132,1
DA:135,2
DA:136,1
DA:140,1
DA:142,1
DA:147,1
DA:148,0
DA:151,1
DA:153,2
DA:159,3
DA:161,3
DA:169,3
DA:172,3
DA:173,3
DA:178,3
DA:179,2
DA:182,1
DA:183,0
DA:187,1
DA:192,1
DA:193,1
DA:196,0
DA:198,3
DA:204,1
DA:206,1
DA:214,1
DA:222,1
DA:224,1
DA:225,1
DA:227,1
DA:229,1
DA:230,1
DA:231,1
DA:232,1
DA:233,0
DA:234,0
DA:237,1
DA:252,6
DA:258,0
DA:264,1
DA:265,1
DA:266,1
DA:269,1
DA:277,1
DA:285,1
DA:287,1
DA:288,1
DA:290,1
DA:291,1
DA:292,1
DA:293,0
DA:294,0
DA:298,1
DA:312,1
DA:313,1
DA:315,1
DA:316,1
DA:317,1
DA:320,1
DA:321,1
DA:322,1
DA:323,41
DA:326,1
DA:328,1
DA:329,5
DA:330,5
DA:332,5
DA:334,5
DA:335,0
DA:340,5
DA:346,0
DA:347,0
DA:348,0
DA:354,0
DA:355,0
DA:356,0
DA:358,0
DA:361,0
DA:363,0
DA:376,1
DA:377,5
DA:378,5
DA:380,1
DA:381,1
DA:384,5
DA:386,1
DA:388,1
DA:389,1
DA:390,1
DA:393,1
DA:396,1
DA:397,1
DA:399,0
DA:400,0
DA:402,1
DA:408,1
DA:410,1
DA:418,1
DA:426,1
DA:428,1
DA:429,1
DA:430,1
DA:432,1
DA:433,1
DA:434,1
DA:435,1
DA:436,0
DA:437,0
DA:440,1
DA:455,5
DA:461,0
DA:466,18
LF:152
LH:125
BRDA:5,0,0,0
BRDA:21,1,0,4
BRDA:21,1,1,1
BRDA:21,2,0,5
BRDA:21,2,1,5
BRDA:24,3,0,1
BRDA:24,3,1,0
BRDA:24,4,0,1
BRDA:24,4,1,1
BRDA:53,5,0,1
BRDA:53,5,1,2
BRDA:82,6,0,1
BRDA:82,6,1,4
BRDA:82,7,0,5
BRDA:82,7,1,5
BRDA:88,8,0,4
BRDA:88,8,1,0
BRDA:90,9,0,3
BRDA:90,9,1,1
BRDA:90,10,0,4
BRDA:90,10,1,4
BRDA:93,11,0,0
BRDA:93,11,1,0
BRDA:93,12,0,0
BRDA:93,12,1,0
BRDA:101,13,0,2
BRDA:101,13,1,0
BRDA:102,14,0,2
BRDA:102,14,1,2
BRDA:111,15,0,0
BRDA:125,16,0,3
BRDA:125,16,1,0
BRDA:125,17,0,3
BRDA:125,17,1,3
BRDA:131,18,0,1
BRDA:131,18,1,2
BRDA:135,19,0,1
BRDA:135,19,1,1
BRDA:144,20,0,0
BRDA:144,20,1,1
BRDA:144,21,0,1
BRDA:144,21,1,1
BRDA:147,22,0,0
BRDA:147,22,1,1
BRDA:158,23,0,0
BRDA:172,24,0,3
BRDA:172,24,1,0
BRDA:172,25,0,3
BRDA:172,25,1,3
BRDA:178,26,0,2
BRDA:178,26,1,1
BRDA:182,27,0,0
BRDA:182,27,1,1
BRDA:192,28,0,1
BRDA:192,28,1,0
BRDA:203,29,0,0
BRDA:222,30,0,1
BRDA:222,30,1,1
BRDA:229,31,0,1
BRDA:229,31,1,0
BRDA:229,32,0,1
BRDA:229,32,1,1
BRDA:233,33,0,0
BRDA:233,33,1,0
BRDA:233,34,0,0
BRDA:233,34,1,0
BRDA:263,35,0,0
BRDA:285,36,0,1
BRDA:285,36,1,1
BRDA:290,37,0,1
BRDA:290,37,1,0
BRDA:290,38,0,1
BRDA:290,38,1,1
BRDA:293,39,0,0
BRDA:293,39,1,0
BRDA:293,40,0,0
BRDA:293,40,1,0
BRDA:315,41,0,1
BRDA:315,41,1,0
BRDA:315,42,0,1
BRDA:315,42,1,1
BRDA:329,43,0,5
BRDA:329,43,1,0
BRDA:332,44,0,5
BRDA:332,44,1,0
BRDA:334,45,0,0
BRDA:334,45,1,5
BRDA:350,46,0,0
BRDA:350,46,1,0
BRDA:351,47,0,0
BRDA:351,47,1,0
BRDA:354,48,0,0
BRDA:354,48,1,0
BRDA:354,49,0,0
BRDA:354,49,1,0
BRDA:366,50,0,0
BRDA:366,50,1,0
BRDA:367,51,0,0
BRDA:367,51,1,0
BRDA:380,52,0,1
BRDA:380,52,1,0
BRDA:388,53,0,1
BRDA:388,53,1,0
BRDA:388,54,0,1
BRDA:388,54,1,1
BRDA:407,55,0,0
BRDA:426,56,0,1
BRDA:426,56,1,1
BRDA:432,57,0,1
BRDA:432,57,1,0
BRDA:432,58,0,1
BRDA:432,58,1,1
BRDA:436,59,0,0
BRDA:436,59,1,0
BRDA:436,60,0,0
BRDA:436,60,1,0
BRF:116
BRH:64
end_of_record
TN:
SF:models\currencySettings.js
FN:5,(anonymous_0)
FN:23,(anonymous_1)
FN:47,(anonymous_2)
FN:64,(anonymous_3)
FNF:4
FNH:3
FNDA:1,(anonymous_0)
FNDA:0,(anonymous_1)
FNDA:1,(anonymous_2)
FNDA:1,(anonymous_3)
DA:1,17
DA:6,1
DA:7,1
DA:8,1
DA:9,1
DA:10,0
DA:11,0
DA:13,1
DA:14,1
DA:15,1
DA:17,0
DA:18,0
DA:24,0
DA:25,0
DA:26,0
DA:27,0
DA:31,0
DA:34,0
DA:35,0
DA:39,0
DA:41,0
DA:42,0
DA:48,1
DA:49,1
DA:50,1
DA:51,1
DA:52,1
DA:53,1
DA:55,1
DA:56,1
DA:57,1
DA:59,0
DA:60,0
DA:65,1
DA:80,17
LF:35
LH:19
BRDA:5,0,0,0
BRDA:9,1,0,0
BRDA:9,1,1,1
BRDA:15,2,0,1
BRDA:15,2,1,0
BRDA:23,3,0,0
BRDA:25,4,0,0
BRDA:25,4,1,0
BRDA:47,5,0,0
BRDA:51,6,0,1
BRDA:51,6,1,0
BRF:11
BRH:3
end_of_record
TN:
SF:models\customer.js
FN:5,(anonymous_0)
FN:52,(anonymous_1)
FN:64,(anonymous_2)
FN:95,(anonymous_3)
FN:149,(anonymous_4)
FN:196,(anonymous_5)
FN:223,(anonymous_6)
FN:256,(anonymous_7)
FN:275,(anonymous_8)
FN:306,(anonymous_9)
FN:342,(anonymous_10)
FN:354,(anonymous_11)
FN:449,(anonymous_12)
FNF:13
FNH:13
FNDA:6,(anonymous_0)
FNDA:4,(anonymous_1)
FNDA:15,(anonymous_2)
FNDA:7,(anonymous_3)
FNDA:4,(anonymous_4)
FNDA:3,(anonymous_5)
FNDA:4,(anonymous_6)
FNDA:4,(anonymous_7)
FNDA:3,(anonymous_8)
FNDA:3,(anonymous_9)
FNDA:1,(anonymous_10)
FNDA:5,(anonymous_11)
FNDA:5,(anonymous_12)
DA:1,19
DA:6,6
DA:7,6
DA:8,6
DA:10,6
DA:18,6
DA:21,6
DA:22,6
DA:24,6
DA:25,5
DA:26,5
DA:27,1
DA:29,1
DA:32,5
DA:33,5
DA:34,3
DA:35,3
DA:36,3
DA:39,5
DA:52,4
DA:59,1
DA:65,15
DA:66,15
DA:67,15
DA:78,13
DA:79,3
DA:82,10
DA:83,10
DA:90,2
DA:96,7
DA:98,7
DA:106,7
DA:108,7
DA:109,7
DA:112,7
DA:113,6
DA:114,6
DA:115,1
DA:118,1
DA:121,6
DA:132,5
DA:133,3
DA:136,2
DA:137,2
DA:144,1
DA:150,4
DA:152,4
DA:160,4
DA:164,4
DA:168,4
DA:170,3
DA:171,1
DA:173,2
DA:177,2
DA:180,1
DA:184,1
DA:187,3
DA:189,2
DA:191,2
DA:197,3
DA:200,3
DA:202,3
DA:203,3
DA:212,2
DA:213,1
DA:216,1
DA:218,2
DA:224,4
DA:227,4
DA:228,1
DA:230,3
DA:233,4
DA:234,4
DA:245,3
DA:246,1
DA:249,2
DA:251,2
DA:257,4
DA:258,4
DA:259,4
DA:274,3
DA:275,3
DA:276,3
DA:277,2
DA:289,3
DA:290,2
DA:299,3
DA:301,1
DA:307,3
DA:309,3
DA:317,3
DA:319,3
DA:320,3
DA:321,3
DA:323,3
DA:324,2
DA:325,2
DA:326,1
DA:328,1
DA:331,2
DA:342,1
DA:349,1
DA:355,5
DA:357,5
DA:365,5
DA:368,5
DA:369,5
DA:371,5
DA:372,3
DA:373,3
DA:374,2
DA:376,1
DA:386,4
DA:391,3
DA:397,3
DA:402,3
DA:407,3
DA:412,3
DA:417,3
DA:433,3
DA:435,3
DA:444,1
DA:450,5
DA:451,5
DA:452,4
DA:453,1
DA:456,3
DA:457,1
DA:460,2
DA:461,2
DA:469,2
DA:470,1
DA:473,1
DA:475,4
DA:480,19
LF:135
LH:135
BRDA:5,0,0,0
BRDA:5,1,0,2
BRDA:7,2,0,3
BRDA:7,2,1,3
BRDA:7,3,0,6
BRDA:7,3,1,3
BRDA:8,4,0,3
BRDA:8,4,1,3
BRDA:8,5,0,6
BRDA:8,5,1,3
BRDA:24,6,0,5
BRDA:24,6,1,1
BRDA:24,7,0,6
BRDA:24,7,1,6
BRDA:27,8,0,1
BRDA:27,8,1,0
BRDA:27,9,0,1
BRDA:27,9,1,1
BRDA:33,10,0,3
BRDA:33,10,1,2
BRDA:34,11,0,3
BRDA:34,11,1,0
BRDA:35,12,0,3
BRDA:35,12,1,3
BRDA:54,13,0,4
BRDA:54,13,1,3
BRDA:55,14,0,4
BRDA:55,14,1,3
BRDA:56,15,0,4
BRDA:56,15,1,3
BRDA:64,16,0,2
BRDA:74,17,0,8
BRDA:74,17,1,7
BRDA:75,18,0,8
BRDA:75,18,1,7
BRDA:78,19,0,3
BRDA:78,19,1,10
BRDA:95,20,0,0
BRDA:112,21,0,6
BRDA:112,21,1,1
BRDA:112,22,0,7
BRDA:112,22,1,7
BRDA:115,23,0,1
BRDA:115,23,1,0
BRDA:115,24,0,1
BRDA:115,24,1,1
BRDA:132,25,0,3
BRDA:132,25,1,2
BRDA:139,26,0,2
BRDA:139,26,1,2
BRDA:140,27,0,2
BRDA:140,27,1,2
BRDA:141,28,0,2
BRDA:141,28,1,2
BRDA:168,29,0,3
BRDA:168,29,1,1
BRDA:170,30,0,1
BRDA:170,30,1,2
BRDA:189,31,0,2
BRDA:189,31,1,1
BRDA:196,32,0,2
BRDA:208,33,0,1
BRDA:208,33,1,2
BRDA:209,34,0,1
BRDA:209,34,1,2
BRDA:212,35,0,1
BRDA:212,35,1,1
BRDA:223,36,0,1
BRDA:223,37,0,2
BRDA:227,38,0,1
BRDA:227,38,1,3
BRDA:241,39,0,2
BRDA:241,39,1,2
BRDA:242,40,0,2
BRDA:242,40,1,2
BRDA:245,41,0,1
BRDA:245,41,1,2
BRDA:256,42,0,2
BRDA:268,43,0,2
BRDA:268,43,1,2
BRDA:270,44,0,2
BRDA:270,44,1,2
BRDA:276,45,0,2
BRDA:276,45,1,1
BRDA:289,46,0,2
BRDA:289,46,1,1
BRDA:306,47,0,0
BRDA:323,48,0,2
BRDA:323,48,1,1
BRDA:323,49,0,3
BRDA:323,49,1,3
BRDA:326,50,0,1
BRDA:326,50,1,0
BRDA:326,51,0,1
BRDA:326,51,1,1
BRDA:344,52,0,1
BRDA:344,52,1,1
BRDA:345,53,0,1
BRDA:345,53,1,1
BRDA:346,54,0,1
BRDA:346,54,1,1
BRDA:354,55,0,0
BRDA:371,56,0,3
BRDA:371,56,1,2
BRDA:371,57,0,5
BRDA:371,57,1,4
BRDA:374,58,0,1
BRDA:374,58,1,1
BRDA:374,59,0,2
BRDA:374,59,1,1
BRDA:391,60,0,2
BRDA:391,60,1,1
BRDA:391,61,0,3
BRDA:391,61,1,2
BRDA:393,62,0,0
BRDA:393,62,1,1
BRDA:393,63,0,1
BRDA:393,63,1,0
BRDA:417,64,0,2
BRDA:417,64,1,1
BRDA:417,65,0,3
BRDA:417,65,1,2
BRDA:423,66,0,0
BRDA:423,66,1,1
BRDA:423,67,0,1
BRDA:423,67,1,0
BRDA:438,68,0,3
BRDA:438,68,1,1
BRDA:439,69,0,3
BRDA:439,69,1,1
BRDA:440,70,0,3
BRDA:440,70,1,1
BRDA:449,71,0,4
BRDA:452,72,0,1
BRDA:452,72,1,3
BRDA:456,73,0,1
BRDA:456,73,1,2
BRDA:465,74,0,1
BRDA:465,74,1,1
BRDA:466,75,0,1
BRDA:466,75,1,1
BRDA:469,76,0,1
BRDA:469,76,1,1
BRF:143
BRH:131
end_of_record
TN:
SF:models\feature.js
FN:11,(anonymous_0)
FN:17,(anonymous_1)
FN:30,(anonymous_2)
FN:53,(anonymous_3)
FN:79,(anonymous_4)
FN:130,(anonymous_5)
FN:145,(anonymous_6)
FN:155,(anonymous_7)
FN:168,(anonymous_8)
FN:187,(anonymous_9)
FNF:10
FNH:10
FNDA:40,(anonymous_0)
FNDA:382,(anonymous_1)
FNDA:4,(anonymous_2)
FNDA:4,(anonymous_3)
FNDA:2,(anonymous_4)
FNDA:3,(anonymous_5)
FNDA:40,(anonymous_6)
FNDA:2,(anonymous_7)
FNDA:1,(anonymous_8)
FNDA:2,(anonymous_9)
DA:1,21
DA:12,40
DA:13,40
DA:17,382
DA:23,1
DA:31,4
DA:32,4
DA:36,4
DA:38,3
DA:44,1
DA:46,0
DA:54,4
DA:56,4
DA:57,2
DA:60,2
DA:61,2
DA:67,1
DA:69,1
DA:70,1
DA:72,0
DA:80,2
DA:82,2
DA:83,2
DA:84,2
DA:86,2
DA:87,1
DA:88,1
DA:91,2
DA:92,0
DA:93,0
DA:96,2
DA:97,0
DA:98,0
DA:101,2
DA:102,0
DA:103,0
DA:106,2
DA:107,1
DA:110,1
DA:112,1
DA:117,1
DA:118,1
DA:121,0
DA:123,1
DA:131,3
DA:132,3
DA:136,3
DA:138,0
DA:146,40
DA:147,40
DA:154,40
DA:155,40
DA:156,2
DA:159,40
DA:161,0
DA:169,1
DA:170,1
DA:178,1
DA:180,0
DA:188,2
DA:189,2
DA:193,2
DA:195,0
DA:200,21
LF:64
LH:51
BRDA:19,0,0,382
BRDA:19,0,1,153
BRDA:20,1,0,382
BRDA:20,1,1,0
BRDA:36,2,0,3
BRDA:36,2,1,1
BRDA:40,3,0,3
BRDA:40,3,1,2
BRDA:41,4,0,3
BRDA:41,4,1,0
BRDA:56,5,0,2
BRDA:56,5,1,2
BRDA:56,6,0,4
BRDA:56,6,1,3
BRDA:64,7,0,2
BRDA:64,7,1,2
BRDA:64,8,0,2
BRDA:64,8,1,2
BRDA:64,9,0,0
BRDA:64,9,1,2
BRDA:69,10,0,1
BRDA:69,10,1,0
BRDA:86,11,0,1
BRDA:86,11,1,1
BRDA:91,12,0,0
BRDA:91,12,1,2
BRDA:96,13,0,0
BRDA:96,13,1,2
BRDA:101,14,0,0
BRDA:101,14,1,2
BRDA:106,15,0,1
BRDA:106,15,1,1
BRDA:117,16,0,1
BRDA:117,16,1,0
BRDA:136,17,0,3
BRDA:136,17,1,1
BRDA:156,18,0,2
BRDA:156,18,1,1
BRF:38
BRH:30
end_of_record
TN:
SF:models\inventory.js
FN:6,(anonymous_0)
FN:28,(anonymous_1)
FN:40,(anonymous_2)
FN:83,(anonymous_3)
FN:114,(anonymous_4)
FN:160,(anonymous_5)
FN:180,(anonymous_6)
FN:194,(anonymous_7)
FN:204,(anonymous_8)
FN:234,(anonymous_9)
FN:246,(anonymous_10)
FN:257,(anonymous_11)
FN:269,(anonymous_12)
FN:279,(anonymous_13)
FN:316,(anonymous_14)
FN:321,(anonymous_15)
FN:373,(anonymous_16)
FN:489,(anonymous_17)
FNF:18
FNH:14
FNDA:5,(anonymous_0)
FNDA:135,(anonymous_1)
FNDA:6,(anonymous_2)
FNDA:5,(anonymous_3)
FNDA:3,(anonymous_4)
FNDA:1,(anonymous_5)
FNDA:1,(anonymous_6)
FNDA:3,(anonymous_7)
FNDA:0,(anonymous_8)
FNDA:1,(anonymous_9)
FNDA:0,(anonymous_10)
FNDA:1,(anonymous_11)
FNDA:0,(anonymous_12)
FNDA:1,(anonymous_13)
FNDA:1,(anonymous_14)
FNDA:68,(anonymous_15)
FNDA:0,(anonymous_16)
FNDA:1,(anonymous_17)
DA:1,18
DA:2,18
DA:7,5
DA:8,5
DA:9,5
DA:28,135
DA:35,1
DA:41,6
DA:42,6
DA:43,2
DA:45,4
DA:46,4
DA:47,4
DA:65,4
DA:66,2
DA:69,2
DA:70,2
DA:77,0
DA:78,0
DA:84,5
DA:94,5
DA:96,5
DA:97,5
DA:107,5
DA:109,0
DA:115,3
DA:116,3
DA:117,1
DA:119,2
DA:129,2
DA:131,2
DA:132,2
DA:149,2
DA:150,0
DA:153,2
DA:155,0
DA:161,1
DA:162,1
DA:163,1
DA:168,0
DA:169,0
DA:172,0
DA:174,1
DA:175,1
DA:181,1
DA:182,1
DA:183,1
DA:194,3
DA:199,0
DA:205,0
DA:206,0
DA:207,0
DA:209,0
DA:210,0
DA:211,0
DA:213,0
DA:214,0
DA:215,0
DA:222,0
DA:223,0
DA:226,0
DA:228,0
DA:229,0
DA:235,1
DA:236,1
DA:237,1
DA:246,1
DA:252,0
DA:258,1
DA:259,1
DA:260,1
DA:269,1
DA:274,0
DA:280,1
DA:281,1
DA:282,1
DA:283,1
DA:285,1
DA:286,1
DA:292,1
DA:298,1
DA:304,1
DA:311,0
DA:317,1
DA:318,1
DA:321,68
DA:337,1
DA:338,1
DA:341,1
DA:355,1
DA:358,1
DA:361,1
DA:363,1
DA:368,0
DA:374,0
DA:375,0
DA:377,0
DA:378,0
DA:381,0
DA:382,0
DA:383,0
DA:385,0
DA:392,0
DA:393,0
DA:394,0
DA:396,0
DA:398,0
DA:399,0
DA:403,0
DA:404,0
DA:405,0
DA:408,0
DA:413,0
DA:415,0
DA:436,0
DA:466,0
DA:468,0
DA:469,0
DA:477,0
DA:478,0
DA:481,0
DA:482,0
DA:484,0
DA:490,1
DA:492,1
DA:546,1
DA:547,1
DA:550,1
DA:560,1
DA:563,1
DA:566,1
DA:568,1
DA:573,0
DA:578,18
LF:134
LH:77
BRDA:6,0,0,0
BRDA:23,1,0,4
BRDA:23,1,1,1
BRDA:25,2,0,4
BRDA:25,2,1,1
BRDA:40,3,0,2
BRDA:42,4,0,2
BRDA:42,4,1,4
BRDA:42,5,0,6
BRDA:42,5,1,5
BRDA:61,6,0,4
BRDA:61,6,1,0
BRDA:62,7,0,4
BRDA:62,7,1,0
BRDA:65,8,0,2
BRDA:65,8,1,2
BRDA:77,9,0,0
BRDA:77,9,1,0
BRDA:83,10,0,0
BRDA:100,11,0,4
BRDA:100,11,1,1
BRDA:101,12,0,4
BRDA:101,12,1,1
BRDA:102,13,0,4
BRDA:102,13,1,1
BRDA:103,14,0,4
BRDA:103,14,1,4
BRDA:103,15,0,4
BRDA:103,15,1,4
BRDA:103,16,0,4
BRDA:103,16,1,4
BRDA:103,17,0,4
BRDA:103,17,1,4
BRDA:104,18,0,1
BRDA:104,18,1,1
BRDA:104,19,0,1
BRDA:104,19,1,1
BRDA:104,20,0,1
BRDA:104,20,1,1
BRDA:104,21,0,1
BRDA:104,21,1,1
BRDA:114,22,0,2
BRDA:116,23,0,1
BRDA:116,23,1,2
BRDA:116,24,0,3
BRDA:116,24,1,2
BRDA:143,25,0,1
BRDA:143,25,1,1
BRDA:144,26,0,1
BRDA:144,26,1,1
BRDA:145,27,0,1
BRDA:145,27,1,1
BRDA:145,28,0,1
BRDA:145,28,1,1
BRDA:145,29,0,1
BRDA:145,29,1,1
BRDA:145,30,0,1
BRDA:145,30,1,1
BRDA:146,31,0,1
BRDA:146,31,1,1
BRDA:146,32,0,1
BRDA:146,32,1,1
BRDA:146,33,0,1
BRDA:146,33,1,1
BRDA:146,34,0,1
BRDA:146,34,1,1
BRDA:149,35,0,0
BRDA:149,35,1,2
BRDA:160,36,0,0
BRDA:164,37,0,1
BRDA:164,37,1,0
BRDA:165,38,0,1
BRDA:165,38,1,0
BRDA:168,39,0,0
BRDA:168,39,1,0
BRDA:174,40,0,0
BRDA:174,40,1,1
BRDA:180,41,0,0
BRDA:188,42,0,1
BRDA:188,42,1,0
BRDA:191,43,0,1
BRDA:191,43,1,0
BRDA:204,44,0,0
BRDA:206,45,0,0
BRDA:206,45,1,0
BRDA:206,46,0,0
BRDA:206,46,1,0
BRDA:210,47,0,0
BRDA:210,47,1,0
BRDA:210,48,0,0
BRDA:210,48,1,0
BRDA:218,49,0,0
BRDA:218,49,1,0
BRDA:219,50,0,0
BRDA:219,50,1,0
BRDA:222,51,0,0
BRDA:222,51,1,0
BRDA:228,52,0,0
BRDA:228,52,1,0
BRDA:228,53,0,0
BRDA:228,53,1,0
BRDA:234,54,0,0
BRDA:241,55,0,1
BRDA:241,55,1,0
BRDA:243,56,0,1
BRDA:243,56,1,0
BRDA:257,57,0,0
BRDA:264,58,0,1
BRDA:264,58,1,0
BRDA:266,59,0,1
BRDA:266,59,1,0
BRDA:279,60,0,0
BRDA:282,61,0,1
BRDA:282,61,1,0
BRDA:283,62,0,1
BRDA:283,62,1,0
BRDA:289,63,0,1
BRDA:289,63,1,0
BRDA:295,64,0,1
BRDA:295,64,1,0
BRDA:308,65,0,1
BRDA:308,65,1,1
BRDA:316,66,0,0
BRDA:327,67,0,68
BRDA:327,67,1,68
BRDA:328,68,0,68
BRDA:328,68,1,68
BRDA:329,69,0,68
BRDA:329,69,1,68
BRDA:330,70,0,68
BRDA:330,70,1,68
BRDA:331,71,0,68
BRDA:331,71,1,68
BRDA:373,72,0,0
BRDA:398,73,0,0
BRDA:398,73,1,0
BRDA:398,74,0,0
BRDA:398,74,1,0
BRDA:398,74,2,0
BRDA:403,75,0,0
BRDA:403,75,1,0
BRDA:404,76,0,0
BRDA:404,76,1,0
BRDA:405,77,0,0
BRDA:405,77,1,0
BRDA:409,78,0,0
BRDA:409,78,1,0
BRDA:410,79,0,0
BRDA:410,79,1,0
BRDA:413,80,0,0
BRDA:413,80,1,0
BRDA:429,81,0,0
BRDA:429,81,1,0
BRDA:431,82,0,0
BRDA:431,82,1,0
BRDA:439,83,0,0
BRDA:439,83,1,0
BRDA:440,84,0,0
BRDA:440,84,1,0
BRDA:441,85,0,0
BRDA:441,85,1,0
BRDA:448,86,0,0
BRDA:448,86,1,0
BRDA:450,87,0,0
BRDA:450,87,1,0
BRDA:459,88,0,0
BRDA:459,88,1,0
BRDA:461,89,0,0
BRDA:461,89,1,0
BRF:169
BRH:86
end_of_record
TN:
SF:models\invoice.js
FN:5,(anonymous_0)
FN:17,(anonymous_1)
FN:113,(anonymous_2)
FN:131,(anonymous_3)
FN:147,(anonymous_4)
FN:156,(anonymous_5)
FN:257,(anonymous_6)
FN:269,(anonymous_7)
FN:290,(anonymous_8)
FN:378,(anonymous_9)
FN:390,(anonymous_10)
FN:408,(anonymous_11)
FN:526,(anonymous_12)
FN:541,(anonymous_13)
FN:550,(anonymous_14)
FNF:15
FNH:14
FNDA:5,(anonymous_0)
FNDA:27,(anonymous_1)
FNDA:2,(anonymous_2)
FNDA:1,(anonymous_3)
FNDA:2,(anonymous_4)
FNDA:16,(anonymous_5)
FNDA:1,(anonymous_6)
FNDA:2,(anonymous_7)
FNDA:10,(anonymous_8)
FNDA:0,(anonymous_9)
FNDA:2,(anonymous_10)
FNDA:15,(anonymous_11)
FNDA:3,(anonymous_12)
FNDA:3,(anonymous_13)
FNDA:7,(anonymous_14)
DA:1,18
DA:6,5
DA:7,5
DA:8,5
DA:10,5
DA:17,27
DA:18,4
DA:19,4
DA:20,4
DA:21,4
DA:22,4
DA:23,4
DA:24,4
DA:25,4
DA:26,4
DA:29,4
DA:31,4
DA:32,1
DA:35,4
DA:36,2
DA:39,4
DA:41,4
DA:42,2
DA:45,4
DA:46,2
DA:49,4
DA:50,1
DA:53,4
DA:54,1
DA:57,4
DA:58,1
DA:61,4
DA:62,2
DA:63,2
DA:64,1
DA:67,4
DA:68,1
DA:69,3
DA:70,1
DA:73,4
DA:75,4
DA:76,1
DA:79,4
DA:84,4
DA:86,4
DA:87,1
DA:90,4
DA:91,2
DA:92,2
DA:95,4
DA:96,1
DA:97,3
DA:98,1
DA:100,2
DA:103,4
DA:104,1
DA:105,1
DA:106,1
DA:109,4
DA:112,4
DA:114,2
DA:125,2
DA:131,1
DA:140,4
DA:142,1
DA:148,2
DA:149,2
DA:156,16
DA:157,2
DA:158,2
DA:159,2
DA:160,2
DA:161,2
DA:162,2
DA:163,2
DA:164,2
DA:165,2
DA:167,2
DA:169,2
DA:170,1
DA:172,2
DA:173,1
DA:175,2
DA:177,2
DA:178,0
DA:181,2
DA:182,0
DA:185,2
DA:186,2
DA:189,2
DA:190,2
DA:193,2
DA:194,2
DA:197,2
DA:198,2
DA:199,0
DA:200,0
DA:203,2
DA:204,1
DA:205,1
DA:206,0
DA:209,2
DA:211,2
DA:212,1
DA:215,2
DA:220,2
DA:221,1
DA:224,2
DA:225,2
DA:226,2
DA:227,0
DA:228,0
DA:231,2
DA:233,2
DA:234,1
DA:237,1
DA:240,1
DA:251,1
DA:257,1
DA:264,0
DA:270,2
DA:271,2
DA:279,2
DA:280,1
DA:283,1
DA:290,10
DA:291,1
DA:292,1
DA:293,1
DA:294,1
DA:295,1
DA:296,1
DA:297,1
DA:298,1
DA:300,1
DA:301,1
DA:302,0
DA:304,1
DA:306,1
DA:307,0
DA:310,1
DA:311,0
DA:314,1
DA:315,1
DA:318,1
DA:319,1
DA:322,1
DA:323,1
DA:326,1
DA:327,1
DA:328,0
DA:329,0
DA:332,1
DA:333,1
DA:334,0
DA:335,0
DA:338,1
DA:340,1
DA:346,1
DA:347,1
DA:348,0
DA:349,0
DA:352,1
DA:354,1
DA:355,1
DA:358,0
DA:361,0
DA:372,0
DA:378,0
DA:385,0
DA:391,2
DA:392,2
DA:393,2
DA:395,2
DA:398,2
DA:401,2
DA:408,15
DA:409,2
DA:410,2
DA:411,2
DA:412,2
DA:413,2
DA:414,2
DA:415,2
DA:418,2
DA:419,2
DA:420,2
DA:422,2
DA:423,1
DA:424,1
DA:425,1
DA:428,2
DA:429,1
DA:430,1
DA:431,1
DA:434,2
DA:435,2
DA:436,2
DA:438,2
DA:439,1
DA:440,1
DA:441,1
DA:444,2
DA:445,1
DA:446,1
DA:447,1
DA:450,2
DA:451,1
DA:452,1
DA:453,1
DA:456,2
DA:457,1
DA:458,1
DA:459,1
DA:462,2
DA:463,1
DA:464,1
DA:465,1
DA:469,2
DA:470,2
DA:471,2
DA:472,2
DA:473,0
DA:474,0
DA:475,0
DA:476,0
DA:479,2
DA:480,1
DA:481,1
DA:482,1
DA:483,1
DA:484,1
DA:485,1
DA:486,1
DA:490,2
DA:496,1
DA:497,1
DA:503,1
DA:505,1
DA:518,1
DA:519,1
DA:521,2
DA:527,3
DA:528,3
DA:533,2
DA:534,2
DA:536,1
DA:542,3
DA:543,3
DA:550,7
DA:551,2
DA:552,2
DA:553,2
DA:554,2
DA:555,2
DA:557,2
DA:558,2
DA:560,2
DA:561,2
DA:562,2
DA:563,0
DA:564,0
DA:567,2
DA:572,2
DA:577,2
DA:582,2
DA:583,2
DA:584,1
DA:587,2
DA:592,2
DA:593,2
DA:594,1
DA:597,2
DA:603,2
DA:604,2
DA:605,2
DA:606,2
DA:607,2
DA:609,2
DA:617,1
DA:622,18
LF:281
LH:253
BRDA:5,0,0,0
BRDA:5,1,0,3
BRDA:7,2,0,1
BRDA:7,2,1,4
BRDA:7,3,0,5
BRDA:7,3,1,1
BRDA:8,4,0,1
BRDA:8,4,1,4
BRDA:8,5,0,5
BRDA:8,5,1,1
BRDA:31,6,0,1
BRDA:31,6,1,3
BRDA:35,7,0,2
BRDA:35,7,1,2
BRDA:41,8,0,2
BRDA:41,8,1,2
BRDA:45,9,0,2
BRDA:45,9,1,2
BRDA:49,10,0,1
BRDA:49,10,1,3
BRDA:53,11,0,1
BRDA:53,11,1,3
BRDA:57,12,0,1
BRDA:57,12,1,3
BRDA:61,13,0,2
BRDA:61,13,1,2
BRDA:63,14,0,1
BRDA:63,14,1,1
BRDA:67,15,0,1
BRDA:67,15,1,3
BRDA:69,16,0,1
BRDA:69,16,1,2
BRDA:75,17,0,1
BRDA:75,17,1,3
BRDA:86,18,0,1
BRDA:86,18,1,3
BRDA:90,19,0,2
BRDA:90,19,1,2
BRDA:90,20,0,4
BRDA:90,20,1,2
BRDA:95,21,0,1
BRDA:95,21,1,3
BRDA:97,22,0,1
BRDA:97,22,1,2
BRDA:103,23,0,1
BRDA:103,23,1,3
BRDA:104,24,0,1
BRDA:104,24,1,0
BRDA:105,25,0,1
BRDA:105,25,1,0
BRDA:127,26,0,1
BRDA:127,26,1,1
BRDA:128,27,0,1
BRDA:128,27,1,1
BRDA:129,28,0,0
BRDA:129,28,1,2
BRDA:130,29,0,2
BRDA:130,29,1,0
BRDA:130,30,0,0
BRDA:130,30,1,0
BRDA:147,31,0,2
BRDA:169,32,0,1
BRDA:169,32,1,1
BRDA:172,33,0,1
BRDA:172,33,1,1
BRDA:177,34,0,0
BRDA:177,34,1,2
BRDA:181,35,0,0
BRDA:181,35,1,2
BRDA:185,36,0,2
BRDA:185,36,1,0
BRDA:189,37,0,2
BRDA:189,37,1,0
BRDA:193,38,0,2
BRDA:193,38,1,0
BRDA:197,39,0,2
BRDA:197,39,1,0
BRDA:199,40,0,0
BRDA:199,40,1,0
BRDA:203,41,0,1
BRDA:203,41,1,1
BRDA:205,42,0,0
BRDA:205,42,1,1
BRDA:211,43,0,1
BRDA:211,43,1,1
BRDA:220,44,0,1
BRDA:220,44,1,1
BRDA:226,45,0,0
BRDA:226,45,1,2
BRDA:226,46,0,2
BRDA:226,46,1,1
BRDA:233,47,0,1
BRDA:233,47,1,1
BRDA:269,48,0,2
BRDA:279,49,0,1
BRDA:279,49,1,1
BRDA:301,50,0,0
BRDA:301,50,1,1
BRDA:306,51,0,0
BRDA:306,51,1,1
BRDA:310,52,0,0
BRDA:310,52,1,1
BRDA:314,53,0,1
BRDA:314,53,1,0
BRDA:318,54,0,1
BRDA:318,54,1,0
BRDA:322,55,0,1
BRDA:322,55,1,0
BRDA:326,56,0,1
BRDA:326,56,1,0
BRDA:328,57,0,0
BRDA:328,57,1,0
BRDA:332,58,0,1
BRDA:332,58,1,0
BRDA:334,59,0,0
BRDA:334,59,1,0
BRDA:347,60,0,0
BRDA:347,60,1,1
BRDA:347,61,0,1
BRDA:347,61,1,0
BRDA:354,62,0,1
BRDA:354,62,1,0
BRDA:398,63,0,2
BRDA:398,63,1,1
BRDA:422,64,0,1
BRDA:422,64,1,1
BRDA:424,65,0,1
BRDA:424,65,1,0
BRDA:428,66,0,1
BRDA:428,66,1,1
BRDA:428,67,0,2
BRDA:428,67,1,1
BRDA:438,68,0,1
BRDA:438,68,1,1
BRDA:440,69,0,1
BRDA:440,69,1,1
BRDA:444,70,0,1
BRDA:444,70,1,1
BRDA:446,71,0,1
BRDA:446,71,1,0
BRDA:450,72,0,1
BRDA:450,72,1,1
BRDA:452,73,0,1
BRDA:452,73,1,0
BRDA:456,74,0,1
BRDA:456,74,1,1
BRDA:458,75,0,1
BRDA:458,75,1,1
BRDA:462,76,0,1
BRDA:462,76,1,1
BRDA:464,77,0,1
BRDA:464,77,1,1
BRDA:469,78,0,2
BRDA:469,78,1,0
BRDA:473,79,0,0
BRDA:473,79,1,0
BRDA:479,80,0,1
BRDA:479,80,1,1
BRDA:483,81,0,1
BRDA:483,81,1,0
BRDA:515,82,0,1
BRDA:515,82,1,0
BRDA:533,83,0,2
BRDA:533,83,1,1
BRDA:541,84,0,0
BRDA:557,85,0,1
BRDA:557,85,1,1
BRDA:557,86,0,2
BRDA:557,86,1,1
BRDA:558,87,0,1
BRDA:558,87,1,1
BRDA:558,88,0,2
BRDA:558,88,1,1
BRDA:561,89,0,2
BRDA:561,89,1,0
BRDA:563,90,0,0
BRDA:563,90,1,0
BRDA:583,91,0,1
BRDA:583,91,1,1
BRDA:593,92,0,1
BRDA:593,92,1,1
BRDA:610,93,0,2
BRDA:610,93,1,1
BRDA:611,94,0,2
BRDA:611,94,1,1
BRDA:612,95,0,2
BRDA:612,95,1,1
BRDA:613,96,0,2
BRDA:613,96,1,1
BRDA:614,97,0,2
BRDA:614,97,1,1
BRF:191
BRH:147
end_of_record
TN:
SF:models\menuItem.js
FN:7,(anonymous_0)
FN:55,(anonymous_1)
FN:68,(anonymous_2)
FN:122,(anonymous_3)
FN:152,(anonymous_4)
FN:163,(anonymous_5)
FN:164,(anonymous_6)
FN:213,(anonymous_7)
FN:256,(anonymous_8)
FN:309,(anonymous_9)
FN:334,(anonymous_10)
FN:385,(anonymous_11)
FN:397,(anonymous_12)
FN:413,(anonymous_13)
FN:434,(anonymous_14)
FN:445,(anonymous_15)
FN:524,(anonymous_16)
FN:525,(anonymous_17)
FNF:18
FNH:15
FNDA:19,(anonymous_0)
FNDA:161,(anonymous_1)
FNDA:4,(anonymous_2)
FNDA:12,(anonymous_3)
FNDA:6,(anonymous_4)
FNDA:7,(anonymous_5)
FNDA:10,(anonymous_6)
FNDA:3,(anonymous_7)
FNDA:4,(anonymous_8)
FNDA:3,(anonymous_9)
FNDA:3,(anonymous_10)
FNDA:1,(anonymous_11)
FNDA:5,(anonymous_12)
FNDA:2,(anonymous_13)
FNDA:1,(anonymous_14)
FNDA:0,(anonymous_15)
FNDA:0,(anonymous_16)
FNDA:0,(anonymous_17)
DA:1,18
DA:2,18
DA:8,19
DA:10,19
DA:18,19
DA:20,19
DA:39,19
DA:41,19
DA:42,19
DA:43,18
DA:44,18
DA:47,1
DA:51,18
DA:53,18
DA:55,161
DA:62,1
DA:69,4
DA:71,4
DA:79,4
DA:87,4
DA:89,4
DA:106,4
DA:108,4
DA:109,4
DA:110,3
DA:111,3
DA:113,1
DA:117,3
DA:119,3
DA:121,3
DA:122,3
DA:123,12
DA:124,7
DA:133,12
DA:134,11
DA:145,3
DA:147,1
DA:153,6
DA:155,6
DA:163,7
DA:164,10
DA:166,6
DA:181,6
DA:182,5
DA:185,6
DA:186,6
DA:189,6
DA:195,6
DA:197,6
DA:198,1
DA:201,5
DA:208,0
DA:214,3
DA:215,3
DA:217,3
DA:218,1
DA:222,2
DA:230,2
DA:232,2
DA:233,1
DA:236,1
DA:237,1
DA:241,1
DA:244,0
DA:248,0
DA:251,2
DA:257,4
DA:258,4
DA:260,4
DA:261,2
DA:264,2
DA:265,2
DA:266,2
DA:267,2
DA:268,2
DA:269,2
DA:270,2
DA:271,2
DA:275,2
DA:279,2
DA:281,2
DA:285,2
DA:286,2
DA:288,2
DA:289,2
DA:292,2
DA:294,2
DA:297,2
DA:299,2
DA:300,1
DA:302,1
DA:304,3
DA:310,3
DA:311,3
DA:312,3
DA:313,3
DA:314,1
DA:318,1
DA:319,1
DA:320,1
DA:323,3
DA:324,3
DA:325,1
DA:327,2
DA:329,1
DA:335,3
DA:337,3
DA:345,3
DA:346,3
DA:348,3
DA:350,1
DA:353,2
DA:371,2
DA:373,2
DA:374,2
DA:375,2
DA:380,2
DA:381,2
DA:383,2
DA:385,2
DA:392,0
DA:398,5
DA:399,5
DA:406,4
DA:408,1
DA:414,2
DA:415,2
DA:434,1
DA:440,1
DA:446,0
DA:447,0
DA:448,0
DA:451,0
DA:459,0
DA:461,0
DA:462,0
DA:463,0
DA:464,0
DA:466,0
DA:467,0
DA:470,0
DA:471,0
DA:476,0
DA:477,0
DA:478,0
DA:488,0
DA:489,0
DA:499,0
DA:501,0
DA:508,0
DA:510,0
DA:517,0
DA:521,0
DA:522,0
DA:524,0
DA:525,0
DA:527,0
DA:529,0
DA:530,0
DA:534,0
DA:536,0
DA:541,18
LF:162
LH:126
BRDA:7,0,0,0
BRDA:41,1,0,19
BRDA:41,1,1,0
BRDA:42,2,0,18
BRDA:42,2,1,1
BRDA:59,3,0,0
BRDA:59,3,1,161
BRDA:68,4,0,0
BRDA:87,5,0,4
BRDA:87,5,1,4
BRDA:108,6,0,4
BRDA:108,6,1,0
BRDA:109,7,0,3
BRDA:109,7,1,1
BRDA:123,8,0,7
BRDA:123,8,1,5
BRDA:133,9,0,11
BRDA:133,9,1,1
BRDA:181,10,0,5
BRDA:181,10,1,1
BRDA:185,11,0,6
BRDA:185,11,1,0
BRDA:197,12,0,1
BRDA:197,12,1,5
BRDA:205,13,0,1
BRDA:205,13,1,4
BRDA:205,14,0,5
BRDA:205,14,1,4
BRDA:217,15,0,1
BRDA:217,15,1,2
BRDA:232,16,0,1
BRDA:232,16,1,1
BRDA:232,17,0,2
BRDA:232,17,1,2
BRDA:236,18,0,1
BRDA:236,18,1,0
BRDA:239,19,0,0
BRDA:239,19,1,1
BRDA:239,20,0,1
BRDA:239,20,1,1
BRDA:239,21,0,1
BRDA:239,21,1,1
BRDA:246,22,0,0
BRDA:246,22,1,0
BRDA:246,23,0,0
BRDA:246,23,1,0
BRDA:246,24,0,0
BRDA:246,24,1,0
BRDA:256,25,0,4
BRDA:260,26,0,2
BRDA:260,26,1,2
BRDA:264,27,0,2
BRDA:264,27,1,0
BRDA:265,28,0,2
BRDA:265,28,1,0
BRDA:266,29,0,0
BRDA:266,29,1,2
BRDA:267,30,0,2
BRDA:267,30,1,0
BRDA:268,31,0,2
BRDA:268,31,1,2
BRDA:269,32,0,0
BRDA:269,32,1,2
BRDA:270,33,0,2
BRDA:270,33,1,2
BRDA:271,34,0,0
BRDA:271,34,1,2
BRDA:271,35,0,2
BRDA:271,35,1,0
BRDA:271,35,2,0
BRDA:286,36,0,2
BRDA:286,36,1,1
BRDA:288,37,0,0
BRDA:288,37,1,2
BRDA:289,38,0,1
BRDA:289,38,1,1
BRDA:292,39,0,0
BRDA:292,39,1,2
BRDA:294,40,0,1
BRDA:294,40,1,1
BRDA:299,41,0,1
BRDA:299,41,1,1
BRDA:309,42,0,2
BRDA:313,43,0,1
BRDA:313,43,1,2
BRDA:318,44,0,1
BRDA:318,44,1,0
BRDA:324,45,0,1
BRDA:324,45,1,2
BRDA:334,46,0,0
BRDA:334,47,0,1
BRDA:348,48,0,1
BRDA:348,48,1,2
BRDA:373,49,0,2
BRDA:373,49,1,0
BRDA:373,50,0,2
BRDA:373,50,1,2
BRDA:466,51,0,0
BRDA:466,51,1,0
BRDA:470,52,0,0
BRDA:470,52,1,0
BRDA:470,53,0,0
BRDA:470,53,1,0
BRDA:476,54,0,0
BRDA:476,54,1,0
BRDA:481,55,0,0
BRDA:481,55,1,0
BRDA:483,56,0,0
BRDA:483,56,1,0
BRDA:484,57,0,0
BRDA:484,57,1,0
BRDA:492,58,0,0
BRDA:492,58,1,0
BRDA:494,59,0,0
BRDA:494,59,1,0
BRDA:495,60,0,0
BRDA:495,60,1,0
BRF:117
BRH:70
end_of_record
TN:
SF:models\order.js
FN:7,(anonymous_0)
FN:61,(anonymous_1)
FN:68,(anonymous_2)
FN:73,(anonymous_3)
FN:79,(anonymous_4)
FN:107,(anonymous_5)
FN:165,(anonymous_6)
FN:170,(anonymous_7)
FN:176,(anonymous_8)
FN:200,(anonymous_9)
FN:275,(anonymous_10)
FN:282,(anonymous_11)
FN:290,(anonymous_12)
FN:306,(anonymous_13)
FN:323,(anonymous_14)
FN:355,(anonymous_15)
FN:369,(anonymous_16)
FN:474,(anonymous_17)
FN:495,(anonymous_18)
FN:533,(anonymous_19)
FN:540,(anonymous_20)
FN:545,(anonymous_21)
FN:551,(anonymous_22)
FN:570,(anonymous_23)
FN:608,(anonymous_24)
FN:615,(anonymous_25)
FN:620,(anonymous_26)
FN:626,(anonymous_27)
FN:645,(anonymous_28)
FN:683,(anonymous_29)
FN:690,(anonymous_30)
FN:695,(anonymous_31)
FN:701,(anonymous_32)
FN:720,(anonymous_33)
FNF:34
FNH:28
FNDA:9,(anonymous_0)
FNDA:248,(anonymous_1)
FNDA:363,(anonymous_2)
FNDA:1,(anonymous_3)
FNDA:1,(anonymous_4)
FNDA:23,(anonymous_5)
FNDA:9,(anonymous_6)
FNDA:1,(anonymous_7)
FNDA:1,(anonymous_8)
FNDA:7,(anonymous_9)
FNDA:138,(anonymous_10)
FNDA:7,(anonymous_11)
FNDA:7,(anonymous_12)
FNDA:0,(anonymous_13)
FNDA:4,(anonymous_14)
FNDA:0,(anonymous_15)
FNDA:4,(anonymous_16)
FNDA:2,(anonymous_17)
FNDA:9,(anonymous_18)
FNDA:5,(anonymous_19)
FNDA:0,(anonymous_20)
FNDA:1,(anonymous_21)
FNDA:1,(anonymous_22)
FNDA:5,(anonymous_23)
FNDA:4,(anonymous_24)
FNDA:1,(anonymous_25)
FNDA:0,(anonymous_26)
FNDA:0,(anonymous_27)
FNDA:5,(anonymous_28)
FNDA:4,(anonymous_29)
FNDA:0,(anonymous_30)
FNDA:1,(anonymous_31)
FNDA:1,(anonymous_32)
FNDA:3,(anonymous_33)
DA:1,19
DA:2,19
DA:3,19
DA:8,9
DA:9,9
DA:10,9
DA:11,9
DA:12,9
DA:13,9
DA:16,9
DA:61,8
DA:62,248
DA:65,248
DA:66,248
DA:68,363
DA:69,3
DA:71,2
DA:72,2
DA:73,1
DA:75,1
DA:77,1
DA:79,1
DA:83,248
DA:99,8
DA:101,1
DA:102,1
DA:108,23
DA:109,23
DA:110,23
DA:154,22
DA:155,4
DA:158,18
DA:159,18
DA:162,18
DA:163,13
DA:165,10
DA:166,3
DA:168,2
DA:169,2
DA:170,1
DA:172,1
DA:174,1
DA:176,1
DA:180,18
DA:195,1
DA:201,7
DA:202,7
DA:203,7
DA:222,7
DA:225,7
DA:228,7
DA:229,7
DA:230,7
DA:231,7
DA:232,7
DA:233,7
DA:234,7
DA:235,7
DA:236,7
DA:237,7
DA:238,7
DA:239,7
DA:240,7
DA:241,7
DA:244,7
DA:252,7
DA:253,7
DA:256,7
DA:261,7
DA:267,7
DA:268,5
DA:269,5
DA:273,7
DA:275,138
DA:278,6
DA:281,6
DA:282,5
DA:283,7
DA:284,7
DA:285,7
DA:286,7
DA:287,7
DA:288,7
DA:290,7
DA:291,5
DA:292,5
DA:298,6
DA:300,6
DA:303,6
DA:304,0
DA:305,0
DA:307,0
DA:312,6
DA:314,1
DA:315,1
DA:316,1
DA:318,7
DA:324,4
DA:325,4
DA:326,4
DA:327,4
DA:328,1
DA:330,3
DA:331,3
DA:332,3
DA:333,3
DA:335,3
DA:342,2
DA:343,1
DA:346,1
DA:349,1
DA:350,0
DA:351,0
DA:353,0
DA:354,0
DA:356,0
DA:362,1
DA:364,3
DA:370,4
DA:371,4
DA:372,4
DA:373,4
DA:391,4
DA:394,4
DA:395,4
DA:396,4
DA:397,4
DA:398,4
DA:399,4
DA:400,4
DA:401,4
DA:402,4
DA:403,4
DA:404,4
DA:405,4
DA:406,4
DA:407,4
DA:410,4
DA:433,4
DA:434,1
DA:438,3
DA:440,1
DA:443,1
DA:444,1
DA:445,1
DA:446,1
DA:447,1
DA:448,1
DA:450,1
DA:460,3
DA:462,3
DA:463,3
DA:465,1
DA:466,1
DA:467,1
DA:469,4
DA:475,2
DA:476,2
DA:477,2
DA:484,2
DA:485,1
DA:488,1
DA:490,1
DA:496,9
DA:497,9
DA:498,9
DA:533,8
DA:534,5
DA:537,5
DA:538,5
DA:540,2
DA:541,3
DA:543,2
DA:544,2
DA:545,1
DA:547,1
DA:549,1
DA:551,1
DA:555,5
DA:565,1
DA:571,5
DA:572,5
DA:573,5
DA:608,4
DA:609,4
DA:612,4
DA:613,4
DA:615,3
DA:616,1
DA:618,1
DA:619,1
DA:620,0
DA:622,1
DA:624,0
DA:626,0
DA:630,4
DA:640,1
DA:646,5
DA:647,5
DA:648,5
DA:683,4
DA:684,4
DA:687,4
DA:688,4
DA:690,2
DA:691,2
DA:693,1
DA:694,1
DA:695,1
DA:697,0
DA:699,1
DA:701,1
DA:705,4
DA:715,1
DA:721,3
DA:722,3
DA:723,3
DA:724,3
DA:725,3
DA:726,2
DA:727,2
DA:728,2
DA:729,2
DA:731,2
DA:739,1
DA:744,19
LF:226
LH:214
BRDA:7,0,0,0
BRDA:7,1,0,5
BRDA:10,2,0,2
BRDA:10,2,1,7
BRDA:10,3,0,9
BRDA:10,3,1,2
BRDA:11,4,0,2
BRDA:11,4,1,7
BRDA:11,5,0,9
BRDA:11,5,1,2
BRDA:12,6,0,4
BRDA:12,6,1,5
BRDA:13,7,0,2
BRDA:13,7,1,7
BRDA:14,8,0,2
BRDA:14,8,1,0
BRDA:14,9,0,2
BRDA:14,9,1,1
BRDA:55,10,0,4
BRDA:55,10,1,5
BRDA:65,11,0,248
BRDA:65,11,1,0
BRDA:66,12,0,245
BRDA:66,12,1,3
BRDA:68,13,0,363
BRDA:68,13,1,363
BRDA:69,14,0,2
BRDA:69,14,1,1
BRDA:73,15,0,1
BRDA:73,15,1,0
BRDA:73,16,0,1
BRDA:73,16,1,1
BRDA:77,17,0,1
BRDA:77,17,1,0
BRDA:79,18,0,1
BRDA:79,18,1,1
BRDA:89,19,0,248
BRDA:89,19,1,248
BRDA:93,20,0,248
BRDA:93,20,1,4
BRDA:94,21,0,248
BRDA:94,21,1,4
BRDA:95,22,0,248
BRDA:95,22,1,248
BRDA:107,23,0,5
BRDA:149,24,0,13
BRDA:149,24,1,10
BRDA:151,25,0,13
BRDA:151,25,1,10
BRDA:154,26,0,4
BRDA:154,26,1,18
BRDA:162,27,0,13
BRDA:162,27,1,5
BRDA:163,28,0,10
BRDA:163,28,1,3
BRDA:165,29,0,9
BRDA:165,29,1,9
BRDA:166,30,0,2
BRDA:166,30,1,1
BRDA:170,31,0,1
BRDA:170,31,1,0
BRDA:170,32,0,1
BRDA:170,32,1,1
BRDA:174,33,0,1
BRDA:174,33,1,0
BRDA:176,34,0,1
BRDA:176,34,1,1
BRDA:186,35,0,18
BRDA:186,35,1,18
BRDA:190,36,0,18
BRDA:190,36,1,13
BRDA:191,37,0,18
BRDA:191,37,1,13
BRDA:192,38,0,18
BRDA:192,38,1,18
BRDA:228,39,0,7
BRDA:228,39,1,3
BRDA:229,40,0,7
BRDA:229,40,1,6
BRDA:230,41,0,2
BRDA:230,41,1,5
BRDA:230,42,0,7
BRDA:230,42,1,2
BRDA:230,42,2,2
BRDA:231,43,0,7
BRDA:231,43,1,0
BRDA:232,44,0,7
BRDA:232,44,1,5
BRDA:233,45,0,7
BRDA:233,45,1,6
BRDA:234,46,0,7
BRDA:234,46,1,0
BRDA:235,47,0,7
BRDA:235,47,1,3
BRDA:237,48,0,7
BRDA:237,48,1,7
BRDA:238,49,0,7
BRDA:238,49,1,7
BRDA:239,50,0,7
BRDA:239,50,1,7
BRDA:240,51,0,7
BRDA:240,51,1,7
BRDA:241,52,0,7
BRDA:241,52,1,5
BRDA:253,53,0,7
BRDA:253,53,1,2
BRDA:262,54,0,7
BRDA:262,54,1,6
BRDA:263,55,0,7
BRDA:263,55,1,7
BRDA:267,56,0,5
BRDA:267,56,1,2
BRDA:267,57,0,7
BRDA:267,57,1,5
BRDA:281,58,0,5
BRDA:281,58,1,1
BRDA:283,59,0,7
BRDA:283,59,1,0
BRDA:283,59,2,0
BRDA:284,60,0,7
BRDA:284,60,1,0
BRDA:285,61,0,7
BRDA:285,61,1,0
BRDA:286,62,0,7
BRDA:286,62,1,0
BRDA:287,63,0,7
BRDA:287,63,1,0
BRDA:303,64,0,0
BRDA:303,64,1,6
BRDA:303,65,0,6
BRDA:303,65,1,0
BRDA:303,65,2,0
BRDA:303,65,3,0
BRDA:303,65,4,0
BRDA:305,66,0,0
BRDA:305,66,1,0
BRDA:323,67,0,2
BRDA:327,68,0,1
BRDA:327,68,1,3
BRDA:331,69,0,3
BRDA:331,69,1,1
BRDA:332,70,0,2
BRDA:332,70,1,1
BRDA:333,71,0,3
BRDA:333,71,1,1
BRDA:338,72,0,2
BRDA:338,72,1,1
BRDA:339,73,0,2
BRDA:339,73,1,1
BRDA:342,74,0,1
BRDA:342,74,1,1
BRDA:349,75,0,0
BRDA:349,75,1,1
BRDA:349,76,0,1
BRDA:349,76,1,0
BRDA:349,76,2,0
BRDA:353,77,0,0
BRDA:353,77,1,0
BRDA:369,78,0,1
BRDA:394,79,0,4
BRDA:394,79,1,4
BRDA:395,80,0,4
BRDA:395,80,1,4
BRDA:396,81,0,0
BRDA:396,81,1,4
BRDA:396,82,0,4
BRDA:396,82,1,0
BRDA:396,82,2,0
BRDA:397,83,0,4
BRDA:397,83,1,1
BRDA:398,84,0,4
BRDA:398,84,1,4
BRDA:399,85,0,4
BRDA:399,85,1,4
BRDA:400,86,0,4
BRDA:400,86,1,1
BRDA:401,87,0,4
BRDA:401,87,1,4
BRDA:403,88,0,4
BRDA:403,88,1,4
BRDA:404,89,0,4
BRDA:404,89,1,4
BRDA:405,90,0,4
BRDA:405,90,1,4
BRDA:406,91,0,4
BRDA:406,91,1,4
BRDA:407,92,0,4
BRDA:407,92,1,4
BRDA:427,93,0,2
BRDA:427,93,1,2
BRDA:428,94,0,2
BRDA:428,94,1,2
BRDA:433,95,0,1
BRDA:433,95,1,3
BRDA:438,96,0,1
BRDA:438,96,1,2
BRDA:438,97,0,3
BRDA:438,97,1,1
BRDA:444,98,0,1
BRDA:444,98,1,1
BRDA:444,98,2,1
BRDA:445,99,0,1
BRDA:445,99,1,0
BRDA:446,100,0,1
BRDA:446,100,1,0
BRDA:447,101,0,1
BRDA:447,101,1,0
BRDA:448,102,0,1
BRDA:448,102,1,0
BRDA:474,103,0,2
BRDA:480,104,0,0
BRDA:480,104,1,2
BRDA:481,105,0,0
BRDA:481,105,1,2
BRDA:484,106,0,1
BRDA:484,106,1,1
BRDA:495,107,0,5
BRDA:527,108,0,3
BRDA:527,108,1,6
BRDA:530,109,0,3
BRDA:530,109,1,6
BRDA:537,110,0,5
BRDA:537,110,1,0
BRDA:538,111,0,2
BRDA:538,111,1,3
BRDA:540,112,0,0
BRDA:540,112,1,0
BRDA:541,113,0,2
BRDA:541,113,1,1
BRDA:545,114,0,1
BRDA:545,114,1,0
BRDA:545,115,0,1
BRDA:545,115,1,1
BRDA:549,116,0,1
BRDA:549,116,1,0
BRDA:551,117,0,1
BRDA:551,117,1,1
BRDA:570,118,0,4
BRDA:602,119,0,1
BRDA:602,119,1,4
BRDA:605,120,0,1
BRDA:605,120,1,4
BRDA:612,121,0,4
BRDA:612,121,1,0
BRDA:613,122,0,3
BRDA:613,122,1,1
BRDA:615,123,0,1
BRDA:615,123,1,1
BRDA:616,124,0,1
BRDA:616,124,1,0
BRDA:620,125,0,0
BRDA:620,125,1,0
BRDA:620,126,0,0
BRDA:620,126,1,0
BRDA:624,127,0,0
BRDA:624,127,1,0
BRDA:626,128,0,0
BRDA:626,128,1,0
BRDA:645,129,0,4
BRDA:677,130,0,1
BRDA:677,130,1,4
BRDA:680,131,0,1
BRDA:680,131,1,4
BRDA:687,132,0,4
BRDA:687,132,1,0
BRDA:688,133,0,2
BRDA:688,133,1,2
BRDA:690,134,0,0
BRDA:690,134,1,0
BRDA:691,135,0,1
BRDA:691,135,1,1
BRDA:695,136,0,1
BRDA:695,136,1,0
BRDA:695,137,0,1
BRDA:695,137,1,1
BRDA:699,138,0,1
BRDA:699,138,1,0
BRDA:701,139,0,1
BRDA:701,139,1,1
BRDA:720,140,0,0
BRDA:723,141,0,2
BRDA:723,141,1,1
BRDA:724,142,0,2
BRDA:724,142,1,1
BRDA:726,143,0,1
BRDA:726,143,1,1
BRDA:727,144,0,1
BRDA:727,144,1,1
BRDA:728,145,0,1
BRDA:728,145,1,1
BRDA:729,146,0,1
BRDA:729,146,1,1
BRF:292
BRH:235
end_of_record
TN:
SF:models\paymentMethod.js
FN:5,(anonymous_0)
FN:46,(anonymous_1)
FN:87,(anonymous_2)
FN:128,(anonymous_3)
FN:169,(anonymous_4)
FN:222,(anonymous_5)
FN:274,(anonymous_6)
FN:305,(anonymous_7)
FN:346,(anonymous_8)
FN:389,(anonymous_9)
FN:411,(anonymous_10)
FNF:11
FNH:11
FNDA:8,(anonymous_0)
FNDA:4,(anonymous_1)
FNDA:6,(anonymous_2)
FNDA:3,(anonymous_3)
FNDA:3,(anonymous_4)
FNDA:2,(anonymous_5)
FNDA:2,(anonymous_6)
FNDA:2,(anonymous_7)
FNDA:2,(anonymous_8)
FNDA:3,(anonymous_9)
FNDA:2,(anonymous_10)
DA:1,19
DA:6,8
DA:8,8
DA:16,8
DA:18,8
DA:26,8
DA:28,8
DA:29,4
DA:30,4
DA:31,4
DA:33,1
DA:36,7
DA:38,7
DA:39,6
DA:41,1
DA:47,4
DA:49,4
DA:57,4
DA:59,4
DA:67,4
DA:69,4
DA:70,3
DA:71,3
DA:72,1
DA:74,1
DA:77,3
DA:79,3
DA:80,2
DA:82,1
DA:88,6
DA:90,6
DA:98,5
DA:100,5
DA:108,5
DA:110,5
DA:111,2
DA:112,2
DA:115,5
DA:117,4
DA:118,1
DA:121,3
DA:123,2
DA:129,3
DA:131,3
DA:139,3
DA:141,3
DA:149,3
DA:151,3
DA:152,1
DA:153,1
DA:156,3
DA:158,2
DA:159,1
DA:162,1
DA:164,1
DA:170,3
DA:173,3
DA:176,3
DA:184,3
DA:187,3
DA:188,2
DA:189,2
DA:190,1
DA:193,1
DA:194,1
DA:195,0
DA:200,2
DA:201,1
DA:205,1
DA:207,1
DA:211,1
DA:214,2
DA:215,2
DA:217,2
DA:223,2
DA:224,2
DA:231,2
DA:235,2
DA:237,2
DA:238,2
DA:239,2
DA:240,0
DA:242,0
DA:243,0
DA:244,0
DA:245,0
DA:249,2
DA:255,2
DA:256,2
DA:257,2
DA:258,2
DA:261,2
DA:263,2
DA:264,1
DA:267,1
DA:269,1
DA:275,2
DA:276,2
DA:283,2
DA:285,2
DA:286,2
DA:287,2
DA:288,2
DA:289,2
DA:292,2
DA:294,2
DA:295,1
DA:298,1
DA:300,1
DA:306,2
DA:307,2
DA:308,2
DA:309,1
DA:312,1
DA:319,1
DA:321,1
DA:322,1
DA:327,1
DA:328,1
DA:329,1
DA:330,1
DA:333,1
DA:335,1
DA:336,0
DA:339,1
DA:341,1
DA:347,2
DA:348,2
DA:355,2
DA:357,2
DA:358,1
DA:360,1
DA:361,1
DA:362,3
DA:367,3
DA:368,3
DA:369,3
DA:370,3
DA:372,3
DA:375,1
DA:376,1
DA:378,0
DA:379,0
DA:381,1
DA:384,1
DA:390,3
DA:412,2
DA:413,2
DA:414,2
DA:416,2
DA:417,1
DA:418,1
DA:422,1
DA:427,19
LF:154
LH:145
BRDA:5,0,0,2
BRDA:28,1,0,4
BRDA:28,1,1,4
BRDA:28,2,0,8
BRDA:28,2,1,5
BRDA:31,3,0,1
BRDA:31,3,1,3
BRDA:31,4,0,4
BRDA:31,4,1,1
BRDA:46,5,0,0
BRDA:69,6,0,3
BRDA:69,6,1,1
BRDA:69,7,0,4
BRDA:69,7,1,4
BRDA:72,8,0,1
BRDA:72,8,1,0
BRDA:72,9,0,1
BRDA:72,9,1,1
BRDA:87,10,0,4
BRDA:110,11,0,2
BRDA:110,11,1,3
BRDA:110,12,0,5
BRDA:110,12,1,5
BRDA:117,13,0,1
BRDA:117,13,1,3
BRDA:128,14,0,2
BRDA:151,15,0,1
BRDA:151,15,1,2
BRDA:151,16,0,3
BRDA:151,16,1,3
BRDA:158,17,0,1
BRDA:158,17,1,1
BRDA:172,18,0,3
BRDA:187,19,0,2
BRDA:187,19,1,1
BRDA:187,20,0,3
BRDA:187,20,1,3
BRDA:189,21,0,1
BRDA:189,21,1,1
BRDA:194,22,0,0
BRDA:194,22,1,1
BRDA:200,23,0,1
BRDA:200,23,1,1
BRDA:200,24,0,2
BRDA:200,24,1,2
BRDA:205,25,0,1
BRDA:205,25,1,1
BRDA:211,26,0,1
BRDA:211,26,1,1
BRDA:237,27,0,2
BRDA:237,27,1,0
BRDA:237,28,0,2
BRDA:237,28,1,2
BRDA:237,28,2,2
BRDA:239,29,0,0
BRDA:239,29,1,2
BRDA:239,30,0,2
BRDA:239,30,1,0
BRDA:242,31,0,0
BRDA:242,31,1,0
BRDA:242,32,0,0
BRDA:242,32,1,0
BRDA:242,32,2,0
BRDA:244,33,0,0
BRDA:244,33,1,0
BRDA:244,34,0,0
BRDA:244,34,1,0
BRDA:256,35,0,2
BRDA:256,35,1,0
BRDA:256,36,0,2
BRDA:256,36,1,2
BRDA:263,37,0,1
BRDA:263,37,1,1
BRDA:287,38,0,2
BRDA:287,38,1,0
BRDA:287,39,0,2
BRDA:287,39,1,2
BRDA:294,40,0,1
BRDA:294,40,1,1
BRDA:308,41,0,1
BRDA:308,41,1,1
BRDA:328,42,0,1
BRDA:328,42,1,0
BRDA:328,43,0,1
BRDA:328,43,1,1
BRDA:335,44,0,0
BRDA:335,44,1,1
BRDA:368,45,0,3
BRDA:368,45,1,0
BRDA:368,46,0,3
BRDA:368,46,1,3
BRDA:416,47,0,1
BRDA:416,47,1,1
BRF:93
BRH:73
end_of_record
TN:
SF:models\promoBanner.js
FN:12,(anonymous_0)
FN:17,(anonymous_1)
FN:28,(anonymous_2)
FN:33,(anonymous_3)
FN:48,(anonymous_4)
FN:63,(anonymous_5)
FN:85,(anonymous_6)
FN:107,(anonymous_7)
FNF:8
FNH:8
FNDA:3,(anonymous_0)
FNDA:2,(anonymous_1)
FNDA:3,(anonymous_2)
FNDA:2,(anonymous_3)
FNDA:8,(anonymous_4)
FNDA:3,(anonymous_5)
FNDA:2,(anonymous_6)
FNDA:2,(anonymous_7)
DA:1,18
DA:13,3
DA:17,3
DA:29,3
DA:33,3
DA:49,8
DA:53,8
DA:54,6
DA:55,6
DA:64,3
DA:65,3
DA:66,3
DA:67,3
DA:68,3
DA:70,3
DA:74,3
DA:75,3
DA:86,2
DA:87,2
DA:89,1
DA:90,1
DA:91,1
DA:92,1
DA:94,1
DA:98,1
DA:108,2
DA:109,2
DA:113,18
LF:28
LH:28
BRDA:36,0,0,2
BRDA:36,0,1,1
BRDA:53,1,0,2
BRDA:53,1,1,6
BRDA:66,2,0,1
BRDA:66,2,1,2
BRDA:66,3,0,2
BRDA:66,3,1,1
BRDA:67,4,0,1
BRDA:67,4,1,2
BRDA:67,5,0,3
BRDA:67,5,1,1
BRDA:68,6,0,3
BRDA:68,6,1,0
BRDA:87,7,0,1
BRDA:87,7,1,1
BRDA:89,8,0,0
BRDA:89,8,1,1
BRDA:90,9,0,1
BRDA:90,9,1,0
BRDA:90,10,0,0
BRDA:90,10,1,1
BRDA:90,11,0,1
BRDA:90,11,1,1
BRDA:91,12,0,1
BRDA:91,12,1,0
BRDA:91,13,0,1
BRDA:91,13,1,0
BRDA:91,14,0,1
BRDA:91,14,1,1
BRDA:92,15,0,0
BRDA:92,15,1,1
BRDA:92,16,0,0
BRDA:92,16,1,0
BRDA:92,17,0,1
BRDA:92,17,1,0
BRF:36
BRH:26
end_of_record
TN:
SF:models\taxSettings.js
FN:10,(anonymous_0)
FN:52,(anonymous_1)
FN:58,(anonymous_2)
FN:97,(anonymous_3)
FN:108,(anonymous_4)
FN:120,(anonymous_5)
FNF:6
FNH:5
FNDA:4,(anonymous_0)
FNDA:1,(anonymous_1)
FNDA:0,(anonymous_2)
FNDA:1,(anonymous_3)
FNDA:19,(anonymous_4)
FNDA:2,(anonymous_5)
DA:1,17
DA:4,17
DA:5,17
DA:6,17
DA:11,4
DA:12,4
DA:13,1
DA:15,3
DA:16,3
DA:17,3
DA:18,3
DA:19,3
DA:20,3
DA:22,3
DA:23,3
DA:26,3
DA:27,0
DA:36,3
DA:43,3
DA:44,3
DA:45,3
DA:47,0
DA:53,1
DA:54,1
DA:55,1
DA:56,1
DA:58,0
DA:60,1
DA:62,1
DA:63,1
DA:64,1
DA:68,1
DA:78,0
DA:79,0
DA:83,0
DA:92,0
DA:98,1
DA:99,1
DA:100,1
DA:101,1
DA:102,1
DA:103,1
DA:105,1
DA:106,1
DA:108,19
DA:115,0
DA:121,2
DA:122,2
DA:124,2
DA:125,0
DA:132,2
DA:133,2
DA:139,0
DA:144,17
LF:54
LH:44
BRDA:10,0,0,0
BRDA:11,1,0,4
BRDA:11,1,1,0
BRDA:12,2,0,1
BRDA:12,2,1,3
BRDA:12,3,0,4
BRDA:12,3,1,1
BRDA:12,4,0,1
BRDA:12,4,1,0
BRDA:18,5,0,3
BRDA:18,5,1,0
BRDA:26,6,0,0
BRDA:26,6,1,3
BRDA:52,7,0,0
BRDA:54,8,0,1
BRDA:54,8,1,0
BRDA:60,9,0,0
BRDA:60,10,0,0
BRDA:62,11,0,1
BRDA:62,11,1,0
BRDA:97,12,0,0
BRDA:101,13,0,1
BRDA:101,13,1,0
BRDA:120,14,0,0
BRDA:124,15,0,0
BRDA:124,15,1,2
BRF:26
BRH:12
end_of_record
TN:
SF:models\user.js
FN:5,(anonymous_0)
FN:51,(anonymous_1)
FN:62,(anonymous_2)
FN:97,(anonymous_3)
FN:132,(anonymous_4)
FN:136,(anonymous_5)
FN:146,(anonymous_6)
FN:165,(anonymous_7)
FNF:8
FNH:8
FNDA:2,(anonymous_0)
FNDA:45,(anonymous_1)
FNDA:126,(anonymous_2)
FNDA:30,(anonymous_3)
FNDA:21,(anonymous_4)
FNDA:19,(anonymous_5)
FNDA:3,(anonymous_6)
FNDA:2,(anonymous_7)
DA:1,20
DA:2,20
DA:6,2
DA:9,2
DA:10,2
DA:13,2
DA:21,2
DA:24,2
DA:25,2
DA:29,0
DA:30,0
DA:34,0
DA:36,0
DA:40,0
DA:43,0
DA:44,0
DA:45,0
DA:47,0
DA:52,45
DA:54,45
DA:55,45
DA:56,44
DA:58,1
DA:63,126
DA:65,126
DA:73,126
DA:75,126
DA:79,126
DA:80,125
DA:83,125
DA:84,3
DA:87,125
DA:89,1
DA:98,30
DA:100,30
DA:108,30
DA:110,1
DA:111,1
DA:115,29
DA:123,29
DA:124,27
DA:127,2
DA:128,1
DA:133,21
DA:137,19
DA:139,19
DA:140,19
DA:142,0
DA:147,3
DA:148,3
DA:150,3
DA:151,2
DA:152,2
DA:155,3
DA:157,3
DA:158,3
DA:159,3
DA:161,0
DA:166,2
DA:168,2
DA:169,2
DA:170,2
DA:172,0
DA:177,20
LF:64
LH:52
BRDA:6,0,0,2
BRDA:24,1,0,2
BRDA:24,1,1,0
BRDA:24,2,0,2
BRDA:24,2,1,2
BRDA:24,2,2,2
BRDA:29,3,0,0
BRDA:29,3,1,0
BRDA:34,4,0,0
BRDA:34,4,1,0
BRDA:45,5,0,0
BRDA:45,5,1,0
BRDA:56,6,0,44
BRDA:56,6,1,4
BRDA:75,7,0,123
BRDA:75,7,1,3
BRDA:80,8,0,125
BRDA:80,8,1,1
BRDA:83,9,0,3
BRDA:83,9,1,122
BRDA:83,10,0,125
BRDA:83,10,1,124
BRDA:108,11,0,1
BRDA:108,11,1,29
BRDA:111,12,0,1
BRDA:111,12,1,0
BRDA:124,13,0,27
BRDA:124,13,1,1
BRDA:128,14,0,1
BRDA:128,14,1,0
BRDA:146,15,0,1
BRDA:150,16,0,2
BRDA:150,16,1,1
BRF:33
BRH:24
end_of_record
TN:
SF:routes\auth.js
FN:8,registerAuth
FN:10,(anonymous_1)
FN:44,(anonymous_2)
FN:65,(anonymous_3)
FN:86,(anonymous_4)
FN:107,(anonymous_5)
FN:134,(anonymous_6)
FN:183,(anonymous_7)
FN:233,(anonymous_8)
FN:249,(anonymous_9)
FNF:10
FNH:8
FNDA:18,registerAuth
FNDA:5,(anonymous_1)
FNDA:3,(anonymous_2)
FNDA:0,(anonymous_3)
FNDA:0,(anonymous_4)
FNDA:2,(anonymous_5)
FNDA:24,(anonymous_6)
FNDA:6,(anonymous_7)
FNDA:2,(anonymous_8)
FNDA:1,(anonymous_9)
DA:1,18
DA:2,18
DA:3,18
DA:4,18
DA:5,18
DA:6,18
DA:8,18
DA:10,18
DA:11,5
DA:12,5
DA:14,5
DA:15,5
DA:16,1
DA:19,4
DA:21,1
DA:33,1
DA:39,3
DA:40,3
DA:44,18
DA:45,3
DA:46,3
DA:48,3
DA:49,3
DA:50,1
DA:53,2
DA:55,1
DA:60,1
DA:61,1
DA:65,18
DA:66,0
DA:67,0
DA:69,0
DA:70,0
DA:71,0
DA:74,0
DA:76,0
DA:81,0
DA:82,0
DA:86,18
DA:87,0
DA:88,0
DA:90,0
DA:91,0
DA:92,0
DA:95,0
DA:97,0
DA:102,0
DA:103,0
DA:107,18
DA:108,2
DA:109,2
DA:110,1
DA:113,1
DA:115,1
DA:116,1
DA:117,0
DA:120,1
DA:122,1
DA:127,0
DA:128,0
DA:134,18
DA:135,24
DA:136,24
DA:138,24
DA:139,22
DA:140,1
DA:143,21
DA:144,21
DA:145,21
DA:146,2
DA:149,19
DA:151,19
DA:152,19
DA:164,19
DA:178,2
DA:179,2
DA:183,18
DA:184,6
DA:185,6
DA:187,5
DA:188,1
DA:191,4
DA:192,1
DA:212,3
DA:228,1
DA:229,1
DA:233,18
DA:234,2
DA:235,2
DA:236,2
DA:244,1
DA:245,1
DA:249,18
DA:250,1
LF:94
LH:73
BRDA:15,0,0,1
BRDA:15,0,1,4
BRDA:49,1,0,1
BRDA:49,1,1,2
BRDA:70,2,0,0
BRDA:70,2,1,0
BRDA:91,3,0,0
BRDA:91,3,1,0
BRDA:109,4,0,1
BRDA:109,4,1,1
BRDA:116,5,0,0
BRDA:116,5,1,1
BRDA:139,6,0,1
BRDA:139,6,1,21
BRDA:145,7,0,2
BRDA:145,7,1,19
BRDA:187,8,0,1
BRDA:187,8,1,4
BRDA:191,9,0,1
BRDA:191,9,1,3
BRDA:191,10,0,4
BRDA:191,10,1,3
BRDA:257,11,0,1
BRDA:257,11,1,0
BRF:24
BRH:18
end_of_record
TN:
SF:routes\cafe.js
FN:12,registerCafe
FN:14,(anonymous_1)
FN:28,(anonymous_2)
FN:46,(anonymous_3)
FN:103,(anonymous_4)
FN:191,(anonymous_5)
FN:211,(anonymous_6)
FN:245,(anonymous_7)
FN:273,(anonymous_8)
FN:297,(anonymous_9)
FN:315,(anonymous_10)
FN:327,(anonymous_11)
FN:342,(anonymous_12)
FN:343,(anonymous_13)
FN:357,(anonymous_14)
FNF:15
FNH:3
FNDA:17,registerCafe
FNDA:1,(anonymous_1)
FNDA:1,(anonymous_2)
FNDA:0,(anonymous_3)
FNDA:0,(anonymous_4)
FNDA:0,(anonymous_5)
FNDA:0,(anonymous_6)
FNDA:0,(anonymous_7)
FNDA:0,(anonymous_8)
FNDA:0,(anonymous_9)
FNDA:0,(anonymous_10)
FNDA:0,(anonymous_11)
FNDA:0,(anonymous_12)
FNDA:0,(anonymous_13)
FNDA:0,(anonymous_14)
DA:1,17
DA:2,17
DA:3,17
DA:4,17
DA:5,17
DA:6,17
DA:7,17
DA:8,17
DA:9,17
DA:10,17
DA:12,17
DA:14,17
DA:15,1
DA:16,1
DA:17,1
DA:18,1
DA:19,1
DA:20,1
DA:22,0
DA:23,0
DA:28,17
DA:29,1
DA:30,1
DA:32,1
DA:34,1
DA:35,1
DA:38,0
DA:39,0
DA:40,0
DA:43,0
DA:46,0
DA:49,0
DA:52,0
DA:53,0
DA:54,0
DA:55,0
DA:56,0
DA:59,0
DA:60,0
DA:61,0
DA:63,0
DA:65,0
DA:66,0
DA:69,0
DA:70,0
DA:72,0
DA:73,0
DA:78,0
DA:79,0
DA:80,0
DA:82,0
DA:84,0
DA:97,0
DA:103,0
DA:124,0
DA:127,0
DA:128,0
DA:131,0
DA:132,0
DA:138,0
DA:139,0
DA:140,0
DA:141,0
DA:144,0
DA:145,0
DA:146,0
DA:147,0
DA:154,0
DA:155,0
DA:172,0
DA:175,0
DA:185,0
DA:186,0
DA:191,17
DA:192,0
DA:193,0
DA:194,0
DA:196,0
DA:197,0
DA:200,0
DA:201,0
DA:202,0
DA:205,0
DA:206,0
DA:207,0
DA:210,0
DA:211,0
DA:212,0
DA:221,0
DA:236,0
DA:237,0
DA:239,0
DA:240,0
DA:245,17
DA:246,0
DA:247,0
DA:248,0
DA:250,0
DA:251,0
DA:252,0
DA:255,0
DA:256,0
DA:257,0
DA:263,0
DA:264,0
DA:267,0
DA:268,0
DA:273,17
DA:274,0
DA:275,0
DA:276,0
DA:278,0
DA:279,0
DA:280,0
DA:283,0
DA:284,0
DA:285,0
DA:287,0
DA:288,0
DA:291,0
DA:292,0
DA:297,17
DA:298,0
DA:299,0
DA:300,0
DA:302,0
DA:303,0
DA:304,0
DA:307,0
DA:309,0
DA:310,0
DA:315,17
DA:316,0
DA:317,0
DA:318,0
DA:319,0
DA:321,0
DA:322,0
DA:327,17
DA:328,0
DA:329,0
DA:330,0
DA:342,0
DA:343,0
DA:345,0
DA:351,0
DA:352,0
DA:357,17
DA:358,0
DA:359,0
DA:377,0
DA:381,0
DA:382,0
LF:153
LH:31
BRDA:18,0,0,0
BRDA:18,0,1,1
BRDA:34,1,0,1
BRDA:34,1,1,0
BRDA:34,2,0,1
BRDA:34,2,1,0
BRDA:34,2,2,0
BRDA:39,3,0,0
BRDA:39,3,1,0
BRDA:43,4,0,0
BRDA:43,4,1,0
BRDA:52,5,0,0
BRDA:52,5,1,0
BRDA:53,6,0,0
BRDA:53,6,1,0
BRDA:55,7,0,0
BRDA:55,7,1,0
BRDA:60,8,0,0
BRDA:60,8,1,0
BRDA:61,9,0,0
BRDA:61,9,1,0
BRDA:63,10,0,0
BRDA:63,10,1,0
BRDA:65,11,0,0
BRDA:65,11,1,0
BRDA:69,12,0,0
BRDA:69,12,1,0
BRDA:72,13,0,0
BRDA:72,13,1,0
BRDA:79,14,0,0
BRDA:79,14,1,0
BRDA:79,15,0,0
BRDA:79,15,1,0
BRDA:80,16,0,0
BRDA:80,16,1,0
BRDA:80,17,0,0
BRDA:80,17,1,0
BRDA:82,18,0,0
BRDA:82,18,1,0
BRDA:82,19,0,0
BRDA:82,19,1,0
BRDA:87,20,0,0
BRDA:87,20,1,0
BRDA:100,21,0,0
BRDA:100,21,1,0
BRDA:102,22,0,0
BRDA:102,22,1,0
BRDA:115,23,0,0
BRDA:115,23,1,0
BRDA:120,24,0,0
BRDA:120,24,1,0
BRDA:127,25,0,0
BRDA:127,25,1,0
BRDA:131,26,0,0
BRDA:131,26,1,0
BRDA:138,27,0,0
BRDA:138,27,1,0
BRDA:138,28,0,0
BRDA:138,28,1,0
BRDA:140,29,0,0
BRDA:140,29,1,0
BRDA:140,30,0,0
BRDA:140,30,1,0
BRDA:140,30,2,0
BRDA:146,31,0,0
BRDA:146,31,1,0
BRDA:154,32,0,0
BRDA:154,32,1,0
BRDA:160,33,0,0
BRDA:160,33,1,0
BRDA:169,34,0,0
BRDA:169,34,1,0
BRDA:176,35,0,0
BRDA:176,35,1,0
BRDA:178,36,0,0
BRDA:178,36,1,0
BRDA:196,37,0,0
BRDA:196,37,1,0
BRDA:201,38,0,0
BRDA:201,38,1,0
BRDA:206,39,0,0
BRDA:206,39,1,0
BRDA:211,40,0,0
BRDA:211,40,1,0
BRDA:224,41,0,0
BRDA:224,41,1,0
BRDA:225,42,0,0
BRDA:225,42,1,0
BRDA:226,43,0,0
BRDA:226,43,1,0
BRDA:229,44,0,0
BRDA:229,44,1,0
BRDA:230,45,0,0
BRDA:230,45,1,0
BRDA:232,46,0,0
BRDA:232,46,1,0
BRDA:251,47,0,0
BRDA:251,47,1,0
BRDA:279,48,0,0
BRDA:279,48,1,0
BRDA:303,49,0,0
BRDA:303,49,1,0
BRDA:329,50,0,0
BRDA:329,50,1,0
BRDA:342,51,0,0
BRDA:342,51,1,0
BRDA:343,52,0,0
BRDA:343,52,1,0
BRF:108
BRH:3
end_of_record
TN:
SF:routes\customers.js
FN:9,registerCustomers
FN:10,(anonymous_1)
FN:37,(anonymous_2)
FN:66,(anonymous_3)
FN:88,(anonymous_4)
FN:143,(anonymous_5)
FN:200,(anonymous_6)
FN:263,(anonymous_7)
FN:292,(anonymous_8)
FN:336,(anonymous_9)
FN:372,(anonymous_10)
FN:389,(anonymous_11)
FNF:12
FNH:12
FNDA:18,registerCustomers
FNDA:5,(anonymous_1)
FNDA:5,(anonymous_2)
FNDA:6,(anonymous_3)
FNDA:9,(anonymous_4)
FNDA:7,(anonymous_5)
FNDA:5,(anonymous_6)
FNDA:2,(anonymous_7)
FNDA:5,(anonymous_8)
FNDA:5,(anonymous_9)
FNDA:3,(anonymous_10)
FNDA:6,(anonymous_11)
DA:1,18
DA:2,18
DA:3,18
DA:4,18
DA:5,18
DA:6,18
DA:7,18
DA:9,18
DA:10,18
DA:11,5
DA:13,5
DA:14,5
DA:16,5
DA:17,1
DA:18,4
DA:19,3
DA:24,5
DA:25,1
DA:28,5
DA:29,4
DA:31,1
DA:32,1
DA:37,18
DA:38,5
DA:40,5
DA:41,5
DA:43,5
DA:44,0
DA:45,5
DA:46,5
DA:51,5
DA:52,0
DA:55,5
DA:56,5
DA:57,5
DA:58,4
DA:60,1
DA:61,1
DA:66,18
DA:67,6
DA:68,6
DA:69,6
DA:70,6
DA:71,2
DA:73,4
DA:75,3
DA:76,2
DA:79,1
DA:81,1
DA:82,1
DA:88,18
DA:89,9
DA:90,9
DA:92,9
DA:93,9
DA:94,3
DA:97,6
DA:98,6
DA:101,6
DA:102,6
DA:103,5
DA:104,5
DA:107,1
DA:111,6
DA:112,6
DA:114,5
DA:116,1
DA:133,1
DA:135,4
DA:138,1
DA:143,18
DA:144,7
DA:145,7
DA:147,7
DA:148,7
DA:149,1
DA:151,6
DA:152,6
DA:153,1
DA:156,5
DA:157,5
DA:160,5
DA:161,5
DA:162,4
DA:163,3
DA:166,1
DA:169,5
DA:170,2
DA:175,3
DA:186,3
DA:187,3
DA:188,1
DA:191,2
DA:192,1
DA:194,1
DA:195,1
DA:200,18
DA:201,5
DA:202,5
DA:204,5
DA:205,5
DA:206,1
DA:209,4
DA:210,4
DA:211,1
DA:214,3
DA:215,3
DA:216,3
DA:217,3
DA:218,3
DA:223,3
DA:224,2
DA:225,1
DA:228,1
DA:235,1
DA:238,1
DA:255,1
DA:257,1
DA:258,1
DA:263,18
DA:264,2
DA:265,2
DA:268,2
DA:269,2
DA:271,2
DA:272,0
DA:273,2
DA:274,2
DA:279,2
DA:280,0
DA:283,2
DA:284,1
DA:286,1
DA:287,1
DA:292,18
DA:293,5
DA:294,5
DA:296,5
DA:297,1
DA:301,4
DA:302,4
DA:304,4
DA:305,1
DA:306,3
DA:307,2
DA:311,4
DA:312,1
DA:317,3
DA:327,3
DA:328,2
DA:330,1
DA:331,1
DA:336,18
DA:337,5
DA:338,5
DA:339,5
DA:340,5
DA:341,1
DA:343,4
DA:345,4
DA:346,4
DA:347,1
DA:350,3
DA:360,3
DA:361,1
DA:363,2
DA:364,1
DA:366,1
DA:367,1
DA:372,18
DA:373,3
DA:374,3
DA:375,3
DA:376,3
DA:377,1
DA:379,2
DA:380,1
DA:382,1
DA:383,1
DA:389,18
DA:390,6
DA:391,6
DA:392,6
DA:393,6
DA:394,1
DA:396,5
DA:398,5
DA:399,1
DA:402,4
DA:403,1
DA:405,3
DA:406,2
DA:408,1
DA:409,1
LF:194
LH:190
BRDA:14,0,0,5
BRDA:14,0,1,0
BRDA:16,1,0,1
BRDA:16,1,1,4
BRDA:16,2,0,5
BRDA:16,2,1,2
BRDA:18,3,0,3
BRDA:18,3,1,1
BRDA:24,4,0,1
BRDA:24,4,1,4
BRDA:24,5,0,5
BRDA:24,5,1,5
BRDA:24,5,2,1
BRDA:41,6,0,5
BRDA:41,6,1,0
BRDA:43,7,0,0
BRDA:43,7,1,5
BRDA:43,8,0,5
BRDA:43,8,1,3
BRDA:45,9,0,5
BRDA:45,9,1,0
BRDA:51,10,0,0
BRDA:51,10,1,5
BRDA:51,11,0,5
BRDA:51,11,1,5
BRDA:51,11,2,0
BRDA:56,12,0,3
BRDA:56,12,1,2
BRDA:70,13,0,2
BRDA:70,13,1,4
BRDA:75,14,0,2
BRDA:75,14,1,1
BRDA:93,15,0,3
BRDA:93,15,1,6
BRDA:98,16,0,6
BRDA:98,16,1,4
BRDA:98,17,0,6
BRDA:98,17,1,4
BRDA:103,18,0,5
BRDA:103,18,1,0
BRDA:114,19,0,1
BRDA:114,19,1,4
BRDA:148,20,0,1
BRDA:148,20,1,6
BRDA:152,21,0,1
BRDA:152,21,1,5
BRDA:157,22,0,5
BRDA:157,22,1,5
BRDA:157,23,0,5
BRDA:157,23,1,5
BRDA:162,24,0,3
BRDA:162,24,1,1
BRDA:169,25,0,2
BRDA:169,25,1,3
BRDA:180,26,0,0
BRDA:180,26,1,3
BRDA:180,27,0,3
BRDA:180,27,1,0
BRDA:187,28,0,1
BRDA:187,28,1,2
BRDA:195,29,0,1
BRDA:195,29,1,0
BRDA:205,30,0,1
BRDA:205,30,1,4
BRDA:210,31,0,1
BRDA:210,31,1,3
BRDA:215,32,0,3
BRDA:215,32,1,3
BRDA:215,33,0,3
BRDA:215,33,1,3
BRDA:218,34,0,3
BRDA:218,34,1,0
BRDA:224,35,0,1
BRDA:224,35,1,1
BRDA:232,36,0,0
BRDA:232,36,1,1
BRDA:232,37,0,1
BRDA:232,37,1,0
BRDA:269,38,0,2
BRDA:269,38,1,0
BRDA:271,39,0,0
BRDA:271,39,1,2
BRDA:271,40,0,2
BRDA:271,40,1,0
BRDA:273,41,0,2
BRDA:273,41,1,0
BRDA:279,42,0,0
BRDA:279,42,1,2
BRDA:279,43,0,2
BRDA:279,43,1,2
BRDA:279,43,2,0
BRDA:296,44,0,1
BRDA:296,44,1,4
BRDA:302,45,0,4
BRDA:302,45,1,0
BRDA:304,46,0,1
BRDA:304,46,1,3
BRDA:304,47,0,4
BRDA:304,47,1,1
BRDA:306,48,0,2
BRDA:306,48,1,1
BRDA:311,49,0,1
BRDA:311,49,1,3
BRDA:319,50,0,1
BRDA:319,50,1,2
BRDA:320,51,0,1
BRDA:320,51,1,2
BRDA:321,52,0,0
BRDA:321,52,1,3
BRDA:322,53,0,3
BRDA:322,53,1,3
BRDA:323,54,0,0
BRDA:323,54,1,3
BRDA:331,55,0,1
BRDA:331,55,1,0
BRDA:340,56,0,1
BRDA:340,56,1,4
BRDA:346,57,0,1
BRDA:346,57,1,3
BRDA:355,58,0,0
BRDA:355,58,1,3
BRDA:355,59,0,3
BRDA:355,59,1,0
BRDA:357,60,0,0
BRDA:357,60,1,3
BRDA:363,61,0,1
BRDA:363,61,1,1
BRDA:376,62,0,1
BRDA:376,62,1,2
BRDA:393,63,0,1
BRDA:393,63,1,5
BRDA:398,64,0,1
BRDA:398,64,1,4
BRDA:398,65,0,5
BRDA:398,65,1,4
BRDA:405,66,0,2
BRDA:405,66,1,1
BRDA:405,67,0,3
BRDA:405,67,1,2
BRF:139
BRH:113
end_of_record
TN:
SF:routes\health.js
FN:4,registerHealth
FN:5,(anonymous_1)
FNF:2
FNH:2
FNDA:17,registerHealth
FNDA:12,(anonymous_1)
DA:1,17
DA:2,17
DA:4,17
DA:5,17
DA:6,12
DA:7,12
DA:8,12
DA:9,12
DA:10,12
DA:18,12
DA:20,12
DA:21,12
DA:22,12
DA:24,0
DA:25,0
DA:28,0
DA:29,0
DA:35,0
DA:36,0
LF:19
LH:13
BRDA:6,0,0,12
BRDA:6,0,1,0
BRDA:11,1,0,12
BRDA:11,1,1,0
BRDA:13,2,0,12
BRDA:13,2,1,0
BRDA:16,3,0,12
BRDA:16,3,1,0
BRDA:18,4,0,12
BRDA:18,4,1,0
BRDA:20,5,0,12
BRDA:20,5,1,0
BRDA:35,6,0,0
BRDA:35,6,1,0
BRF:14
BRH:6
end_of_record
TN:
SF:routes\helpers.js
FN:3,getOrderCafeId
FN:21,getInventoryCafeId
FN:39,requireOrderCafeScope
FN:49,requireInventoryCafeScope
FN:59,isInvalidCustomerPhone
FN:63,parseInventoryId
FN:74,validateQuantity
FN:88,validateInventoryStrings
FN:106,parseListLimitOffset
FNF:9
FNH:9
FNDA:56,getOrderCafeId
FNDA:51,getInventoryCafeId
FNDA:24,requireOrderCafeScope
FNDA:29,requireInventoryCafeScope
FNDA:5,isInvalidCustomerPhone
FNDA:19,parseInventoryId
FNDA:19,validateQuantity
FNDA:8,validateInventoryStrings
FNDA:13,parseListLimitOffset
DA:1,18
DA:4,56
DA:5,56
DA:6,54
DA:7,1
DA:8,53
DA:9,50
DA:12,56
DA:13,3
DA:14,3
DA:15,1
DA:18,56
DA:22,51
DA:23,51
DA:24,50
DA:25,0
DA:26,50
DA:27,50
DA:30,51
DA:31,0
DA:32,0
DA:33,0
DA:36,51
DA:40,24
DA:41,24
DA:42,0
DA:43,0
DA:50,29
DA:51,29
DA:52,0
DA:53,0
DA:60,5
DA:64,19
DA:65,2
DA:67,17
DA:68,17
DA:69,8
DA:71,9
DA:75,19
DA:76,15
DA:77,15
DA:78,10
DA:81,18
DA:89,8
DA:90,1
DA:92,7
DA:93,1
DA:95,6
DA:96,0
DA:98,6
DA:99,0
DA:101,6
DA:104,18
DA:107,13
DA:108,13
DA:109,13
DA:110,13
DA:111,13
DA:114,18
LF:59
LH:49
BRDA:5,0,0,54
BRDA:5,0,1,2
BRDA:6,1,0,1
BRDA:6,1,1,53
BRDA:6,2,0,54
BRDA:6,2,1,50
BRDA:8,3,0,50
BRDA:8,3,1,3
BRDA:12,4,0,3
BRDA:12,4,1,53
BRDA:12,5,0,56
BRDA:12,5,1,54
BRDA:12,5,2,3
BRDA:12,5,3,3
BRDA:14,6,0,1
BRDA:14,6,1,2
BRDA:14,7,0,3
BRDA:14,7,1,2
BRDA:23,8,0,50
BRDA:23,8,1,1
BRDA:24,9,0,0
BRDA:24,9,1,50
BRDA:24,10,0,50
BRDA:24,10,1,49
BRDA:26,11,0,50
BRDA:26,11,1,0
BRDA:30,12,0,0
BRDA:30,12,1,51
BRDA:30,13,0,51
BRDA:30,13,1,50
BRDA:30,13,2,0
BRDA:30,13,3,0
BRDA:32,14,0,0
BRDA:32,14,1,0
BRDA:32,15,0,0
BRDA:32,15,1,0
BRDA:41,16,0,24
BRDA:41,16,1,0
BRDA:42,17,0,0
BRDA:42,17,1,0
BRDA:42,18,0,0
BRDA:42,18,1,0
BRDA:51,19,0,29
BRDA:51,19,1,0
BRDA:52,20,0,0
BRDA:52,20,1,0
BRDA:52,21,0,0
BRDA:52,21,1,0
BRDA:60,22,0,5
BRDA:60,22,1,4
BRDA:64,23,0,2
BRDA:64,23,1,17
BRDA:64,24,0,19
BRDA:64,24,1,18
BRDA:68,25,0,8
BRDA:68,25,1,9
BRDA:68,26,0,17
BRDA:68,26,1,13
BRDA:75,27,0,4
BRDA:75,27,1,15
BRDA:75,28,0,19
BRDA:75,28,1,17
BRDA:75,28,2,16
BRDA:77,29,0,5
BRDA:77,29,1,10
BRDA:77,30,0,15
BRDA:77,30,1,13
BRDA:89,31,0,1
BRDA:89,31,1,7
BRDA:89,32,0,8
BRDA:89,32,1,6
BRDA:92,33,0,1
BRDA:92,33,1,6
BRDA:92,34,0,7
BRDA:92,34,1,5
BRDA:95,35,0,0
BRDA:95,35,1,6
BRDA:95,36,0,6
BRDA:95,36,1,4
BRDA:98,37,0,0
BRDA:98,37,1,6
BRDA:98,38,0,6
BRDA:98,38,1,0
BRDA:109,39,0,7
BRDA:109,39,1,6
BRDA:109,40,0,13
BRDA:109,40,1,6
BRDA:110,41,0,9
BRDA:110,41,1,4
BRDA:110,42,0,13
BRDA:110,42,1,6
BRF:91
BRH:69
end_of_record
TN:
SF:routes\index.js
FN:5,registerRoutes
FNF:1
FNH:1
FNDA:17,registerRoutes
DA:6,17
DA:7,17
DA:8,17
DA:9,17
DA:10,17
DA:11,17
DA:12,17
DA:13,17
DA:14,17
DA:15,17
DA:18,17
LF:11
LH:11
BRF:0
BRH:0
end_of_record
TN:
SF:routes\inventory.js
FN:10,registerInventory
FN:11,(anonymous_1)
FN:23,(anonymous_2)
FN:81,(anonymous_3)
FN:146,(anonymous_4)
FN:168,(anonymous_5)
FN:180,(anonymous_6)
FN:206,(anonymous_7)
FN:218,(anonymous_8)
FN:230,(anonymous_9)
FN:242,(anonymous_10)
FN:257,(anonymous_11)
FN:271,(anonymous_12)
FN:303,(anonymous_13)
FN:327,(anonymous_14)
FN:345,(anonymous_15)
FN:349,(anonymous_16)
FN:357,(anonymous_17)
FN:389,(anonymous_18)
FNF:19
FNH:14
FNDA:17,registerInventory
FNDA:1,(anonymous_1)
FNDA:9,(anonymous_2)
FNDA:4,(anonymous_3)
FNDA:2,(anonymous_4)
FNDA:1,(anonymous_5)
FNDA:4,(anonymous_6)
FNDA:1,(anonymous_7)
FNDA:1,(anonymous_8)
FNDA:1,(anonymous_9)
FNDA:1,(anonymous_10)
FNDA:1,(anonymous_11)
FNDA:1,(anonymous_12)
FNDA:3,(anonymous_13)
FNDA:0,(anonymous_14)
FNDA:0,(anonymous_15)
FNDA:0,(anonymous_16)
FNDA:0,(anonymous_17)
FNDA:0,(anonymous_18)
DA:1,17
DA:2,17
DA:3,17
DA:4,17
DA:5,17
DA:6,17
DA:7,17
DA:8,17
DA:10,17
DA:11,17
DA:12,1
DA:13,1
DA:14,1
DA:15,1
DA:17,0
DA:18,0
DA:23,17
DA:24,9
DA:25,9
DA:26,9
DA:27,0
DA:29,9
DA:31,9
DA:32,1
DA:34,8
DA:35,1
DA:37,7
DA:38,1
DA:40,6
DA:41,6
DA:42,1
DA:44,5
DA:45,5
DA:46,1
DA:48,4
DA:49,4
DA:50,1
DA:52,3
DA:58,3
DA:59,0
DA:62,3
DA:73,3
DA:75,0
DA:76,0
DA:81,17
DA:82,4
DA:83,4
DA:84,4
DA:85,2
DA:87,2
DA:88,2
DA:90,2
DA:91,1
DA:93,1
DA:94,0
DA:96,1
DA:97,0
DA:99,1
DA:100,1
DA:101,0
DA:103,1
DA:104,1
DA:105,0
DA:107,1
DA:108,1
DA:109,0
DA:111,1
DA:117,1
DA:118,0
DA:121,1
DA:132,1
DA:134,0
DA:135,0
DA:137,0
DA:138,0
DA:140,0
DA:141,0
DA:146,17
DA:147,2
DA:148,2
DA:149,2
DA:150,1
DA:152,1
DA:153,1
DA:154,0
DA:156,1
DA:157,0
DA:159,1
DA:160,0
DA:162,1
DA:163,1
DA:168,17
DA:169,1
DA:170,1
DA:171,1
DA:172,1
DA:174,0
DA:175,0
DA:180,17
DA:181,4
DA:182,4
DA:183,4
DA:184,1
DA:186,3
DA:187,3
DA:188,3
DA:190,0
DA:191,0
DA:192,0
DA:194,0
DA:195,0
DA:197,0
DA:198,0
DA:200,0
DA:201,0
DA:206,17
DA:207,1
DA:208,1
DA:209,1
DA:210,1
DA:212,0
DA:213,0
DA:218,17
DA:219,1
DA:220,1
DA:221,1
DA:222,1
DA:224,0
DA:225,0
DA:230,17
DA:231,1
DA:232,1
DA:233,1
DA:234,1
DA:236,0
DA:237,0
DA:242,17
DA:243,1
DA:244,1
DA:245,1
DA:247,1
DA:248,1
DA:249,1
DA:251,0
DA:252,0
DA:257,17
DA:258,1
DA:259,1
DA:261,1
DA:262,1
DA:263,1
DA:265,0
DA:266,0
DA:271,17
DA:272,1
DA:273,1
DA:274,1
DA:276,0
DA:277,0
DA:278,0
DA:281,0
DA:283,0
DA:293,0
DA:294,0
DA:303,17
DA:304,3
DA:305,3
DA:306,3
DA:307,1
DA:309,2
DA:310,2
DA:312,2
DA:313,1
DA:316,1
DA:318,0
DA:319,0
DA:321,0
DA:322,0
DA:327,17
DA:329,0
DA:332,0
DA:333,0
DA:334,0
DA:335,0
DA:337,0
DA:338,0
DA:342,0
DA:345,0
DA:346,0
DA:349,0
DA:350,0
DA:357,0
DA:358,0
DA:365,0
DA:368,0
DA:369,0
DA:370,0
DA:371,0
DA:372,0
DA:373,0
DA:374,0
DA:375,0
DA:378,0
DA:379,0
DA:380,0
DA:382,0
DA:383,0
DA:385,0
DA:388,0
DA:389,0
DA:390,0
DA:391,0
DA:392,0
DA:394,0
DA:397,0
DA:398,0
DA:399,0
DA:401,0
DA:402,0
DA:404,0
DA:405,0
DA:408,0
DA:409,0
DA:410,0
DA:414,0
DA:415,0
DA:416,0
DA:417,0
DA:420,0
LF:229
LH:126
BRDA:26,0,0,0
BRDA:26,0,1,9
BRDA:31,1,0,1
BRDA:31,1,1,8
BRDA:31,2,0,9
BRDA:31,2,1,8
BRDA:31,2,2,8
BRDA:34,3,0,1
BRDA:34,3,1,7
BRDA:34,4,0,8
BRDA:34,4,1,7
BRDA:34,4,2,7
BRDA:37,5,0,1
BRDA:37,5,1,6
BRDA:37,6,0,7
BRDA:37,6,1,6
BRDA:37,6,2,6
BRDA:41,7,0,1
BRDA:41,7,1,5
BRDA:44,8,0,1
BRDA:44,8,1,4
BRDA:44,9,0,5
BRDA:44,9,1,1
BRDA:45,10,0,1
BRDA:45,10,1,4
BRDA:45,11,0,5
BRDA:45,11,1,1
BRDA:45,11,2,1
BRDA:48,12,0,1
BRDA:48,12,1,3
BRDA:48,13,0,4
BRDA:48,13,1,1
BRDA:49,14,0,1
BRDA:49,14,1,3
BRDA:49,15,0,4
BRDA:49,15,1,1
BRDA:49,15,2,1
BRDA:56,16,0,0
BRDA:56,16,1,3
BRDA:58,17,0,0
BRDA:58,17,1,3
BRDA:68,18,0,0
BRDA:68,18,1,3
BRDA:68,19,0,0
BRDA:68,19,1,0
BRDA:70,20,0,0
BRDA:70,20,1,3
BRDA:70,21,0,0
BRDA:70,21,1,0
BRDA:84,22,0,2
BRDA:84,22,1,2
BRDA:90,23,0,1
BRDA:90,23,1,1
BRDA:90,24,0,2
BRDA:90,24,1,1
BRDA:90,24,2,1
BRDA:93,25,0,0
BRDA:93,25,1,1
BRDA:93,26,0,1
BRDA:93,26,1,1
BRDA:93,26,2,1
BRDA:96,27,0,0
BRDA:96,27,1,1
BRDA:96,28,0,1
BRDA:96,28,1,1
BRDA:96,28,2,1
BRDA:100,29,0,0
BRDA:100,29,1,1
BRDA:103,30,0,0
BRDA:103,30,1,1
BRDA:103,31,0,1
BRDA:103,31,1,0
BRDA:104,32,0,0
BRDA:104,32,1,1
BRDA:104,33,0,1
BRDA:104,33,1,0
BRDA:104,33,2,0
BRDA:107,34,0,0
BRDA:107,34,1,1
BRDA:107,35,0,1
BRDA:107,35,1,0
BRDA:108,36,0,0
BRDA:108,36,1,1
BRDA:108,37,0,1
BRDA:108,37,1,0
BRDA:108,37,2,0
BRDA:115,38,0,0
BRDA:115,38,1,1
BRDA:117,39,0,0
BRDA:117,39,1,1
BRDA:127,40,0,0
BRDA:127,40,1,1
BRDA:127,41,0,0
BRDA:127,41,1,0
BRDA:129,42,0,0
BRDA:129,42,1,1
BRDA:129,43,0,0
BRDA:129,43,1,0
BRDA:134,44,0,0
BRDA:134,44,1,0
BRDA:137,45,0,0
BRDA:137,45,1,0
BRDA:149,46,0,1
BRDA:149,46,1,1
BRDA:156,47,0,0
BRDA:156,47,1,1
BRDA:159,48,0,0
BRDA:159,48,1,1
BRDA:183,49,0,1
BRDA:183,49,1,3
BRDA:187,50,0,3
BRDA:187,50,1,0
BRDA:188,51,0,3
BRDA:188,51,1,0
BRDA:194,52,0,0
BRDA:194,52,1,0
BRDA:197,53,0,0
BRDA:197,53,1,0
BRDA:197,54,0,0
BRDA:197,54,1,0
BRDA:273,55,0,1
BRDA:273,55,1,0
BRDA:277,56,0,0
BRDA:277,56,1,0
BRDA:306,57,0,1
BRDA:306,57,1,2
BRDA:312,58,0,1
BRDA:312,58,1,1
BRDA:318,59,0,0
BRDA:318,59,1,0
BRDA:334,60,0,0
BRDA:334,60,1,0
BRDA:337,61,0,0
BRDA:337,61,1,0
BRDA:346,62,0,0
BRDA:346,62,1,0
BRDA:368,63,0,0
BRDA:368,63,1,0
BRDA:378,64,0,0
BRDA:378,64,1,0
BRDA:379,65,0,0
BRDA:379,65,1,0
BRDA:379,66,0,0
BRDA:379,66,1,0
BRDA:382,67,0,0
BRDA:382,67,1,0
BRDA:398,68,0,0
BRDA:398,68,1,0
BRDA:401,69,0,0
BRDA:401,69,1,0
BRDA:408,70,0,0
BRDA:408,70,1,0
BRF:152
BRH:81
end_of_record
TN:
SF:routes\menu.js
FN:23,registerMenu
FN:24,(anonymous_1)
FN:51,(anonymous_2)
FN:78,(anonymous_3)
FN:115,(anonymous_4)
FN:142,(anonymous_5)
FN:188,(anonymous_6)
FN:228,(anonymous_7)
FN:262,(anonymous_8)
FN:338,(anonymous_9)
FN:393,(anonymous_10)
FN:426,(anonymous_11)
FN:475,(anonymous_12)
FN:503,(anonymous_13)
FN:521,(anonymous_14)
FN:568,(anonymous_15)
FN:569,(anonymous_16)
FN:575,(anonymous_17)
FN:598,(anonymous_18)
FN:622,(anonymous_19)
FN:680,(anonymous_20)
FN:848,(anonymous_21)
FN:849,(anonymous_22)
FN:851,(anonymous_23)
FN:877,(anonymous_24)
FN:877,(anonymous_25)
FN:899,(anonymous_26)
FN:900,(anonymous_27)
FN:914,(anonymous_28)
FN:1013,(anonymous_29)
FN:1038,(anonymous_30)
FN:1069,(anonymous_31)
FN:1150,(anonymous_32)
FN:1288,(anonymous_33)
FN:1294,(anonymous_34)
FN:1500,(anonymous_35)
FN:1501,(anonymous_36)
FN:1503,(anonymous_37)
FN:1506,(anonymous_38)
FN:1568,(anonymous_39)
FN:1580,(anonymous_40)
FN:1597,(anonymous_41)
FN:1622,(anonymous_42)
FN:1649,(anonymous_43)
FN:1685,(anonymous_44)
FN:1736,(anonymous_45)
FN:1788,(anonymous_46)
FN:1812,(anonymous_47)
FN:1824,(anonymous_48)
FN:1842,(anonymous_49)
FN:1867,(anonymous_50)
FN:1890,(anonymous_51)
FN:1902,(anonymous_52)
FN:1913,(anonymous_53)
FN:2005,(anonymous_54)
FN:2027,(anonymous_55)
FN:2064,(anonymous_56)
FN:2158,(anonymous_57)
FN:2169,(anonymous_58)
FN:2255,(anonymous_59)
FN:2336,(anonymous_60)
FN:2417,(anonymous_61)
FN:2435,(anonymous_62)
FN:2454,(anonymous_63)
FN:2469,(anonymous_64)
FN:2506,(anonymous_65)
FN:2533,(anonymous_66)
FN:2574,(anonymous_67)
FN:2596,(anonymous_68)
FN:2614,(anonymous_69)
FN:2660,(anonymous_70)
FN:2747,(anonymous_71)
FNF:72
FNH:36
FNDA:17,registerMenu
FNDA:2,(anonymous_1)
FNDA:1,(anonymous_2)
FNDA:1,(anonymous_3)
FNDA:1,(anonymous_4)
FNDA:5,(anonymous_5)
FNDA:2,(anonymous_6)
FNDA:1,(anonymous_7)
FNDA:13,(anonymous_8)
FNDA:1,(anonymous_9)
FNDA:1,(anonymous_10)
FNDA:3,(anonymous_11)
FNDA:1,(anonymous_12)
FNDA:0,(anonymous_13)
FNDA:1,(anonymous_14)
FNDA:10,(anonymous_15)
FNDA:6,(anonymous_16)
FNDA:10,(anonymous_17)
FNDA:5,(anonymous_18)
FNDA:1,(anonymous_19)
FNDA:0,(anonymous_20)
FNDA:0,(anonymous_21)
FNDA:0,(anonymous_22)
FNDA:0,(anonymous_23)
FNDA:0,(anonymous_24)
FNDA:0,(anonymous_25)
FNDA:0,(anonymous_26)
FNDA:0,(anonymous_27)
FNDA:0,(anonymous_28)
FNDA:0,(anonymous_29)
FNDA:0,(anonymous_30)
FNDA:0,(anonymous_31)
FNDA:0,(anonymous_32)
FNDA:0,(anonymous_33)
FNDA:0,(anonymous_34)
FNDA:0,(anonymous_35)
FNDA:0,(anonymous_36)
FNDA:0,(anonymous_37)
FNDA:0,(anonymous_38)
FNDA:1,(anonymous_39)
FNDA:1,(anonymous_40)
FNDA:2,(anonymous_41)
FNDA:2,(anonymous_42)
FNDA:2,(anonymous_43)
FNDA:3,(anonymous_44)
FNDA:0,(anonymous_45)
FNDA:2,(anonymous_46)
FNDA:1,(anonymous_47)
[...]
DA:709,0
DA:714,17
DA:715,0
DA:716,0
DA:717,0
DA:719,0
DA:720,0
DA:724,0
DA:727,0
DA:730,0
DA:738,0
DA:743,0
DA:744,0
DA:749,17
DA:750,0
DA:751,0
DA:754,0
DA:757,0
DA:760,0
DA:768,0
DA:773,0
DA:774,0
DA:779,17
DA:780,1
DA:781,1
DA:782,1
DA:783,1
DA:784,1
DA:786,1
DA:792,0
DA:793,0
DA:798,17
DA:799,1
DA:800,1
DA:801,1
DA:802,1
DA:803,1
DA:805,1
DA:811,0
DA:812,0
DA:821,17
DA:822,0
DA:823,0
DA:825,0
DA:826,0
DA:830,0
DA:831,0
DA:835,0
DA:836,0
DA:837,0
DA:840,0
DA:841,0
DA:845,0
DA:846,0
DA:849,0
DA:861,0
DA:862,0
DA:880,0
DA:882,0
DA:903,0
DA:904,0
DA:909,17
DA:910,0
DA:912,0
DA:913,0
DA:917,0
DA:918,0
DA:921,0
DA:933,0
DA:934,0
DA:947,0
DA:949,0
DA:964,0
DA:965,0
DA:970,17
DA:971,0
DA:972,0
DA:973,0
DA:974,0
DA:975,0
DA:977,0
DA:983,0
DA:984,0
DA:990,17
DA:991,0
DA:992,0
DA:993,0
DA:995,0
DA:996,0
DA:1000,0
DA:1003,0
DA:1006,0
DA:1014,0
DA:1019,0
DA:1020,0
DA:1029,17
DA:1030,0
DA:1031,0
DA:1032,0
DA:1035,0
DA:1037,0
DA:1038,0
DA:1042,0
DA:1044,0
DA:1049,0
DA:1050,0
DA:1055,17
DA:1056,0
DA:1057,0
DA:1058,0
DA:1061,0
DA:1062,0
DA:1065,0
DA:1066,0
DA:1067,0
DA:1068,0
DA:1069,0
DA:1072,0
DA:1078,0
DA:1079,0
DA:1088,17
DA:1089,0
DA:1090,0
DA:1091,0
DA:1095,0
DA:1096,0
DA:1103,0
DA:1105,0
DA:1106,0
DA:1110,0
DA:1112,0
DA:1114,0
DA:1122,0
DA:1128,0
DA:1129,0
DA:1134,17
DA:1135,0
DA:1136,0
DA:1137,0
DA:1141,0
DA:1142,0
DA:1145,0
DA:1147,0
DA:1148,0
DA:1151,0
DA:1153,0
DA:1154,0
DA:1158,0
DA:1159,0
DA:1167,0
DA:1171,0
DA:1176,0
DA:1179,0
DA:1180,0
DA:1187,0
DA:1192,17
DA:1193,0
DA:1194,0
DA:1195,0
DA:1199,0
DA:1200,0
DA:1204,0
DA:1206,0
DA:1207,0
DA:1211,0
DA:1212,0
DA:1216,0
DA:1225,0
DA:1230,0
DA:1233,0
DA:1234,0
DA:1241,0
DA:1246,17
DA:1247,0
DA:1248,0
DA:1250,0
DA:1252,0
DA:1253,0
DA:1257,0
DA:1262,0
DA:1267,0
DA:1268,0
DA:1273,17
DA:1274,0
DA:1275,0
DA:1277,0
DA:1279,0
DA:1284,0
DA:1285,0
DA:1290,17
DA:1291,0
DA:1292,0
DA:1295,0
DA:1296,0
DA:1299,0
DA:1306,0
DA:1309,0
DA:1311,0
DA:1312,0
DA:1317,17
DA:1318,0
DA:1319,0
DA:1320,0
DA:1322,0
DA:1323,0
DA:1327,0
DA:1328,0
DA:1329,0
DA:1333,0
DA:1334,0
DA:1338,0
DA:1339,0
DA:1340,0
DA:1344,0
DA:1349,0
DA:1351,0
DA:1356,0
DA:1357,0
DA:1362,17
DA:1363,0
DA:1364,0
DA:1365,0
DA:1368,0
DA:1369,0
DA:1370,0
DA:1374,0
DA:1375,0
DA:1379,0
DA:1380,0
DA:1382,0
DA:1383,0
DA:1384,0
DA:1387,0
DA:1389,0
DA:1390,0
DA:1391,0
DA:1393,0
DA:1394,0
DA:1397,0
DA:1398,0
DA:1399,0
DA:1402,0
DA:1404,0
DA:1405,0
DA:1406,0
DA:1407,0
DA:1410,0
DA:1411,0
DA:1414,0
DA:1415,0
DA:1416,0
DA:1419,0
DA:1420,0
DA:1423,0
DA:1424,0
DA:1426,0
DA:1431,0
DA:1433,0
DA:1438,0
DA:1439,0
DA:1444,17
DA:1445,0
DA:1446,0
DA:1449,0
DA:1450,0
DA:1451,0
DA:1455,0
DA:1456,0
DA:1460,0
DA:1465,0
DA:1469,0
DA:1470,0
DA:1479,17
DA:1480,0
DA:1482,0
DA:1483,0
DA:1486,0
DA:1487,0
DA:1491,0
DA:1493,0
DA:1495,0
DA:1496,0
DA:1501,17
DA:1502,0
DA:1504,0
DA:1505,0
DA:1508,0
DA:1509,0
DA:1512,0
DA:1515,0
DA:1516,0
DA:1519,0
DA:1520,0
DA:1524,0
DA:1525,0
DA:1526,0
DA:1530,0
DA:1531,0
DA:1532,0
DA:1536,0
DA:1544,0
DA:1546,0
DA:1551,0
DA:1552,0
DA:1557,17
DA:1558,0
DA:1560,0
DA:1561,0
DA:1564,0
DA:1565,0
DA:1568,0
DA:1569,0
DA:1572,0
DA:1573,0
DA:1574,0
DA:1578,0
DA:1579,0
DA:1583,0
DA:1584,0
DA:1588,0
DA:1589,0
DA:1591,0
DA:1592,0
DA:1593,0
DA:1596,0
DA:1598,0
DA:1599,0
DA:1600,0
DA:1602,0
DA:1603,0
DA:1606,0
DA:1608,0
DA:1609,0
DA:1610,0
DA:1612,0
DA:1613,0
DA:1616,0
DA:1617,0
DA:1618,0
DA:1620,0
DA:1621,0
DA:1622,0
DA:1623,0
DA:1627,0
DA:1635,0
DA:1636,0
DA:1637,0
DA:1640,0
DA:1641,0
DA:1644,0
DA:1645,0
DA:1647,0
DA:1652,0
DA:1654,0
DA:1659,0
DA:1660,0
DA:1665,17
DA:1666,0
DA:1668,0
DA:1669,0
DA:1672,0
DA:1673,0
DA:1676,0
DA:1679,0
DA:1680,0
DA:1681,0
DA:1685,0
DA:1686,0
DA:1690,0
DA:1691,0
DA:1695,0
DA:1696,0
DA:1700,0
DA:1708,0
DA:1710,0
DA:1716,0
DA:1719,0
DA:1723,0
DA:1724,0
DA:1733,17
DA:1734,0
DA:1736,0
DA:1737,0
DA:1741,0
DA:1742,0
DA:1745,0
DA:1748,0
DA:1755,0
DA:1757,0
DA:1777,0
DA:1778,0
DA:1779,0
DA:1782,0
DA:1790,0
DA:1796,0
DA:1797,0
DA:1801,0
DA:1807,0
DA:1820,0
DA:1827,0
DA:1841,0
DA:1842,0
DA:1847,17
DA:1848,0
DA:1850,0
DA:1851,0
DA:1855,0
DA:1856,0
DA:1859,0
DA:1860,0
DA:1863,0
DA:1870,0
DA:1871,0
DA:1878,0
DA:1879,0
DA:1880,0
DA:1881,0
DA:1884,0
DA:1887,0
DA:1892,0
DA:1897,0
DA:1902,0
DA:1903,0
DA:1908,17
DA:1909,0
DA:1911,0
DA:1912,0
DA:1916,0
DA:1917,0
DA:1920,0
DA:1923,0
DA:1931,0
DA:1932,0
DA:1940,0
DA:1945,0
DA:1950,0
DA:1956,0
DA:1969,0
DA:1976,0
DA:1977,0
DA:1982,17
DA:1983,0
DA:1984,0
DA:1985,0
DA:1986,0
DA:1988,0
DA:1989,0
DA:1990,0
DA:1997,0
DA:1998,0
DA:2005,0
DA:2006,0
LF:739
LH:151
BRDA:38,0,0,0
BRDA:38,0,1,1
BRDA:38,1,0,1
BRDA:38,1,1,1
BRDA:43,2,0,0
BRDA:43,2,1,1
BRDA:49,3,0,0
BRDA:49,3,1,1
BRDA:70,4,0,0
BRDA:70,4,1,0
BRDA:103,5,0,0
BRDA:103,5,1,1
BRDA:124,6,0,0
BRDA:124,6,1,0
BRDA:124,7,0,0
BRDA:124,7,1,0
BRDA:124,7,2,0
BRDA:124,7,3,0
BRDA:128,8,0,0
BRDA:128,8,1,0
BRDA:133,9,0,0
BRDA:133,9,1,0
BRDA:139,10,0,0
BRDA:139,10,1,0
BRDA:145,11,0,0
BRDA:145,11,1,0
BRDA:177,12,0,0
BRDA:177,12,1,1
BRDA:203,13,0,0
BRDA:203,13,1,1
BRDA:209,14,0,0
BRDA:209,14,1,1
BRDA:214,15,0,0
BRDA:214,15,1,1
BRDA:230,16,0,1
BRDA:230,16,1,0
BRDA:236,17,0,0
BRDA:236,17,1,1
BRDA:238,18,0,0
BRDA:238,18,1,0
BRDA:258,19,0,1
BRDA:258,19,1,1
BRDA:284,20,0,0
BRDA:284,20,1,0
BRDA:292,21,0,0
BRDA:292,21,1,0
BRDA:297,22,0,0
BRDA:297,22,1,0
BRDA:311,23,0,0
BRDA:311,23,1,0
BRDA:321,24,0,0
BRDA:321,24,1,0
BRDA:323,25,0,0
BRDA:323,25,1,0
BRDA:330,26,0,0
BRDA:330,26,1,0
BRDA:330,26,2,0
BRDA:330,26,3,0
BRDA:335,27,0,0
BRDA:335,27,1,0
BRDA:335,27,2,0
BRDA:335,27,3,0
BRDA:351,28,0,0
BRDA:351,28,1,0
BRDA:354,29,0,0
BRDA:354,29,1,0
BRDA:354,29,2,0
BRDA:354,29,3,0
BRDA:359,30,0,0
BRDA:359,30,1,0
BRDA:359,30,2,0
BRDA:359,30,3,0
BRDA:370,31,0,0
BRDA:370,31,1,0
BRDA:370,31,2,0
BRDA:370,31,3,0
BRDA:373,32,0,0
BRDA:373,32,1,0
BRDA:373,32,2,0
BRDA:373,32,3,0
BRDA:389,33,0,0
BRDA:389,33,1,0
BRDA:389,34,0,0
BRDA:389,34,1,0
BRDA:396,35,0,0
BRDA:396,35,1,0
BRDA:410,36,0,0
BRDA:410,36,1,1
BRDA:416,37,0,0
BRDA:416,37,1,1
BRDA:421,38,0,0
BRDA:421,38,1,1
BRDA:436,39,0,1
BRDA:436,39,1,0
BRDA:448,40,0,1
BRDA:448,40,1,0
BRDA:458,41,0,0
BRDA:458,41,1,1
BRDA:460,42,0,0
BRDA:460,42,1,0
BRDA:463,43,0,0
BRDA:463,43,1,0
BRDA:463,44,0,0
BRDA:463,44,1,0
BRDA:466,45,0,0
BRDA:466,45,1,0
BRDA:466,46,0,0
BRDA:466,46,1,0
BRDA:469,47,0,0
BRDA:469,47,1,0
BRDA:469,48,0,0
BRDA:469,48,1,0
BRDA:494,49,0,0
BRDA:494,49,1,0
BRDA:501,50,0,0
BRDA:501,50,1,0
BRDA:501,51,0,0
BRDA:501,51,1,0
BRDA:506,52,0,0
BRDA:506,52,1,0
BRDA:508,53,0,0
BRDA:508,53,1,0
BRDA:529,54,0,0
BRDA:529,54,1,0
BRDA:529,55,0,0
BRDA:529,55,1,0
BRDA:529,55,2,0
BRDA:540,56,0,0
BRDA:540,56,1,0
BRDA:548,57,0,0
BRDA:548,57,1,0
BRDA:548,58,0,0
BRDA:548,58,1,0
BRDA:563,59,0,0
BRDA:563,59,1,0
BRDA:563,60,0,0
BRDA:563,60,1,0
BRDA:566,61,0,0
BRDA:566,61,1,0
BRDA:566,62,0,0
BRDA:566,62,1,0
BRDA:569,63,0,0
BRDA:569,63,1,0
BRDA:569,64,0,0
BRDA:569,64,1,0
BRDA:573,65,0,0
BRDA:573,65,1,0
BRDA:574,66,0,0
BRDA:574,66,1,0
BRDA:574,67,0,0
BRDA:574,67,1,0
BRDA:591,68,0,0
BRDA:591,68,1,0
BRDA:628,69,0,0
BRDA:628,69,1,0
BRDA:643,70,0,0
BRDA:643,70,1,1
BRDA:675,71,0,0
BRDA:675,71,1,1
BRDA:675,72,0,1
BRDA:675,72,1,0
BRDA:690,73,0,1
BRDA:690,73,1,0
BRDA:695,74,0,0
BRDA:695,74,1,0
BRDA:719,75,0,0
BRDA:719,75,1,0
BRDA:732,76,0,0
BRDA:732,76,1,0
BRDA:733,77,0,0
BRDA:733,77,1,0
BRDA:734,78,0,0
BRDA:734,78,1,0
BRDA:739,79,0,0
BRDA:739,79,1,0
BRDA:744,80,0,0
BRDA:744,80,1,0
BRDA:763,81,0,0
BRDA:763,81,1,0
BRDA:774,82,0,0
BRDA:774,82,1,0
BRDA:782,83,0,1
BRDA:782,83,1,1
BRDA:783,84,0,1
BRDA:783,84,1,1
BRDA:800,85,0,1
BRDA:800,85,1,1
BRDA:801,86,0,1
BRDA:801,86,1,1
BRDA:802,87,0,0
BRDA:802,87,1,1
BRDA:825,88,0,0
BRDA:825,88,1,0
BRDA:830,89,0,0
BRDA:830,89,1,0
BRDA:830,90,0,0
BRDA:830,90,1,0
BRDA:836,91,0,0
BRDA:836,91,1,0
BRDA:840,92,0,0
BRDA:840,92,1,0
BRDA:845,93,0,0
BRDA:845,93,1,0
BRDA:845,93,2,0
BRDA:845,93,3,0
BRDA:846,94,0,0
BRDA:846,94,1,0
BRDA:912,95,0,0
BRDA:912,95,1,0
BRDA:912,96,0,0
BRDA:912,96,1,0
BRDA:917,97,0,0
BRDA:917,97,1,0
BRDA:917,97,2,0
BRDA:917,97,3,0
BRDA:918,98,0,0
BRDA:918,98,1,0
BRDA:972,99,0,0
BRDA:972,99,1,0
BRDA:973,100,0,0
BRDA:973,100,1,0
BRDA:974,101,0,0
BRDA:974,101,1,0
BRDA:995,102,0,0
BRDA:995,102,1,0
BRDA:1008,103,0,0
BRDA:1008,103,1,0
BRDA:1009,104,0,0
BRDA:1009,104,1,0
BRDA:1010,105,0,0
BRDA:1010,105,1,0
BRDA:1015,106,0,0
BRDA:1015,106,1,0
BRDA:1020,107,0,0
BRDA:1020,107,1,0
BRDA:1031,108,0,0
BRDA:1031,108,1,0
BRDA:1031,109,0,0
BRDA:1031,109,1,0
BRDA:1037,110,0,0
BRDA:1037,110,1,0
BRDA:1057,111,0,0
BRDA:1057,111,1,0
BRDA:1057,112,0,0
BRDA:1057,112,1,0
BRDA:1065,113,0,0
BRDA:1065,113,1,0
BRDA:1074,114,0,0
BRDA:1074,114,1,0
BRDA:1075,115,0,0
BRDA:1075,115,1,0
BRDA:1090,116,0,0
BRDA:1090,116,1,0
BRDA:1090,117,0,0
BRDA:1090,117,1,0
BRDA:1095,118,0,0
BRDA:1095,118,1,0
BRDA:1105,119,0,0
BRDA:1105,119,1,0
BRDA:1112,120,0,0
BRDA:1112,120,1,0
BRDA:1124,121,0,0
BRDA:1124,121,1,0
BRDA:1136,122,0,0
BRDA:1136,122,1,0
BRDA:1136,123,0,0
BRDA:1136,123,1,0
BRDA:1141,124,0,0
BRDA:1141,124,1,0
BRDA:1147,125,0,0
BRDA:1147,125,1,0
BRDA:1147,126,0,0
BRDA:1147,126,1,0
BRDA:1153,127,0,0
BRDA:1153,127,1,0
BRDA:1158,128,0,0
BRDA:1158,128,1,0
BRDA:1179,129,0,0
BRDA:1179,129,1,0
BRDA:1179,130,0,0
BRDA:1179,130,1,0
BRDA:1194,131,0,0
BRDA:1194,131,1,0
BRDA:1194,132,0,0
BRDA:1194,132,1,0
BRDA:1199,133,0,0
BRDA:1199,133,1,0
BRDA:1206,134,0,0
BRDA:1206,134,1,0
BRDA:1211,135,0,0
BRDA:1211,135,1,0
BRDA:1219,136,0,0
BRDA:1219,136,1,0
BRDA:1233,137,0,0
BRDA:1233,137,1,0
BRDA:1233,138,0,0
BRDA:1233,138,1,0
BRDA:1252,139,0,0
BRDA:1252,139,1,0
BRDA:1285,140,0,0
BRDA:1285,140,1,0
BRDA:1295,141,0,0
BRDA:1295,141,1,0
BRDA:1322,142,0,0
BRDA:1322,142,1,0
BRDA:1328,143,0,0
BRDA:1328,143,1,0
BRDA:1333,144,0,0
BRDA:1333,144,1,0
BRDA:1339,145,0,0
BRDA:1339,145,1,0
BRDA:1369,146,0,0
BRDA:1369,146,1,0
BRDA:1374,147,0,0
BRDA:1374,147,1,0
BRDA:1374,148,0,0
BRDA:1374,148,1,0
BRDA:1374,148,2,0
BRDA:1382,149,0,0
BRDA:1382,149,1,0
BRDA:1387,150,0,0
BRDA:1387,150,1,0
BRDA:1390,151,0,0
BRDA:1390,151,1,0
BRDA:1390,152,0,0
BRDA:1390,152,1,0
BRDA:1397,153,0,0
BRDA:1397,153,1,0
BRDA:1397,154,0,0
BRDA:1397,154,1,0
BRDA:1402,155,0,0
BRDA:1402,155,1,0
BRDA:1402,156,0,0
BRDA:1402,156,1,0
BRDA:1404,157,0,0
BRDA:1404,157,1,0
BRDA:1406,158,0,0
BRDA:1406,158,1,0
BRDA:1411,159,0,0
BRDA:1411,159,1,0
BRDA:1414,160,0,0
BRDA:1414,160,1,0
BRDA:1416,161,0,0
BRDA:1416,161,1,0
BRDA:1419,162,0,0
BRDA:1419,162,1,0
BRDA:1450,163,0,0
BRDA:1450,163,1,0
BRDA:1455,164,0,0
BRDA:1455,164,1,0
BRDA:1482,165,0,0
BRDA:1482,165,1,0
BRDA:1486,166,0,0
BRDA:1486,166,1,0
BRDA:1504,167,0,0
BRDA:1504,167,1,0
BRDA:1508,168,0,0
BRDA:1508,168,1,0
BRDA:1515,169,0,0
BRDA:1515,169,1,0
BRDA:1515,170,0,0
BRDA:1515,170,1,0
BRDA:1515,170,2,0
BRDA:1515,170,3,0
BRDA:1519,171,0,0
BRDA:1519,171,1,0
BRDA:1525,172,0,0
BRDA:1525,172,1,0
BRDA:1531,173,0,0
BRDA:1531,173,1,0
BRDA:1560,174,0,0
BRDA:1560,174,1,0
BRDA:1564,175,0,0
BRDA:1564,175,1,0
BRDA:1573,176,0,0
BRDA:1573,176,1,0
BRDA:1578,177,0,0
BRDA:1578,177,1,0
BRDA:1583,178,0,0
BRDA:1583,178,1,0
BRDA:1591,179,0,0
BRDA:1591,179,1,0
BRDA:1596,180,0,0
BRDA:1596,180,1,0
BRDA:1599,181,0,0
BRDA:1599,181,1,0
BRDA:1599,182,0,0
BRDA:1599,182,1,0
BRDA:1606,183,0,0
BRDA:1606,183,1,0
BRDA:1609,184,0,0
BRDA:1609,184,1,0
BRDA:1616,185,0,0
BRDA:1616,185,1,0
BRDA:1616,186,0,0
BRDA:1616,186,1,0
BRDA:1617,187,0,0
BRDA:1617,187,1,0
BRDA:1635,188,0,0
BRDA:1635,188,1,0
BRDA:1635,189,0,0
BRDA:1635,189,1,0
BRDA:1637,190,0,0
BRDA:1637,190,1,0
BRDA:1640,191,0,0
BRDA:1640,191,1,0
BRDA:1668,192,0,0
BRDA:1668,192,1,0
BRDA:1672,193,0,0
BRDA:1672,193,1,0
BRDA:1680,194,0,0
BRDA:1680,194,1,0
BRDA:1685,195,0,0
BRDA:1685,195,1,0
BRDA:1690,196,0,0
BRDA:1690,196,1,0
BRDA:1695,197,0,0
BRDA:1695,197,1,0
BRDA:1708,198,0,0
BRDA:1708,198,1,0
BRDA:1736,199,0,0
BRDA:1736,199,1,0
BRDA:1741,200,0,0
BRDA:1741,200,1,0
BRDA:1741,201,0,0
BRDA:1741,201,1,0
BRDA:1755,202,0,0
BRDA:1755,202,1,0
BRDA:1796,203,0,0
BRDA:1796,203,1,0
BRDA:1823,204,0,0
BRDA:1823,204,1,0
BRDA:1850,205,0,0
BRDA:1850,205,1,0
BRDA:1855,206,0,0
BRDA:1855,206,1,0
BRDA:1855,207,0,0
BRDA:1855,207,1,0
BRDA:1860,208,0,0
BRDA:1870,209,0,0
BRDA:1870,209,1,0
BRDA:1911,210,0,0
BRDA:1911,210,1,0
BRDA:1916,211,0,0
BRDA:1916,211,1,0
BRDA:1916,212,0,0
BRDA:1916,212,1,0
BRDA:1931,213,0,0
BRDA:1931,213,1,0
BRDA:1973,214,0,0
BRDA:1973,214,1,0
BRDA:1988,215,0,0
BRDA:1988,215,1,0
BRF:453
BRH:33
end_of_record
TN:
SF:services\auditService.js
FN:21,logAuditEvent
FN:43,getCafeAuditLog
FN:70,getAllAuditLogs
FN:103,getAuditLogStats
FNF:4
FNH:4
FNDA:4,logAuditEvent
FNDA:4,getCafeAuditLog
FNDA:4,getAllAuditLogs
FNDA:3,getAuditLogStats
DA:1,20
DA:10,20
DA:22,4
DA:23,4
DA:24,1
DA:27,3
DA:32,2
DA:34,2
DA:36,2
DA:44,4
DA:45,4
DA:46,4
DA:47,4
DA:61,3
DA:63,1
DA:71,4
DA:72,4
DA:82,4
DA:84,4
DA:85,1
DA:86,1
DA:89,4
DA:90,4
DA:91,4
DA:93,4
DA:94,3
DA:96,1
DA:104,3
DA:105,3
DA:112,3
DA:114,3
DA:115,1
DA:116,1
DA:119,3
DA:121,3
DA:122,2
DA:124,1
DA:128,20
LF:38
LH:38
BRDA:21,0,0,2
BRDA:23,1,0,1
BRDA:23,1,1,3
BRDA:43,2,0,2
BRDA:43,3,0,2
BRDA:45,4,0,4
BRDA:45,4,1,0
BRDA:46,5,0,4
BRDA:46,5,1,3
BRDA:70,6,0,1
BRDA:70,7,0,1
BRDA:70,8,0,2
BRDA:84,9,0,1
BRDA:84,9,1,3
BRDA:89,10,0,4
BRDA:89,10,1,0
BRDA:90,11,0,4
BRDA:90,11,1,3
BRDA:103,12,0,2
BRDA:114,13,0,1
BRDA:114,13,1,2
BRF:21
BRH:19
end_of_record
TN:
SF:services\featureService.js
FN:18,resolveCafeFeatures
FN:34,(anonymous_1)
FN:73,cafeHasFeature
FN:88,getFeatureResolutionDetails
FN:110,(anonymous_4)
FN:137,toggleCafeFeature
FN:157,removeFeatureOverride
FNF:7
FNH:7
FNDA:49,resolveCafeFeatures
FNDA:1,(anonymous_1)
FNDA:39,cafeHasFeature
FNDA:3,getFeatureResolutionDetails
FNDA:11,(anonymous_4)
FNDA:2,toggleCafeFeature
FNDA:2,removeFeatureOverride
DA:1,20
DA:2,20
DA:19,49
DA:21,49
DA:22,47
DA:23,1
DA:27,46
DA:28,46
DA:31,46
DA:32,1
DA:33,1
DA:34,1
DA:35,1
DA:37,1
DA:41,45
DA:44,45
DA:47,45
DA:49,45
DA:51,379
DA:53,2
DA:56,377
DA:57,374
DA:59,3
DA:64,45
DA:66,3
DA:74,39
DA:75,39
DA:76,38
DA:78,38
DA:80,1
DA:81,1
DA:89,3
DA:90,3
DA:91,3
DA:92,1
DA:96,2
DA:97,2
DA:99,2
DA:100,2
DA:101,2
DA:103,2
DA:110,11
DA:128,2
DA:130,1
DA:138,2
DA:140,2
DA:141,2
DA:142,1
DA:146,1
DA:148,1
DA:150,1
DA:158,2
DA:159,2
DA:160,1
DA:162,1
DA:166,20
LF:56
LH:56
BRDA:22,0,0,1
BRDA:22,0,1,46
BRDA:27,1,0,46
BRDA:27,1,1,0
BRDA:28,2,0,46
BRDA:28,2,1,0
BRDA:31,3,0,1
BRDA:31,3,1,45
BRDA:51,4,0,2
BRDA:51,4,1,377
BRDA:56,5,0,374
BRDA:56,5,1,3
BRDA:91,6,0,1
BRDA:91,6,1,2
BRDA:96,7,0,2
BRDA:96,7,1,0
BRDA:97,8,0,2
BRDA:97,8,1,0
BRDA:118,9,0,0
BRDA:118,9,1,11
BRDA:122,10,0,11
BRDA:122,10,1,0
BRDA:123,11,0,0
BRDA:123,11,1,11
BRDA:141,12,0,1
BRDA:141,12,1,1
BRF:26
BRH:19
end_of_record
TN:
SF:services\impersonationService.js
FN:18,logImpersonationEvent
FN:54,getImpersonationAuditLog
FNF:2
FNH:2
FNDA:4,logImpersonationEvent
FNDA:4,getImpersonationAuditLog
DA:1,18
DA:10,18
DA:19,4
DA:20,4
DA:21,1
DA:25,3
DA:32,3
DA:33,1
DA:34,1
DA:37,2
DA:43,1
DA:45,2
DA:47,2
DA:55,4
DA:57,4
DA:64,4
DA:65,1
DA:68,3
DA:78,3
DA:80,3
DA:81,2
DA:82,2
DA:85,3
DA:86,3
DA:87,3
DA:89,3
DA:90,2
DA:92,1
DA:93,1
DA:97,18
LF:30
LH:30
BRDA:18,0,0,3
BRDA:18,1,0,3
BRDA:20,2,0,1
BRDA:20,2,1,3
BRDA:32,3,0,1
BRDA:32,3,1,2
BRDA:54,4,0,2
BRDA:54,5,0,2
BRDA:54,6,0,2
BRDA:64,7,0,1
BRDA:64,7,1,3
BRDA:80,8,0,2
BRDA:80,8,1,1
BRDA:85,9,0,3
BRDA:85,9,1,0
BRDA:86,10,0,3
BRDA:86,10,1,2
BRF:17
BRH:16
end_of_record
TN:
SF:services\pdfService.js
FN:16,resolveLogoPath
FN:36,generatePDF
FN:68,(anonymous_2)
FN:83,(anonymous_3)
FN:93,(anonymous_4)
FN:94,(anonymous_5)
FN:161,(anonymous_6)
FNF:7
FNH:7
FNDA:4,resolveLogoPath
FNDA:2,generatePDF
FNDA:7,(anonymous_2)
FNDA:2,(anonymous_3)
FNDA:130,(anonymous_4)
FNDA:2,(anonymous_5)
FNDA:1,(anonymous_6)
DA:1,18
DA:2,18
DA:3,18
DA:4,18
DA:5,18
DA:7,18
DA:8,18
DA:17,4
DA:18,0
DA:19,0
DA:20,0
DA:21,0
DA:22,0
DA:23,0
DA:24,0
DA:25,0
DA:26,0
DA:27,0
DA:28,0
DA:37,2
DA:38,2
DA:39,2
DA:40,2
DA:42,2
DA:43,2
DA:44,2
DA:45,2
DA:49,0
DA:52,2
DA:56,2
DA:57,2
DA:58,2
DA:59,2
DA:60,2
DA:61,0
DA:65,0
DA:68,2
DA:69,7
DA:70,7
DA:71,7
DA:72,7
DA:73,0
DA:74,0
DA:75,0
DA:76,0
DA:77,0
DA:78,0
DA:80,7
DA:83,2
DA:84,2
DA:90,2
DA:91,2
DA:93,130
DA:94,2
DA:95,2
DA:96,2
DA:99,2
DA:100,2
DA:101,2
DA:102,2
DA:104,2
DA:106,2
DA:107,2
DA:108,2
DA:109,0
DA:111,2
DA:114,2
DA:115,0
DA:117,2
DA:118,2
DA:119,2
DA:120,2
DA:123,2
DA:124,2
DA:126,2
DA:128,2
DA:130,2
DA:131,2
DA:133,2
DA:134,0
DA:135,0
DA:136,0
DA:137,0
DA:139,2
DA:140,2
DA:143,2
DA:144,2
DA:145,2
DA:147,2
DA:148,0
DA:151,2
DA:153,2
DA:154,2
DA:155,2
DA:156,2
DA:157,2
DA:158,2
DA:160,2
DA:161,2
DA:162,1
DA:163,0
DA:164,0
DA:166,1
DA:167,1
DA:168,1
DA:169,1
DA:170,1
DA:171,1
DA:172,1
DA:173,1
DA:176,2
DA:177,2
DA:178,0
DA:179,0
DA:182,2
DA:183,2
DA:184,2
DA:185,2
DA:187,2
DA:188,1
DA:189,1
DA:190,1
DA:193,2
DA:194,0
DA:195,0
DA:196,0
DA:199,2
DA:200,2
DA:201,2
DA:202,2
DA:204,2
DA:205,2
DA:206,0
DA:207,0
DA:210,2
DA:211,2
DA:212,2
DA:218,2
DA:220,2
DA:221,2
DA:223,2
DA:224,2
DA:225,2
DA:226,0
DA:228,2
DA:231,2
DA:234,2
DA:236,2
DA:240,18
LF:149
LH:112
BRDA:17,0,0,4
BRDA:17,0,1,0
BRDA:17,1,0,4
BRDA:17,1,1,0
BRDA:19,2,0,0
BRDA:19,2,1,0
BRDA:20,3,0,0
BRDA:20,3,1,0
BRDA:21,4,0,0
BRDA:21,4,1,0
BRDA:22,5,0,0
BRDA:22,5,1,0
BRDA:24,6,0,0
BRDA:24,6,1,0
BRDA:27,7,0,0
BRDA:27,7,1,0
BRDA:27,8,0,0
BRDA:27,8,1,0
BRDA:38,9,0,2
BRDA:38,9,1,1
BRDA:42,10,0,2
BRDA:42,10,1,0
BRDA:42,11,0,2
BRDA:42,11,1,2
BRDA:44,12,0,2
BRDA:44,12,1,0
BRDA:44,13,0,2
BRDA:44,13,1,2
BRDA:58,14,0,2
BRDA:58,14,1,0
BRDA:60,15,0,0
BRDA:60,15,1,2
BRDA:69,16,0,7
BRDA:69,16,1,3
BRDA:71,17,0,7
BRDA:71,17,1,0
BRDA:73,18,0,0
BRDA:73,18,1,0
BRDA:75,19,0,0
BRDA:75,19,1,0
BRDA:77,20,0,0
BRDA:77,20,1,0
BRDA:108,21,0,0
BRDA:108,21,1,2
BRDA:114,22,0,0
BRDA:114,22,1,2
BRDA:117,23,0,2
BRDA:117,23,1,0
BRDA:123,24,0,2
BRDA:123,24,1,0
BRDA:131,25,0,2
BRDA:131,25,1,0
BRDA:131,25,2,0
BRDA:133,26,0,0
BRDA:133,26,1,2
BRDA:143,27,0,0
BRDA:143,27,1,2
BRDA:145,28,0,2
BRDA:145,28,1,2
BRDA:145,28,2,2
BRDA:147,29,0,0
BRDA:147,29,1,2
BRDA:147,30,0,2
BRDA:147,30,1,2
BRDA:148,31,0,0
BRDA:148,31,1,0
BRDA:151,32,0,0
BRDA:151,32,1,2
BRDA:161,33,0,2
BRDA:161,33,1,0
BRDA:162,34,0,0
BRDA:162,34,1,1
BRDA:166,35,0,1
BRDA:166,35,1,0
BRDA:169,36,0,1
BRDA:169,36,1,0
BRDA:169,36,2,0
BRDA:177,37,0,0
BRDA:177,37,1,2
BRDA:187,38,0,1
BRDA:187,38,1,1
BRDA:187,39,0,2
BRDA:187,39,1,1
BRDA:193,40,0,0
BRDA:193,40,1,2
BRDA:193,41,0,2
BRDA:193,41,1,2
BRDA:205,42,0,0
BRDA:205,42,1,2
BRDA:211,43,0,2
BRDA:211,43,1,2
BRDA:218,44,0,2
BRDA:218,44,1,0
BRDA:225,45,0,0
BRDA:225,45,1,2
BRF:95
BRH:46
end_of_record
TN:
SF:services\subscriptionService.js
FN:68,getAllModules
FN:75,getAllPlans
FN:82,getAllStatuses
FN:89,getPlanFeatures
FN:96,planHasModule
FN:104,getCafeSubscription
FN:148,cafeHasModuleAccess
FN:161,updateCafeSubscription
FN:234,toggleCafeModule
FNF:9
FNH:8
FNDA:2,getAllModules
FNDA:5,getAllPlans
FNDA:3,getAllStatuses
FNDA:7,getPlanFeatures
FNDA:2,planHasModule
FNDA:68,getCafeSubscription
FNDA:2,cafeHasModuleAccess
FNDA:5,updateCafeSubscription
FNDA:0,toggleCafeModule
DA:1,19
DA:2,19
DA:3,19
DA:13,19
DA:19,19
DA:26,19
DA:41,19
DA:69,2
DA:76,5
DA:83,3
DA:90,7
DA:97,2
DA:98,2
DA:105,68
DA:106,68
DA:107,67
DA:108,1
DA:115,66
DA:116,66
DA:117,1
DA:118,1
DA:119,1
DA:121,0
DA:123,0
DA:124,0
DA:129,66
DA:131,66
DA:137,1
DA:149,2
DA:151,2
DA:153,1
DA:154,1
DA:162,5
DA:163,5
DA:166,5
DA:167,5
DA:168,1
DA:171,4
DA:173,4
DA:175,2
DA:177,2
DA:178,1
DA:182,1
DA:183,0
DA:192,1
DA:195,3
DA:196,2
DA:197,1
DA:201,1
DA:202,0
DA:206,0
DA:215,1
DA:218,2
DA:219,1
DA:222,1
DA:224,1
DA:226,4
DA:235,0
DA:237,0
DA:239,0
DA:242,0
DA:250,0
DA:252,0
DA:256,19
LF:64
LH:52
BRDA:90,0,0,7
BRDA:90,0,1,1
BRDA:107,1,0,1
BRDA:107,1,1,66
BRDA:116,2,0,1
BRDA:116,2,1,65
BRDA:117,3,0,1
BRDA:117,3,1,0
BRDA:123,4,0,0
BRDA:123,4,1,0
BRDA:129,5,0,66
BRDA:129,5,1,0
BRDA:133,6,0,66
BRDA:133,6,1,0
BRDA:161,7,0,4
BRDA:167,8,0,1
BRDA:167,8,1,4
BRDA:173,9,0,2
BRDA:173,9,1,2
BRDA:173,10,0,4
BRDA:173,10,1,2
BRDA:177,11,0,1
BRDA:177,11,1,1
BRDA:182,12,0,0
BRDA:182,12,1,1
BRDA:186,13,0,0
BRDA:186,13,1,0
BRDA:195,14,0,2
BRDA:195,14,1,1
BRDA:196,15,0,1
BRDA:196,15,1,1
BRDA:201,16,0,0
BRDA:201,16,1,1
BRDA:202,17,0,0
BRDA:202,17,1,0
BRDA:209,18,0,0
BRDA:209,18,1,0
BRDA:218,19,0,1
BRDA:218,19,1,1
BRDA:244,20,0,0
BRDA:244,20,1,0
BRDA:245,21,0,0
BRDA:245,21,1,0
BRDA:246,22,0,0
BRDA:246,22,1,0
BRF:45
BRH:26
end_of_record
